
*** Running vivado
    with args -log RV32i_MCU.vds -m64 -product Vivado -mode batch -messageDb vivado.pb -notrace -source RV32i_MCU.tcl



****** Vivado v2020.2 (64-bit)
  **** SW Build 3064766 on Wed Nov 18 09:12:45 MST 2020
  **** IP Build 3064653 on Wed Nov 18 14:17:31 MST 2020
    ** Copyright 1986-2020 Xilinx, Inc. All Rights Reserved.

source RV32i_MCU.tcl -notrace
Command: synth_design -top RV32i_MCU -part xc7a35tcpg236-1
Starting synth_design
Attempting to get a license for feature 'Synthesis' and/or device 'xc7a35t'
INFO: [Common 17-349] Got license for feature 'Synthesis' and/or device 'xc7a35t'
INFO: [Device 21-403] Loading part xc7a35tcpg236-1
INFO: [Synth 8-7079] Multithreading enabled for synth_design using a maximum of 2 processes.
INFO: [Synth 8-7078] Launching helper process for spawning children vivado processes
INFO: [Synth 8-7075] Helper process launched with PID 15700
---------------------------------------------------------------------------------
Starting RTL Elaboration : Time (s): cpu = 00:00:02 ; elapsed = 00:00:03 . Memory (MB): peak = 1103.355 ; gain = 0.000
---------------------------------------------------------------------------------
INFO: [Synth 8-6157] synthesizing module 'RV32i_MCU' [D:/project/Verilog/RISC_V_RV32i_20231025 -GPI/RISC_V_RV32i_20231019.srcs/sources_1/new/RV32i_MCU.v:2]
INFO: [Synth 8-6157] synthesizing module 'RV32I' [D:/project/Verilog/RISC_V_RV32i_20231025 -GPI/RISC_V_RV32i_20231019.srcs/sources_1/new/RV32I.v:3]
INFO: [Synth 8-6157] synthesizing module 'ControlUnit' [D:/project/Verilog/RISC_V_RV32i_20231025 -GPI/RISC_V_RV32i_20231019.srcs/sources_1/new/ControlUnit.v:4]
INFO: [Synth 8-6155] done synthesizing module 'ControlUnit' (1#1) [D:/project/Verilog/RISC_V_RV32i_20231025 -GPI/RISC_V_RV32i_20231019.srcs/sources_1/new/ControlUnit.v:4]
INFO: [Synth 8-6157] synthesizing module 'DataPath' [D:/project/Verilog/RISC_V_RV32i_20231025 -GPI/RISC_V_RV32i_20231019.srcs/sources_1/new/DataPath.v:4]
INFO: [Synth 8-6157] synthesizing module 'mux_2x1' [D:/project/Verilog/RISC_V_RV32i_20231025 -GPI/RISC_V_RV32i_20231019.srcs/sources_1/new/DataPath.v:257]
INFO: [Synth 8-6155] done synthesizing module 'mux_2x1' (2#1) [D:/project/Verilog/RISC_V_RV32i_20231025 -GPI/RISC_V_RV32i_20231019.srcs/sources_1/new/DataPath.v:257]
INFO: [Synth 8-6157] synthesizing module 'register' [D:/project/Verilog/RISC_V_RV32i_20231025 -GPI/RISC_V_RV32i_20231019.srcs/sources_1/new/DataPath.v:181]
INFO: [Synth 8-6155] done synthesizing module 'register' (3#1) [D:/project/Verilog/RISC_V_RV32i_20231025 -GPI/RISC_V_RV32i_20231019.srcs/sources_1/new/DataPath.v:181]
INFO: [Synth 8-6157] synthesizing module 'Adder' [D:/project/Verilog/RISC_V_RV32i_20231025 -GPI/RISC_V_RV32i_20231019.srcs/sources_1/new/DataPath.v:172]
INFO: [Synth 8-6155] done synthesizing module 'Adder' (4#1) [D:/project/Verilog/RISC_V_RV32i_20231025 -GPI/RISC_V_RV32i_20231019.srcs/sources_1/new/DataPath.v:172]
INFO: [Synth 8-6157] synthesizing module 'ROM' [D:/project/Verilog/RISC_V_RV32i_20231025 -GPI/RISC_V_RV32i_20231019.srcs/sources_1/new/DataPath.v:200]
INFO: [Synth 8-3876] $readmem data file 'code.mem' is read successfully [D:/project/Verilog/RISC_V_RV32i_20231025 -GPI/RISC_V_RV32i_20231019.srcs/sources_1/new/DataPath.v:207]
INFO: [Synth 8-6155] done synthesizing module 'ROM' (5#1) [D:/project/Verilog/RISC_V_RV32i_20231025 -GPI/RISC_V_RV32i_20231019.srcs/sources_1/new/DataPath.v:200]
INFO: [Synth 8-6157] synthesizing module 'RegFile' [D:/project/Verilog/RISC_V_RV32i_20231025 -GPI/RISC_V_RV32i_20231019.srcs/sources_1/new/DataPath.v:141]
INFO: [Synth 8-6155] done synthesizing module 'RegFile' (6#1) [D:/project/Verilog/RISC_V_RV32i_20231025 -GPI/RISC_V_RV32i_20231019.srcs/sources_1/new/DataPath.v:141]
INFO: [Synth 8-6157] synthesizing module 'ALU' [D:/project/Verilog/RISC_V_RV32i_20231025 -GPI/RISC_V_RV32i_20231019.srcs/sources_1/new/DataPath.v:214]
	Parameter ADD bound to: 0 - type: integer 
	Parameter SUB bound to: 1 - type: integer 
INFO: [Synth 8-6155] done synthesizing module 'ALU' (7#1) [D:/project/Verilog/RISC_V_RV32i_20231025 -GPI/RISC_V_RV32i_20231019.srcs/sources_1/new/DataPath.v:214]
INFO: [Synth 8-6157] synthesizing module 'ImeGen' [D:/project/Verilog/RISC_V_RV32i_20231025 -GPI/RISC_V_RV32i_20231019.srcs/sources_1/new/DataPath.v:272]
INFO: [Synth 8-6155] done synthesizing module 'ImeGen' (8#1) [D:/project/Verilog/RISC_V_RV32i_20231025 -GPI/RISC_V_RV32i_20231019.srcs/sources_1/new/DataPath.v:272]
INFO: [Synth 8-6157] synthesizing module 'shifter' [D:/project/Verilog/RISC_V_RV32i_20231025 -GPI/RISC_V_RV32i_20231019.srcs/sources_1/new/DataPath.v:296]
INFO: [Synth 8-6155] done synthesizing module 'shifter' (9#1) [D:/project/Verilog/RISC_V_RV32i_20231025 -GPI/RISC_V_RV32i_20231019.srcs/sources_1/new/DataPath.v:296]
INFO: [Synth 8-6155] done synthesizing module 'DataPath' (10#1) [D:/project/Verilog/RISC_V_RV32i_20231025 -GPI/RISC_V_RV32i_20231019.srcs/sources_1/new/DataPath.v:4]
INFO: [Synth 8-6155] done synthesizing module 'RV32I' (11#1) [D:/project/Verilog/RISC_V_RV32i_20231025 -GPI/RISC_V_RV32i_20231019.srcs/sources_1/new/RV32I.v:3]
INFO: [Synth 8-6157] synthesizing module 'Decoder_bus' [D:/project/Verilog/RISC_V_RV32i_20231025 -GPI/RISC_V_RV32i_20231019.srcs/sources_1/new/RV32i_MCU.v:126]
INFO: [Synth 8-6155] done synthesizing module 'Decoder_bus' (12#1) [D:/project/Verilog/RISC_V_RV32i_20231025 -GPI/RISC_V_RV32i_20231019.srcs/sources_1/new/RV32i_MCU.v:126]
INFO: [Synth 8-6157] synthesizing module 'mux_bus' [D:/project/Verilog/RISC_V_RV32i_20231025 -GPI/RISC_V_RV32i_20231019.srcs/sources_1/new/RV32i_MCU.v:144]
INFO: [Synth 8-6155] done synthesizing module 'mux_bus' (13#1) [D:/project/Verilog/RISC_V_RV32i_20231025 -GPI/RISC_V_RV32i_20231019.srcs/sources_1/new/RV32i_MCU.v:144]
INFO: [Synth 8-6157] synthesizing module 'Ram' [D:/project/Verilog/RISC_V_RV32i_20231025 -GPI/RISC_V_RV32i_20231019.srcs/sources_1/new/Ram.v:4]
INFO: [Synth 8-6155] done synthesizing module 'Ram' (14#1) [D:/project/Verilog/RISC_V_RV32i_20231025 -GPI/RISC_V_RV32i_20231019.srcs/sources_1/new/Ram.v:4]
INFO: [Synth 8-6157] synthesizing module 'GPO' [D:/project/Verilog/RISC_V_RV32i_20231025 -GPI/RISC_V_RV32i_20231019.srcs/sources_1/new/GPO.v:3]
INFO: [Synth 8-6155] done synthesizing module 'GPO' (15#1) [D:/project/Verilog/RISC_V_RV32i_20231025 -GPI/RISC_V_RV32i_20231019.srcs/sources_1/new/GPO.v:3]
INFO: [Synth 8-6157] synthesizing module 'Fnd_controller_Mem' [D:/project/Verilog/RISC_V_RV32i_20231025 -GPI/RISC_V_RV32i_20231019.srcs/sources_1/new/Fnd_controller_Mem.v:23]
INFO: [Synth 8-6157] synthesizing module 'Memory' [D:/project/Verilog/RISC_V_RV32i_20231025 -GPI/RISC_V_RV32i_20231019.srcs/sources_1/new/Memory.v:3]
INFO: [Synth 8-6155] done synthesizing module 'Memory' (16#1) [D:/project/Verilog/RISC_V_RV32i_20231025 -GPI/RISC_V_RV32i_20231019.srcs/sources_1/new/Memory.v:3]
WARNING: [Synth 8-689] width (1) of port connection 'rData' does not match port width (32) of module 'Memory' [D:/project/Verilog/RISC_V_RV32i_20231025 -GPI/RISC_V_RV32i_20231019.srcs/sources_1/new/Fnd_controller_Mem.v:44]
INFO: [Synth 8-6157] synthesizing module 'Fnd_controller' [D:/project/Verilog/RISC_V_RV32i_20231025 -GPI/스탑워치 파일/FNDCONTROLLER/Fnd_controller.v:23]
INFO: [Synth 8-6157] synthesizing module 'ClockDevider' [D:/project/Verilog/RISC_V_RV32i_20231025 -GPI/스탑워치 파일/FNDCONTROLLER/ClockDevider.v:23]
INFO: [Synth 8-6155] done synthesizing module 'ClockDevider' (17#1) [D:/project/Verilog/RISC_V_RV32i_20231025 -GPI/스탑워치 파일/FNDCONTROLLER/ClockDevider.v:23]
INFO: [Synth 8-6157] synthesizing module 'Counter' [D:/project/Verilog/RISC_V_RV32i_20231025 -GPI/스탑워치 파일/FNDCONTROLLER/Counter.v:23]
INFO: [Synth 8-6155] done synthesizing module 'Counter' (18#1) [D:/project/Verilog/RISC_V_RV32i_20231025 -GPI/스탑워치 파일/FNDCONTROLLER/Counter.v:23]
INFO: [Synth 8-6157] synthesizing module 'Decoder2x4' [D:/project/Verilog/RISC_V_RV32i_20231025 -GPI/스탑워치 파일/FNDCONTROLLER/Decoder2x4.v:23]
INFO: [Synth 8-6155] done synthesizing module 'Decoder2x4' (19#1) [D:/project/Verilog/RISC_V_RV32i_20231025 -GPI/스탑워치 파일/FNDCONTROLLER/Decoder2x4.v:23]
INFO: [Synth 8-6157] synthesizing module 'DigitSplitter' [D:/project/Verilog/RISC_V_RV32i_20231025 -GPI/스탑워치 파일/FNDCONTROLLER/DigitSplitter.v:23]
INFO: [Synth 8-6155] done synthesizing module 'DigitSplitter' (20#1) [D:/project/Verilog/RISC_V_RV32i_20231025 -GPI/스탑워치 파일/FNDCONTROLLER/DigitSplitter.v:23]
INFO: [Synth 8-6157] synthesizing module 'Mux4X1' [D:/project/Verilog/RISC_V_RV32i_20231025 -GPI/스탑워치 파일/FNDCONTROLLER/Mux4X1.v:23]
INFO: [Synth 8-6155] done synthesizing module 'Mux4X1' (21#1) [D:/project/Verilog/RISC_V_RV32i_20231025 -GPI/스탑워치 파일/FNDCONTROLLER/Mux4X1.v:23]
INFO: [Synth 8-6157] synthesizing module 'BCDtoFND' [D:/project/Verilog/RISC_V_RV32i_20231025 -GPI/스탑워치 파일/FNDCONTROLLER/BCDtoFND.v:23]
INFO: [Synth 8-6155] done synthesizing module 'BCDtoFND' (22#1) [D:/project/Verilog/RISC_V_RV32i_20231025 -GPI/스탑워치 파일/FNDCONTROLLER/BCDtoFND.v:23]
INFO: [Synth 8-6155] done synthesizing module 'Fnd_controller' (23#1) [D:/project/Verilog/RISC_V_RV32i_20231025 -GPI/스탑워치 파일/FNDCONTROLLER/Fnd_controller.v:23]
INFO: [Synth 8-6155] done synthesizing module 'Fnd_controller_Mem' (24#1) [D:/project/Verilog/RISC_V_RV32i_20231025 -GPI/RISC_V_RV32i_20231019.srcs/sources_1/new/Fnd_controller_Mem.v:23]
INFO: [Synth 8-6157] synthesizing module 'GPI' [D:/project/Verilog/RISC_V_RV32i_20231025 -GPI/RISC_V_RV32i_20231019.srcs/sources_1/new/GPI.v:4]
INFO: [Synth 8-6155] done synthesizing module 'GPI' (25#1) [D:/project/Verilog/RISC_V_RV32i_20231025 -GPI/RISC_V_RV32i_20231019.srcs/sources_1/new/GPI.v:4]
INFO: [Synth 8-6155] done synthesizing module 'RV32i_MCU' (26#1) [D:/project/Verilog/RISC_V_RV32i_20231025 -GPI/RISC_V_RV32i_20231019.srcs/sources_1/new/RV32i_MCU.v:2]
---------------------------------------------------------------------------------
Finished RTL Elaboration : Time (s): cpu = 00:00:02 ; elapsed = 00:00:04 . Memory (MB): peak = 1103.355 ; gain = 0.000
---------------------------------------------------------------------------------
---------------------------------------------------------------------------------
Start Handling Custom Attributes
---------------------------------------------------------------------------------
---------------------------------------------------------------------------------
Finished Handling Custom Attributes : Time (s): cpu = 00:00:02 ; elapsed = 00:00:04 . Memory (MB): peak = 1103.355 ; gain = 0.000
---------------------------------------------------------------------------------
---------------------------------------------------------------------------------
Finished RTL Optimization Phase 1 : Time (s): cpu = 00:00:02 ; elapsed = 00:00:04 . Memory (MB): peak = 1103.355 ; gain = 0.000
---------------------------------------------------------------------------------
Netlist sorting complete. Time (s): cpu = 00:00:00 ; elapsed = 00:00:00.024 . Memory (MB): peak = 1103.355 ; gain = 0.000
INFO: [Project 1-570] Preparing netlist for logic optimization

Processing XDC Constraints
Initializing timing engine
Parsing XDC File [D:/project/Verilog/MY_Basys-3-Master.xdc]
Finished Parsing XDC File [D:/project/Verilog/MY_Basys-3-Master.xdc]
INFO: [Project 1-236] Implementation specific constraints were found while reading constraint file [D:/project/Verilog/MY_Basys-3-Master.xdc]. These constraints will be ignored for synthesis but will be used in implementation. Impacted constraints are listed in the file [.Xil/RV32i_MCU_propImpl.xdc].
Resolution: To avoid this warning, move constraints listed in [.Xil/RV32i_MCU_propImpl.xdc] to another XDC file and exclude this new file from synthesis with the used_in_synthesis property (File Properties dialog in GUI) and re-run elaboration/synthesis.
Completed Processing XDC Constraints

Netlist sorting complete. Time (s): cpu = 00:00:00 ; elapsed = 00:00:00 . Memory (MB): peak = 1180.395 ; gain = 0.000
INFO: [Project 1-111] Unisim Transformation Summary:
No Unisim elements were transformed.

Constraint Validation Runtime : Time (s): cpu = 00:00:00 ; elapsed = 00:00:00.003 . Memory (MB): peak = 1180.395 ; gain = 0.000
---------------------------------------------------------------------------------
Finished Constraint Validation : Time (s): cpu = 00:00:04 ; elapsed = 00:00:08 . Memory (MB): peak = 1180.395 ; gain = 77.039
---------------------------------------------------------------------------------
---------------------------------------------------------------------------------
Start Loading Part and Timing Information
---------------------------------------------------------------------------------
Loading part: xc7a35tcpg236-1
---------------------------------------------------------------------------------
Finished Loading Part and Timing Information : Time (s): cpu = 00:00:04 ; elapsed = 00:00:08 . Memory (MB): peak = 1180.395 ; gain = 77.039
---------------------------------------------------------------------------------
---------------------------------------------------------------------------------
Start Applying 'set_property' XDC Constraints
---------------------------------------------------------------------------------
---------------------------------------------------------------------------------
Finished applying 'set_property' XDC Constraints : Time (s): cpu = 00:00:04 ; elapsed = 00:00:08 . Memory (MB): peak = 1180.395 ; gain = 77.039
---------------------------------------------------------------------------------
---------------------------------------------------------------------------------
Finished RTL Optimization Phase 2 : Time (s): cpu = 00:00:04 ; elapsed = 00:00:09 . Memory (MB): peak = 1180.395 ; gain = 77.039
---------------------------------------------------------------------------------
---------------------------------------------------------------------------------
Start RTL Component Statistics 
---------------------------------------------------------------------------------
Detailed RTL Component Info : 
+---Adders : 
	   2 Input   32 Bit       Adders := 4     
	   3 Input   32 Bit       Adders := 1     
	   2 Input   27 Bit       Adders := 1     
	   2 Input    2 Bit       Adders := 1     
+---XORs : 
	   2 Input     32 Bit         XORs := 1     
+---Registers : 
	               32 Bit    Registers := 15    
	               27 Bit    Registers := 1     
	                4 Bit    Registers := 8     
	                2 Bit    Registers := 1     
	                1 Bit    Registers := 1     
+---RAMs : 
	               8K Bit	(256 X 32 bit)          RAMs := 1     
	             1024 Bit	(32 X 32 bit)          RAMs := 1     
+---Muxes : 
	   2 Input   32 Bit        Muxes := 15    
	   6 Input   32 Bit        Muxes := 1     
	   4 Input   32 Bit        Muxes := 1     
	   2 Input   27 Bit        Muxes := 1     
	   5 Input    7 Bit        Muxes := 1     
	   2 Input    7 Bit        Muxes := 2     
	   8 Input    7 Bit        Muxes := 1     
	   4 Input    4 Bit        Muxes := 2     
	   9 Input    3 Bit        Muxes := 1     
	  10 Input    1 Bit        Muxes := 9     
---------------------------------------------------------------------------------
Finished RTL Component Statistics 
---------------------------------------------------------------------------------
---------------------------------------------------------------------------------
Start Part Resource Summary
---------------------------------------------------------------------------------
Part Resources:
DSPs: 90 (col length:60)
BRAMs: 100 (col length: RAMB18 60 RAMB36 30)
---------------------------------------------------------------------------------
Finished Part Resource Summary
---------------------------------------------------------------------------------
---------------------------------------------------------------------------------
Start Cross Boundary and Area Optimization
---------------------------------------------------------------------------------
---------------------------------------------------------------------------------
Finished Cross Boundary and Area Optimization : Time (s): cpu = 00:00:09 ; elapsed = 00:00:22 . Memory (MB): peak = 1180.395 ; gain = 77.039
---------------------------------------------------------------------------------
---------------------------------------------------------------------------------
Start ROM, RAM, DSP, Shift Register and Retiming Reporting
---------------------------------------------------------------------------------

ROM: Preliminary Mapping	Report
+------------+------------+---------------+----------------+
|Module Name | RTL Object | Depth x Width | Implemented As | 
+------------+------------+---------------+----------------+
|ROM         | p_0_out    | 128x31        | LUT            | 
|ROM         | p_0_out    | 128x31        | LUT            | 
+------------+------------+---------------+----------------+


Distributed RAM: Preliminary Mapping	Report (see note below)
+------------+-----------------------------+-----------+----------------------+-----------------+
|Module Name | RTL Object                  | Inference | Size (Depth x Width) | Primitives      | 
+------------+-----------------------------+-----------+----------------------+-----------------+
|U_RV32I     | U_DP/U_RegFile/regFiles_reg | Implied   | 32 x 32              | RAM32M x 12	    | 
|RV32i_MCU   | U_Ram1/mem_reg              | Implied   | 256 x 32             | RAM256X1S x 32	 | 
+------------+-----------------------------+-----------+----------------------+-----------------+

Note: The table above is a preliminary report that shows the Distributed RAMs at the current stage of the synthesis flow. Some Distributed RAMs may be reimplemented as non Distributed RAM primitives later in the synthesis flow. Multiple instantiated RAMs are reported only once.
---------------------------------------------------------------------------------
Finished ROM, RAM, DSP, Shift Register and Retiming Reporting
---------------------------------------------------------------------------------
---------------------------------------------------------------------------------
Start Applying XDC Timing Constraints
---------------------------------------------------------------------------------
---------------------------------------------------------------------------------
Finished Applying XDC Timing Constraints : Time (s): cpu = 00:00:11 ; elapsed = 00:00:26 . Memory (MB): peak = 1190.504 ; gain = 87.148
---------------------------------------------------------------------------------
---------------------------------------------------------------------------------
Start Timing Optimization
---------------------------------------------------------------------------------
---------------------------------------------------------------------------------
Finished Timing Optimization : Time (s): cpu = 00:00:13 ; elapsed = 00:00:33 . Memory (MB): peak = 1369.914 ; gain = 266.559
---------------------------------------------------------------------------------
---------------------------------------------------------------------------------
Start ROM, RAM, DSP, Shift Register and Retiming Reporting
---------------------------------------------------------------------------------

Distributed RAM: Final Mapping	Report
+------------+-----------------------------+-----------+----------------------+-----------------+
|Module Name | RTL Object                  | Inference | Size (Depth x Width) | Primitives      | 
+------------+-----------------------------+-----------+----------------------+-----------------+
|U_RV32I     | U_DP/U_RegFile/regFiles_reg | Implied   | 32 x 32              | RAM32M x 12	    | 
|RV32i_MCU   | U_Ram1/mem_reg              | Implied   | 256 x 32             | RAM256X1S x 32	 | 
+------------+-----------------------------+-----------+----------------------+-----------------+

---------------------------------------------------------------------------------
Finished ROM, RAM, DSP, Shift Register and Retiming Reporting
---------------------------------------------------------------------------------
---------------------------------------------------------------------------------
Start Technology Mapping
---------------------------------------------------------------------------------
---------------------------------------------------------------------------------
Finished Technology Mapping : Time (s): cpu = 00:00:14 ; elapsed = 00:00:34 . Memory (MB): peak = 1369.914 ; gain = 266.559
---------------------------------------------------------------------------------
---------------------------------------------------------------------------------
Start IO Insertion
---------------------------------------------------------------------------------
---------------------------------------------------------------------------------
Start Flattening Before IO Insertion
---------------------------------------------------------------------------------
---------------------------------------------------------------------------------
Finished Flattening Before IO Insertion
---------------------------------------------------------------------------------
---------------------------------------------------------------------------------
Start Final Netlist Cleanup
---------------------------------------------------------------------------------
---------------------------------------------------------------------------------
Finished Final Netlist Cleanup
---------------------------------------------------------------------------------
---------------------------------------------------------------------------------
Finished IO Insertion : Time (s): cpu = 00:00:15 ; elapsed = 00:00:36 . Memory (MB): peak = 1369.914 ; gain = 266.559
---------------------------------------------------------------------------------
---------------------------------------------------------------------------------
Start Renaming Generated Instances
---------------------------------------------------------------------------------
---------------------------------------------------------------------------------
Finished Renaming Generated Instances : Time (s): cpu = 00:00:15 ; elapsed = 00:00:36 . Memory (MB): peak = 1369.914 ; gain = 266.559
---------------------------------------------------------------------------------
---------------------------------------------------------------------------------
Start Rebuilding User Hierarchy
---------------------------------------------------------------------------------
---------------------------------------------------------------------------------
Finished Rebuilding User Hierarchy : Time (s): cpu = 00:00:15 ; elapsed = 00:00:36 . Memory (MB): peak = 1369.914 ; gain = 266.559
---------------------------------------------------------------------------------
---------------------------------------------------------------------------------
Start Renaming Generated Ports
---------------------------------------------------------------------------------
---------------------------------------------------------------------------------
Finished Renaming Generated Ports : Time (s): cpu = 00:00:15 ; elapsed = 00:00:36 . Memory (MB): peak = 1369.914 ; gain = 266.559
---------------------------------------------------------------------------------
---------------------------------------------------------------------------------
Start Handling Custom Attributes
---------------------------------------------------------------------------------
---------------------------------------------------------------------------------
Finished Handling Custom Attributes : Time (s): cpu = 00:00:15 ; elapsed = 00:00:36 . Memory (MB): peak = 1369.914 ; gain = 266.559
---------------------------------------------------------------------------------
---------------------------------------------------------------------------------
Start Renaming Generated Nets
---------------------------------------------------------------------------------
---------------------------------------------------------------------------------
Finished Renaming Generated Nets : Time (s): cpu = 00:00:15 ; elapsed = 00:00:36 . Memory (MB): peak = 1369.914 ; gain = 266.559
---------------------------------------------------------------------------------
---------------------------------------------------------------------------------
Start Writing Synthesis Report
---------------------------------------------------------------------------------

Report BlackBoxes: 
+-+--------------+----------+
| |BlackBox name |Instances |
+-+--------------+----------+
+-+--------------+----------+

Report Cell Usage: 
+------+----------+------+
|      |Cell      |Count |
+------+----------+------+
|1     |BUFG      |     1|
|2     |CARRY4    |    75|
|3     |LUT1      |     6|
|4     |LUT2      |   182|
|5     |LUT3      |   148|
|6     |LUT4      |   335|
|7     |LUT5      |   264|
|8     |LUT6      |   560|
|9     |MUXF7     |    13|
|10    |RAM256X1S |    32|
|11    |RAM32M    |    12|
|12    |FDCE      |   321|
|13    |FDRE      |    59|
|14    |IBUF      |    18|
|15    |OBUF      |    28|
+------+----------+------+
---------------------------------------------------------------------------------
Finished Writing Synthesis Report : Time (s): cpu = 00:00:15 ; elapsed = 00:00:36 . Memory (MB): peak = 1369.914 ; gain = 266.559
---------------------------------------------------------------------------------
Synthesis finished with 0 errors, 0 critical warnings and 0 warnings.
Synthesis Optimization Runtime : Time (s): cpu = 00:00:12 ; elapsed = 00:00:35 . Memory (MB): peak = 1369.914 ; gain = 189.520
Synthesis Optimization Complete : Time (s): cpu = 00:00:15 ; elapsed = 00:00:36 . Memory (MB): peak = 1369.914 ; gain = 266.559
INFO: [Project 1-571] Translating synthesized netlist
Netlist sorting complete. Time (s): cpu = 00:00:00 ; elapsed = 00:00:00.031 . Memory (MB): peak = 1369.914 ; gain = 0.000
INFO: [Netlist 29-17] Analyzing 132 Unisim elements for replacement
INFO: [Netlist 29-28] Unisim Transformation completed in 0 CPU seconds
INFO: [Project 1-570] Preparing netlist for logic optimization
INFO: [Opt 31-138] Pushed 0 inverter(s) to 0 load pin(s).
Netlist sorting complete. Time (s): cpu = 00:00:00 ; elapsed = 00:00:00.001 . Memory (MB): peak = 1369.914 ; gain = 0.000
INFO: [Project 1-111] Unisim Transformation Summary:
  A total of 44 instances were transformed.
  RAM256X1S => RAM256X1S (MUXF7(x2), MUXF8, RAMS64E(x4)): 32 instances
  RAM32M => RAM32M (RAMD32(x6), RAMS32(x2)): 12 instances

INFO: [Common 17-83] Releasing license: Synthesis
68 Infos, 1 Warnings, 0 Critical Warnings and 0 Errors encountered.
synth_design completed successfully
synth_design: Time (s): cpu = 00:00:16 ; elapsed = 00:00:45 . Memory (MB): peak = 1369.914 ; gain = 266.559
[libprotobuf ERROR C:\w10\HEAD\src\ext\protobuf\build\lnx64\protobuf-3.7.1\src\google\protobuf\wire_format_lite.cc:611] String field 'HDMetricDBGroup.MetricMapEntry.value' contains invalid UTF-8 data when serializing a protocol buffer. Use the 'bytes' type if you intend to send raw bytes. 
[libprotobuf ERROR C:\w10\HEAD\src\ext\protobuf\build\lnx64\protobuf-3.7.1\src\google\protobuf\wire_format_lite.cc:611] String field 'HDMetricDBGroup.MetricMapEntry.value' contains invalid UTF-8 data when serializing a protocol buffer. Use the 'bytes' type if you intend to send raw bytes. 
[libprotobuf ERROR C:\w10\HEAD\src\ext\protobuf\build\lnx64\protobuf-3.7.1\src\google\protobuf\wire_format_lite.cc:611] String field 'HDMetricDBGroup.MetricMapEntry.value' contains invalid UTF-8 data when serializing a protocol buffer. Use the 'bytes' type if you intend to send raw bytes. 
[libprotobuf ERROR C:\w10\HEAD\src\ext\protobuf\build\lnx64\protobuf-3.7.1\src\google\protobuf\wire_format_lite.cc:611] String field 'HDMetricDBGroup.MetricMapEntry.value' contains invalid UTF-8 data when serializing a protocol buffer. Use the 'bytes' type if you intend to send raw bytes. 
[libprotobuf ERROR C:\w10\HEAD\src\ext\protobuf\build\lnx64\protobuf-3.7.1\src\google\protobuf\wire_format_lite.cc:611] String field 'HDMetricDBGroup.MetricMapEntry.value' contains invalid UTF-8 data when serializing a protocol buffer. Use the 'bytes' type if you intend to send raw bytes. 
[libprotobuf ERROR C:\w10\HEAD\src\ext\protobuf\build\lnx64\protobuf-3.7.1\src\google\protobuf\wire_format_lite.cc:611] String field 'HDMetricDBGroup.MetricMapEntry.value' contains invalid UTF-8 data when serializing a protocol buffer. Use the 'bytes' type if you intend to send raw bytes. 
[libprotobuf ERROR C:\w10\HEAD\src\ext\protobuf\build\lnx64\protobuf-3.7.1\src\google\protobuf\wire_format_lite.cc:611] String field 'HDMetricDBGroup.MetricMapEntry.value' contains invalid UTF-8 data when serializing a protocol buffer. Use the 'bytes' type if you intend to send raw bytes. 
INFO: [Common 17-1381] The checkpoint 'D:/project/Verilog/RISC_V_RV32i_20231025 -GPI/RISC_V_RV32i_20231019.runs/synth_1/RV32i_MCU.dcp' has been generated.
INFO: [runtcl-4] Executing : report_utilization -file RV32i_MCU_utilization_synth.rpt -pb RV32i_MCU_utilization_synth.pb
INFO: [Common 17-206] Exiting Vivado at Sat Oct 28 15:34:58 2023...
