#-----------------------------------------------------------
# Vivado v2020.2 (64-bit)
# SW Build 3064766 on Wed Nov 18 09:12:45 MST 2020
# IP Build 3064653 on Wed Nov 18 14:17:31 MST 2020
# Start of session at: Thu Oct 26 17:54:26 2023
# Process ID: 17960
# Current directory: D:/project/Verilog/RISC_V_RV32i_20231025 -GPI
# Command line: vivado.exe -gui_launcher_event rodinguilauncherevent12596 D:\project\Verilog\RISC_V_RV32i_20231025 -GPI\RISC_V_RV32i_20231019.xpr
# Log file: D:/project/Verilog/RISC_V_RV32i_20231025 -GPI/vivado.log
# Journal file: D:/project/Verilog/RISC_V_RV32i_20231025 -GPI\vivado.jou
#-----------------------------------------------------------
start_gui
open_project {D:/project/Verilog/RISC_V_RV32i_20231025 -GPI/RISC_V_RV32i_20231019.xpr}
WARNING: [filemgmt 56-3] Default IP Output Path : Could not find the directory 'D:/project/Verilog/RISC_V_RV32i_20231025 -GPI/RISC_V_RV32i_20231019.gen/sources_1'.
Scanning sources...
Finished scanning sources
INFO: [IP_Flow 19-234] Refreshing IP repositories
INFO: [IP_Flow 19-1704] No user IP repositories specified
INFO: [IP_Flow 19-2313] Loaded Vivado IP repository 'C:/Xilinx/Vivado/2020.2/data/ip'.
update_compile_order -fileset sources_1
export_ip_user_files -of_objects  [get_files {{D:/project/Verilog/RISC_V_RV32i_20231025 -GPI/Uart/Uart.v}}] -no_script -reset -force -quiet
remove_files  {{D:/project/Verilog/RISC_V_RV32i_20231025 -GPI/Uart/Uart.v}}
exit
INFO: [Common 17-206] Exiting Vivado at Thu Oct 26 18:26:58 2023...
