#
# A fatal error has been detected by the Java Runtime Environment:
#
#  EXCEPTION_ACCESS_VIOLATION (0xc0000005) at pc=0x00007ffbfc879670, pid=11296, tid=7744
#
# JRE version: OpenJDK Runtime Environment (11.0.2+9) (build 11.0.2+9)
# Java VM: OpenJDK 64-Bit Server VM (11.0.2+9, mixed mode, tiered, compressed oops, g1 gc, windows-amd64)
# Problematic frame:
# C  0x00007ffbfc879670
#
# No core dump will be written. Minidumps are not enabled by default on client versions of Windows
#
# If you would like to submit a bug report, please visit:
#   http://bugreport.java.com/bugreport/crash.jsp
# The crash happened outside the Java Virtual Machine in native code.
# See problematic frame for where to report the bug.
#

---------------  S U M M A R Y ------------

Command Line: -Dsun.java2d.pmoffscreen=false -Dhttps.protocols=TLSv1,TLSv1.1,TLSv1.2 -Dsun.java2d.xrender=false -Dsun.java2d.d3d=false -Dsun.awt.nopixfmt=true -Dsun.java2d.dpiaware=true -Dsun.java2d.uiScale.enabled=false -Xverify:none -Dswing.aatext=true -XX:-UsePerfData -Djdk.map.althashing.threshold=512 -XX:StringTableSize=4072 --add-opens=java.base/java.nio=ALL-UNNAMED --add-opens=java.desktop/sun.swing=ALL-UNNAMED --add-opens=java.desktop/javax.swing=ALL-UNNAMED --add-opens=java.desktop/javax.swing.tree=ALL-UNNAMED --add-opens=java.desktop/javax.swing.plaf.basic=ALL-UNNAMED --add-opens=java.desktop/javax.swing.plaf.synth=ALL-UNNAMED --add-opens=java.desktop/com.sun.awt=ALL-UNNAMED -XX:NewSize=60m -XX:MaxNewSize=60m -Xms128m -Xmx3072m -Xss5m 

Host: 12th Gen Intel(R) Core(TM) i7-1260P, 16 cores, 15G,  Windows 10 , 64 bit Build 22621 (10.0.22621.2215)
Time: Thu Oct 19 14:57:15 2023 대한민국 표준시 elapsed time: 13477 seconds (0d 3h 44m 37s)

---------------  T H R E A D  ---------------

Current thread (0x000001a1fb767800):  JavaThread "AWT-EventQueue-0" [_thread_in_native, id=7744, stack(0x0000006157c00000,0x0000006158100000)]

Stack: [0x0000006157c00000,0x0000006158100000],  sp=0x00000061580f3748,  free space=5069k
Native frames: (J=compiled Java code, j=interpreted, Vv=VM code, C=native code)
C  0x00007ffbfc879670

Java frames: (J=compiled Java code, j=interpreted, Vv=VM code)
j  ui.views.waveform.waveformi.WVExecutive_getGraphicsDataSize(J)J+0
j  ui.views.waveform.executive.a.klK()Ljava/io/ByteArrayInputStream;+8
j  ui.views.waveform.b.a.klh()V+7
j  ui.views.waveform.b.a.jty()V+1
j  ui.views.waveform.m.kkr()V+4
j  ui.views.waveform.m.Ii(Z)V+11
j  ui.views.waveform.w.aH(ZZ)V+30
J 29883 c1 ui.views.waveform.c.b.j(Lui/frmwork/a/l;)V (605 bytes) @ 0x000001a1d93c377c [0x000001a1d93b9440+0x000000000000a33c]
J 29882 c1 ui.views.waveform.w.handleTclEvent(Lui/frmwork/a/l;)V (17 bytes) @ 0x000001a1d933fbbc [0x000001a1d933fae0+0x00000000000000dc]
J 23522 c1 ui.frmwork.a.o.c(Lui/frmwork/a/l;)V (61 bytes) @ 0x000001a1d7b84c0c [0x000001a1d7b84260+0x00000000000009ac]
J 15254 c1 ui.frmwork.E.i(JZ)V (471 bytes) @ 0x000001a1d81d943c [0x000001a1d81d52c0+0x000000000000417c]
J 21482 c1 ui.frmwork.E.fireTclEvent(J)I (113 bytes) @ 0x000001a1d7760a94 [0x000001a1d77602c0+0x00000000000007d4]
v  ~StubRoutines::call_stub
j  ui.views.waveform.waveformi.WVExecutive_processModelEvent(JJ)V+0
j  ui.views.waveform.executive.a.gb(J)V+5
j  ui.views.waveform.c.b.ga(J)V+8
J 29883 c1 ui.views.waveform.c.b.j(Lui/frmwork/a/l;)V (605 bytes) @ 0x000001a1d93c4514 [0x000001a1d93b9440+0x000000000000b0d4]
J 29882 c1 ui.views.waveform.w.handleTclEvent(Lui/frmwork/a/l;)V (17 bytes) @ 0x000001a1d933fbbc [0x000001a1d933fae0+0x00000000000000dc]
J 23522 c1 ui.frmwork.a.o.c(Lui/frmwork/a/l;)V (61 bytes) @ 0x000001a1d7b84c0c [0x000001a1d7b84260+0x00000000000009ac]
J 15254 c1 ui.frmwork.E.i(JZ)V (471 bytes) @ 0x000001a1d81d943c [0x000001a1d81d52c0+0x000000000000417c]
J 21482 c1 ui.frmwork.E.fireTclEvent(J)I (113 bytes) @ 0x000001a1d7760a94 [0x000001a1d77602c0+0x00000000000007d4]
v  ~StubRoutines::call_stub
j  ui.views.waveform.waveformi.WVExecutive_processModelEvent(JJ)V+0
j  ui.views.waveform.executive.a.gb(J)V+5
j  ui.views.waveform.c.b.ga(J)V+8
j  ui.views.waveform.c.e.actionPerformed(Ljava/awt/event/ActionEvent;)V+8
J 18483 c2 javax.swing.Timer.fireActionPerformed(Ljava/awt/event/ActionEvent;)V java.desktop@11.0.2 (46 bytes) @ 0x000001a1ddddb654 [0x000001a1ddddb540+0x0000000000000114]
J 18539 c2 javax.swing.Timer$DoPostEvent.run()V java.desktop@11.0.2 (82 bytes) @ 0x000001a1dddf691c [0x000001a1dddf6740+0x00000000000001dc]
J 15940 c2 java.awt.event.InvocationEvent.dispatch()V java.desktop@11.0.2 (69 bytes) @ 0x000001a1de1ad73c [0x000001a1de1ad6e0+0x000000000000005c]
J 15508 c2 java.awt.EventQueue$4.run()Ljava/lang/Object; java.desktop@11.0.2 (5 bytes) @ 0x000001a1de101a9c [0x000001a1de1019e0+0x00000000000000bc]
v  ~StubRoutines::call_stub
J 4715  java.security.AccessController.doPrivileged(Ljava/security/PrivilegedAction;Ljava/security/AccessControlContext;)Ljava/lang/Object; java.base@11.0.2 (0 bytes) @ 0x000001a1dd6916b6 [0x000001a1dd691640+0x0000000000000076]
J 28714 c2 ui.frmwork.a.d.dispatchEvent(Ljava/awt/AWTEvent;)V (42 bytes) @ 0x000001a1def97150 [0x000001a1def96f20+0x0000000000000230]
J 25283 c2 java.awt.EventDispatchThread.pumpEventsForFilter(ILjava/awt/Conditional;Ljava/awt/EventFilter;)V java.desktop@11.0.2 (47 bytes) @ 0x000001a1deac6ae0 [0x000001a1deac6840+0x00000000000002a0]
j  java.awt.EventDispatchThread.pumpEventsForFilter(Ljava/awt/Conditional;Ljava/awt/EventFilter;)V+4 java.desktop@11.0.2
j  java.awt.WaitDispatchSupport$2.run()V+59 java.desktop@11.0.2
j  java.awt.WaitDispatchSupport$4.run()Ljava/lang/Void;+4 java.desktop@11.0.2
j  java.awt.WaitDispatchSupport$4.run()Ljava/lang/Object;+1 java.desktop@11.0.2
v  ~StubRoutines::call_stub
J 1081  java.security.AccessController.doPrivileged(Ljava/security/PrivilegedAction;)Ljava/lang/Object; java.base@11.0.2 (0 bytes) @ 0x000001a1dd4280a2 [0x000001a1dd428040+0x0000000000000062]
j  java.awt.WaitDispatchSupport.enter()Z+260 java.desktop@11.0.2
j  java.awt.Dialog.show()V+224 java.desktop@11.0.2
J 24312 c1 java.awt.Window.setVisible(Z)V java.desktop@11.0.2 (6 bytes) @ 0x000001a1d757e5bc [0x000001a1d757e380+0x000000000000023c]
j  java.awt.Dialog.setVisible(Z)V+2 java.desktop@11.0.2
j  ui.dlg.c.g.setVisible(Z)V+2
j  ui.dlg.c.bz.bIi()V+64
j  ui.dlg.c.bI.actionPerformed(Ljava/awt/event/ActionEvent;)V+8
j  ui.dlg.c.bz.fud()V+388
j  ui.views.c.t.b.a.run()V+60
j  ui.frmwork.cmd.a.hsT()Z+66
j  ui.frmwork.cmd.d.htb()V+42
j  ui.bm.actionPerformed(Ljava/awt/event/ActionEvent;)V+25
j  javax.swing.AbstractButton.fireActionPerformed(Ljava/awt/event/ActionEvent;)V+83 java.desktop@11.0.2
j  ui.utils.swing.b.E.fireActionPerformed(Ljava/awt/event/ActionEvent;)V+7
j  javax.swing.AbstractButton$Handler.actionPerformed(Ljava/awt/event/ActionEvent;)V+5 java.desktop@11.0.2
j  javax.swing.DefaultButtonModel.fireActionPerformed(Ljava/awt/event/ActionEvent;)V+34 java.desktop@11.0.2
J 27398 c1 javax.swing.DefaultButtonModel.setPressed(Z)V java.desktop@11.0.2 (125 bytes) @ 0x000001a1d8f55124 [0x000001a1d8f54180+0x0000000000000fa4]
j  javax.swing.plaf.basic.BasicButtonListener.mouseReleased(Ljava/awt/event/MouseEvent;)V+35 java.desktop@11.0.2
j  com.jidesoft.plaf.basic.BasicJideButtonListener.mouseReleased(Ljava/awt/event/MouseEvent;)V+61
J 19207 c1 java.awt.AWTEventMulticaster.mouseReleased(Ljava/awt/event/MouseEvent;)V java.desktop@11.0.2 (27 bytes) @ 0x000001a1d603082c [0x000001a1d6030600+0x000000000000022c]
J 19207 c1 java.awt.AWTEventMulticaster.mouseReleased(Ljava/awt/event/MouseEvent;)V java.desktop@11.0.2 (27 bytes) @ 0x000001a1d603082c [0x000001a1d6030600+0x000000000000022c]
J 19207 c1 java.awt.AWTEventMulticaster.mouseReleased(Ljava/awt/event/MouseEvent;)V java.desktop@11.0.2 (27 bytes) @ 0x000001a1d603082c [0x000001a1d6030600+0x000000000000022c]
J 26595 c2 javax.swing.JComponent.processMouseEvent(Ljava/awt/event/MouseEvent;)V java.desktop@11.0.2 (27 bytes) @ 0x000001a1dec64c40 [0x000001a1dec64920+0x0000000000000320]
J 27342 c2 java.awt.Component.processEvent(Ljava/awt/AWTEvent;)V java.desktop@11.0.2 (220 bytes) @ 0x000001a1ded7b9a8 [0x000001a1ded79c00+0x0000000000001da8]
J 25988 c2 java.awt.Container.processEvent(Ljava/awt/AWTEvent;)V java.desktop@11.0.2 (22 bytes) @ 0x000001a1debe3f64 [0x000001a1debe3ec0+0x00000000000000a4]
J 28879 c2 java.awt.Component.dispatchEventImpl(Ljava/awt/AWTEvent;)V java.desktop@11.0.2 (777 bytes) @ 0x000001a1ddd78df0 [0x000001a1ddd78160+0x0000000000000c90]
J 28779 c2 java.awt.Container.dispatchEventImpl(Ljava/awt/AWTEvent;)V java.desktop@11.0.2 (129 bytes) @ 0x000001a1de262630 [0x000001a1de262540+0x00000000000000f0]
J 28580 c2 java.awt.LightweightDispatcher.retargetMouseEvent(Ljava/awt/Component;ILjava/awt/event/MouseEvent;)V java.desktop@11.0.2 (372 bytes) @ 0x000001a1def51024 [0x000001a1def50c00+0x0000000000000424]
J 28779 c2 java.awt.Container.dispatchEventImpl(Ljava/awt/AWTEvent;)V java.desktop@11.0.2 (129 bytes) @ 0x000001a1de263374 [0x000001a1de262540+0x0000000000000e34]
J 18942 c2 java.awt.Window.dispatchEventImpl(Ljava/awt/AWTEvent;)V java.desktop@11.0.2 (23 bytes) @ 0x000001a1de4b2f8c [0x000001a1de4b2f40+0x000000000000004c]
J 15508 c2 java.awt.EventQueue$4.run()Ljava/lang/Object; java.desktop@11.0.2 (5 bytes) @ 0x000001a1de101b30 [0x000001a1de1019e0+0x0000000000000150]
v  ~StubRoutines::call_stub
J 4715  java.security.AccessController.doPrivileged(Ljava/security/PrivilegedAction;Ljava/security/AccessControlContext;)Ljava/lang/Object; java.base@11.0.2 (0 bytes) @ 0x000001a1dd6916b6 [0x000001a1dd691640+0x0000000000000076]
J 17897 c2 java.awt.EventQueue$5.run()Ljava/lang/Object; java.desktop@11.0.2 (5 bytes) @ 0x000001a1dd715cd8 [0x000001a1dd715c60+0x0000000000000078]
v  ~StubRoutines::call_stub
J 4715  java.security.AccessController.doPrivileged(Ljava/security/PrivilegedAction;Ljava/security/AccessControlContext;)Ljava/lang/Object; java.base@11.0.2 (0 bytes) @ 0x000001a1dd6916b6 [0x000001a1dd691640+0x0000000000000076]
J 28714 c2 ui.frmwork.a.d.dispatchEvent(Ljava/awt/AWTEvent;)V (42 bytes) @ 0x000001a1def97138 [0x000001a1def96f20+0x0000000000000218]
J 19790% c2 java.awt.EventDispatchThread.pumpEventsForFilter(ILjava/awt/Conditional;Ljava/awt/EventFilter;)V java.desktop@11.0.2 (47 bytes) @ 0x000001a1ddc22318 [0x000001a1ddc22160+0x00000000000001b8]
j  java.awt.EventDispatchThread.pumpEventsForHierarchy(ILjava/awt/Conditional;Ljava/awt/Component;)V+11 java.desktop@11.0.2
j  java.awt.EventDispatchThread.pumpEvents(ILjava/awt/Conditional;)V+4 java.desktop@11.0.2
j  java.awt.EventDispatchThread.pumpEvents(Ljava/awt/Conditional;)V+3 java.desktop@11.0.2
j  java.awt.EventDispatchThread.run()V+9 java.desktop@11.0.2
v  ~StubRoutines::call_stub

siginfo: EXCEPTION_ACCESS_VIOLATION (0xc0000005), data execution prevention violation at address 0x00007ffbfc879670


Register to memory mapping:

RIP=0x00007ffbfc879670 points into unknown readable memory: 01 00 00 00 00 00 00 00
RAX=0x00007ffbfc820720 points into unknown readable memory: 00 88 48 fc fb 7f 00 00
RBX=0x0000000000000001 is an unknown value
RCX=0x000001a1bef35730 points into unknown readable memory: 20 07 82 fc fb 7f 00 00
RDX=0x000001a2044574e0 points into unknown readable memory: d8 84 21 57 fc 7f 00 00
RSP=0x00000061580f3748 is pointing into the stack for thread: 0x000001a1fb767800
RBP=0x00000061580f3940 is pointing into the stack for thread: 0x000001a1fb767800
RSI=0x000001a1b2d431b0 points into unknown readable memory: 30 07 82 fc fb 7f 00 00
RDI=0x000001a1bef35730 points into unknown readable memory: 20 07 82 fc fb 7f 00 00
R8 =0x00000061580f3930 is pointing into the stack for thread: 0x000001a1fb767800
R9 =0x00000061580f3970 is pointing into the stack for thread: 0x000001a1fb767800
R10=0x00007ffcab390000 VCRUNTIME140.dll
R11=0xfffff7effffcbfeb is an unknown value
R12=0x00000061580f3930 is pointing into the stack for thread: 0x000001a1fb767800
R13=0x00000061580f3970 is pointing into the stack for thread: 0x000001a1fb767800
R14=0x00000061580f3a48 is pointing into the stack for thread: 0x000001a1fb767800
R15=0x000001a2044574e0 points into unknown readable memory: d8 84 21 57 fc 7f 00 00


Registers:
RAX=0x00007ffbfc820720, RBX=0x0000000000000001, RCX=0x000001a1bef35730, RDX=0x000001a2044574e0
RSP=0x00000061580f3748, RBP=0x00000061580f3940, RSI=0x000001a1b2d431b0, RDI=0x000001a1bef35730
R8 =0x00000061580f3930, R9 =0x00000061580f3970, R10=0x00007ffcab390000, R11=0xfffff7effffcbfeb
R12=0x00000061580f3930, R13=0x00000061580f3970, R14=0x00000061580f3a48, R15=0x000001a2044574e0
RIP=0x00007ffbfc879670, EFLAGS=0x0000000000010206

Top of Stack: (sp=0x00000061580f3748)
0x00000061580f3748:   00007ffbfc550855 00000000b927c440
0x00000061580f3758:   000001a1ddc351d4 0000000744ae1f90
0x00000061580f3768:   00007ffcc530d19a fffffffffffffffe
0x00000061580f3778:   0000000000000010 000001a1c0104390
0x00000061580f3788:   000001a1ddcee67c 000001a191611a00
0x00000061580f3798:   00007ffc6282ee0b 000001a100000000
0x00000061580f37a8:   000001a1c539b280 00000000b927c3f0
0x00000061580f37b8:   000000075140a1e0 000001a1c53902a4
0x00000061580f37c8:   0000000000000010 000001a1c5390d80
0x00000061580f37d8:   0000000000000001 0000cd0745594a3c
0x00000061580f37e8:   0000000000000008 0000000000000000
0x00000061580f37f8:   0000000000000000 00000061580f3a48
0x00000061580f3808:   000001a1b007fb88 000001a1bef35730
0x00000061580f3818:   000001a2044574e0 000001a1b2d431b0
0x00000061580f3828:   00000061580f3940 0000000000000001
0x00000061580f3838:   00007ffbfc5483a6 0000000000000008 

Instructions: (pc=0x00007ffbfc879670)
0x00007ffbfc879650:   00 00 00 00 ff ff ff ff 00 00 00 00 40 00 00 00
0x00007ffbfc879660:   20 96 43 00 00 00 00 00 00 00 00 00 00 00 00 00
0x00007ffbfc879670:   01 00 00 00 00 00 00 00 00 00 00 00 a0 19 57 00
0x00007ffbfc879680:   98 96 43 00 70 96 43 00 00 00 00 00 00 00 00 00 


Stack slot to memory mapping:
stack at sp + 0 slots: 0x00007ffbfc550855 points into unknown readable memory: 8b f0 83
stack at sp + 1 slots: 0x00000000b927c440 is an unknown value
stack at sp + 2 slots: 0x000001a1ddc351d4 is at entry_point+340 in (nmethod*)0x000001a1ddc34e90
stack at sp + 3 slots: 0x0000000744ae1f90 is an oop: java.awt.Toolkit$ToolkitEventMulticaster 
{0x0000000744ae1f90} - klass: 'java/awt/Toolkit$ToolkitEventMulticaster'
stack at sp + 4 slots: 0x00007ffcc530d19a ntdll.dll
stack at sp + 5 slots: 0xfffffffffffffffe is an unknown value
stack at sp + 6 slots: 0x0000000000000010 is an unknown value
stack at sp + 7 slots: 0x000001a1c0104390 points into unknown readable memory: 80 b2 39 c5 a1 01 00 00


---------------  P R O C E S S  ---------------

Threads class SMR info:
_java_thread_list=0x000001a19fd90850, length=32, elements={
0x000001a1cca78800, 0x000001a1cc9c3800, 0x000001a1cc9c4800, 0x000001a1ee949000,
0x000001a1ee94a800, 0x000001a1ee94b000, 0x000001a1ec52c800, 0x000001a1ec52d000,
0x000001a1cd43a800, 0x000001a1cd4e9800, 0x000001a1f8e12800, 0x000001a1f8e14000,
0x000001a1f9278800, 0x000001a1f9262000, 0x000001a1fb767800, 0x000001a1fb601800,
0x000001a1fb765800, 0x000001a1fb7fa000, 0x000001a1ec447000, 0x000001a1ec442800,
0x000001a1ec446800, 0x000001a1824fc800, 0x000001a1824fe000, 0x000001a1824fb800,
0x000001a182504800, 0x000001a182503000, 0x000001a182508800, 0x000001a182509800,
0x000001a1ec448000, 0x000001a18edba000, 0x000001a18edb4800, 0x000001a1acd84800
}

Java Threads: ( => current thread )
  0x000001a1cca78800 JavaThread "main" [_thread_blocked, id=11088, stack(0x0000006153000000,0x0000006153100000)]
  0x000001a1cc9c3800 JavaThread "Reference Handler" daemon [_thread_blocked, id=4016, stack(0x0000006153700000,0x0000006153c00000)]
  0x000001a1cc9c4800 JavaThread "Finalizer" daemon [_thread_blocked, id=15584, stack(0x0000006153c00000,0x0000006154100000)]
  0x000001a1ee949000 JavaThread "Signal Dispatcher" daemon [_thread_blocked, id=11240, stack(0x0000006154100000,0x0000006154600000)]
  0x000001a1ee94a800 JavaThread "Attach Listener" daemon [_thread_blocked, id=12764, stack(0x0000006154600000,0x0000006154b00000)]
  0x000001a1ee94b000 JavaThread "C2 CompilerThread0" daemon [_thread_blocked, id=10948, stack(0x0000006154b00000,0x0000006154c00000)]
  0x000001a1ec52c800 JavaThread "C1 CompilerThread0" daemon [_thread_blocked, id=3804, stack(0x0000006154c00000,0x0000006154d00000)]
  0x000001a1ec52d000 JavaThread "Sweeper thread" daemon [_thread_blocked, id=17016, stack(0x0000006154d00000,0x0000006155200000)]
  0x000001a1cd43a800 JavaThread "Common-Cleaner" daemon [_thread_blocked, id=12380, stack(0x0000006155600000,0x0000006155b00000)]
  0x000001a1cd4e9800 JavaThread "Service Thread" daemon [_thread_blocked, id=9156, stack(0x0000006155b00000,0x0000006156000000)]
  0x000001a1f8e12800 JavaThread "Java2D Disposer" daemon [_thread_blocked, id=4780, stack(0x0000006156100000,0x0000006156600000)]
  0x000001a1f8e14000 JavaThread "AWT-Shutdown" [_thread_blocked, id=14784, stack(0x0000006156600000,0x0000006156b00000)]
  0x000001a1f9278800 JavaThread "AWT-Windows" daemon [_thread_in_native, id=16128, stack(0x0000006156b00000,0x0000006157000000)]
  0x000001a1f9262000 JavaThread "TimerQueue" daemon [_thread_blocked, id=13036, stack(0x0000006157000000,0x0000006157500000)]
=>0x000001a1fb767800 JavaThread "AWT-EventQueue-0" [_thread_in_native, id=7744, stack(0x0000006157c00000,0x0000006158100000)]
  0x000001a1fb601800 JavaThread "Thread-1" [_thread_in_native, id=6628, stack(0x0000006151a00000,0x0000006152e00000)]
  0x000001a1fb765800 JavaThread "Process Messages Thread" [_thread_blocked, id=1484, stack(0x0000006158600000,0x0000006158b00000)]
  0x000001a1fb7fa000 JavaThread "Batik CleanerThread" daemon [_thread_blocked, id=15048, stack(0x0000006158100000,0x0000006158600000)]
  0x000001a1ec447000 JavaThread "SyntheticaCleanerThread" daemon [_thread_blocked, id=4796, stack(0x000000615a100000,0x000000615a600000)]
  0x000001a1ec442800 JavaThread "Monitor HEventQueue Thread" [_thread_blocked, id=3640, stack(0x000000615ad00000,0x000000615b200000)]
  0x000001a1ec446800 JavaThread "SyntheticaAnimation 50" daemon [_thread_blocked, id=4432, stack(0x000000615b200000,0x000000615b700000)]
  0x000001a1824fc800 JavaThread "SyntheticaAnimation 25" daemon [_thread_blocked, id=10548, stack(0x000000615b900000,0x000000615be00000)]
  0x000001a1824fe000 JavaThread "SyntheticaAnimation 70" daemon [_thread_blocked, id=12192, stack(0x0000006159b00000,0x000000615a000000)]
  0x000001a1824fb800 JavaThread "Refresh Filesets Swing Worker Thread" [_thread_blocked, id=10080, stack(0x000000615a600000,0x000000615ab00000)]
  0x000001a182504800 JavaThread "hw_ila_monitor" [_thread_blocked, id=876, stack(0x000000615bf00000,0x000000615c400000)]
  0x000001a182503000 JavaThread "pool-1-thread-1" [_thread_blocked, id=2032, stack(0x000000615c900000,0x000000615ce00000)]
  0x000001a182508800 JavaThread "pool-2-thread-1" [_thread_blocked, id=10184, stack(0x000000615ce00000,0x000000615d300000)]
  0x000001a182509800 JavaThread "pool-3-thread-1" [_thread_blocked, id=9064, stack(0x000000615d300000,0x000000615d800000)]
  0x000001a1ec448000 JavaThread "Update Runs Swing Worker Thread" [_thread_blocked, id=9364, stack(0x000000615dd00000,0x000000615e200000)]
  0x000001a18edba000 JavaThread "SyntheticaAnimation 50" daemon [_thread_blocked, id=12276, stack(0x0000006157500000,0x0000006157a00000)]
  0x000001a18edb4800 JavaThread "Image Animator 3" daemon [_thread_blocked, id=9684, stack(0x000000615e700000,0x000000615ec00000)]
  0x000001a1acd84800 JavaThread "Relaunch Simulation Thread" [_thread_blocked, id=6852, stack(0x000000615c400000,0x000000615c900000)]

Other Threads:
  0x000001a1ed5b3800 VMThread "VM Thread" [stack: 0x0000006153600000,0x0000006153700000] [id=10156]
  0x000001a1edcb7000 WatcherThread [stack: 0x0000006156000000,0x0000006156100000] [id=8384]
  0x000001a1eea1a800 GCTaskThread "GC Thread#0" [stack: 0x0000006153100000,0x0000006153200000] [id=2632]
  0x000001a1f9351000 GCTaskThread "GC Thread#1" [stack: 0x0000006158b00000,0x0000006158c00000] [id=14876]
  0x000001a1fc8a7000 GCTaskThread "GC Thread#2" [stack: 0x0000006158c00000,0x0000006158d00000] [id=6588]
  0x000001a1fc8a8000 GCTaskThread "GC Thread#3" [stack: 0x0000006158d00000,0x0000006158e00000] [id=12964]
  0x000001a1fc8a8800 GCTaskThread "GC Thread#4" [stack: 0x0000006158e00000,0x0000006158f00000] [id=15268]
  0x000001a1fb5cb800 GCTaskThread "GC Thread#5" [stack: 0x0000006158f00000,0x0000006159000000] [id=7888]
  0x000001a1fb810800 GCTaskThread "GC Thread#6" [stack: 0x0000006159000000,0x0000006159100000] [id=372]
  0x000001a1fb812800 GCTaskThread "GC Thread#7" [stack: 0x0000006159100000,0x0000006159200000] [id=8484]
  0x000001a1fb657800 GCTaskThread "GC Thread#8" [stack: 0x0000006159200000,0x0000006159300000] [id=2704]
  0x000001a1fb68c800 GCTaskThread "GC Thread#9" [stack: 0x0000006159300000,0x0000006159400000] [id=3604]
  0x000001a1fb497800 GCTaskThread "GC Thread#10" [stack: 0x0000006159400000,0x0000006159500000] [id=16488]
  0x000001a1fb499000 GCTaskThread "GC Thread#11" [stack: 0x0000006159500000,0x0000006159600000] [id=6300]
  0x000001a181cbb800 GCTaskThread "GC Thread#12" [stack: 0x000000615be00000,0x000000615bf00000] [id=9272]
  0x000001a1e4fa6800 ConcurrentGCThread "G1 Main Marker" [stack: 0x0000006153200000,0x0000006153300000] [id=11888]
  0x000001a1eea2f000 ConcurrentGCThread "G1 Conc#0" [stack: 0x0000006153300000,0x0000006153400000] [id=15712]
  0x000001a1f99cd800 ConcurrentGCThread "G1 Conc#1" [stack: 0x0000006159600000,0x0000006159700000] [id=6224]
  0x000001a1f99ce800 ConcurrentGCThread "G1 Conc#2" [stack: 0x0000006159700000,0x0000006159800000] [id=7072]
  0x000001a1ed4c5800 ConcurrentGCThread "G1 Refine#0" [stack: 0x0000006153400000,0x0000006153500000] [id=4072]
  0x000001a1fc78a000 ConcurrentGCThread "G1 Refine#1" [stack: 0x0000006159a00000,0x0000006159b00000] [id=11732]
  0x000001a1fc78b000 ConcurrentGCThread "G1 Refine#2" [stack: 0x000000615a000000,0x000000615a100000] [id=9228]
  0x000001a1f99cb800 ConcurrentGCThread "G1 Refine#3" [stack: 0x000000615b800000,0x000000615b900000] [id=14088]
  0x000001a1ea63b800 ConcurrentGCThread "G1 Young RemSet Sampling" [stack: 0x0000006153500000,0x0000006153600000] [id=2880]

Threads with active compile tasks:

VM state:not at safepoint (normal execution)

VM Mutex/Monitor currently owned by a thread: None

Heap address: 0x0000000740000000, size: 3072 MB, Compressed Oops mode: Zero based, Oop shift amount: 3
Narrow klass base: 0x0000000800000000, Narrow klass shift: 0
Compressed class space size: 1073741824 Address: 0x0000000800000000

Heap:
 garbage-first heap   total 294912K, used 156305K [0x0000000740000000, 0x0000000800000000)
  region size 1024K, 15 young (15360K), 1 survivors (1024K)
 Metaspace       used 108447K, capacity 110422K, committed 111824K, reserved 1144832K
  class space    used 14871K, capacity 15709K, committed 16256K, reserved 1048576K
Heap Regions: E=young(eden), S=young(survivor), O=old, HS=humongous(starts), HC=humongous(continues), CS=collection set, F=free, A=archive, TAMS=top-at-mark-start (previous, next)
|   0|0x0000000740000000, 0x0000000740100000, 0x0000000740100000|100%|HS|  |TAMS 0x0000000740100000, 0x0000000740000000| Complete 
|   1|0x0000000740100000, 0x0000000740200000, 0x0000000740200000|100%|HC|  |TAMS 0x0000000740200000, 0x0000000740100000| Complete 
|   2|0x0000000740200000, 0x0000000740300000, 0x0000000740300000|100%|HS|  |TAMS 0x0000000740300000, 0x0000000740200000| Complete 
|   3|0x0000000740300000, 0x0000000740400000, 0x0000000740400000|100%| O|  |TAMS 0x0000000740400000, 0x0000000740300000| Untracked 
|   4|0x0000000740400000, 0x0000000740500000, 0x0000000740500000|100%| O|  |TAMS 0x0000000740500000, 0x0000000740400000| Untracked 
|   5|0x0000000740500000, 0x0000000740600000, 0x0000000740600000|100%| O|  |TAMS 0x0000000740600000, 0x0000000740500000| Untracked 
|   6|0x0000000740600000, 0x0000000740700000, 0x0000000740700000|100%| O|  |TAMS 0x0000000740700000, 0x0000000740600000| Untracked 
|   7|0x0000000740700000, 0x00000007407ffff8, 0x0000000740800000| 99%| O|  |TAMS 0x00000007407ffff8, 0x0000000740700000| Untracked 
|   8|0x0000000740800000, 0x00000007408ffff8, 0x0000000740900000| 99%| O|  |TAMS 0x00000007408ffff8, 0x0000000740800000| Untracked 
|   9|0x0000000740900000, 0x0000000740a00000, 0x0000000740a00000|100%| O|  |TAMS 0x0000000740a00000, 0x0000000740900000| Untracked 
|  10|0x0000000740a00000, 0x0000000740affff8, 0x0000000740b00000| 99%| O|  |TAMS 0x0000000740affff8, 0x0000000740a00000| Untracked 
|  11|0x0000000740b00000, 0x0000000740bffff8, 0x0000000740c00000| 99%| O|  |TAMS 0x0000000740bffff8, 0x0000000740b00000| Untracked 
|  12|0x0000000740c00000, 0x0000000740d00000, 0x0000000740d00000|100%| O|  |TAMS 0x0000000740d00000, 0x0000000740c00000| Untracked 
|  13|0x0000000740d00000, 0x0000000740e00000, 0x0000000740e00000|100%| O|  |TAMS 0x0000000740e00000, 0x0000000740d00000| Untracked 
|  14|0x0000000740e00000, 0x0000000740ef5278, 0x0000000740f00000| 95%| O|  |TAMS 0x0000000740ef5278, 0x0000000740e00000| Untracked 
|  15|0x0000000740f00000, 0x0000000740ffffd8, 0x0000000741000000| 99%| O|  |TAMS 0x0000000740ffffd8, 0x0000000740f00000| Untracked 
|  16|0x0000000741000000, 0x00000007410ffff8, 0x0000000741100000| 99%| O|  |TAMS 0x00000007410ffff8, 0x0000000741000000| Untracked 
|  17|0x0000000741100000, 0x0000000741200000, 0x0000000741200000|100%| O|  |TAMS 0x0000000741200000, 0x0000000741100000| Untracked 
|  18|0x0000000741200000, 0x00000007412ffff8, 0x0000000741300000| 99%| O|  |TAMS 0x00000007412ffff8, 0x0000000741200000| Untracked 
|  19|0x0000000741300000, 0x00000007413ffff8, 0x0000000741400000| 99%| O|  |TAMS 0x00000007413ffff8, 0x0000000741300000| Untracked 
|  20|0x0000000741400000, 0x00000007414ffff0, 0x0000000741500000| 99%| O|  |TAMS 0x00000007414ffff0, 0x0000000741400000| Untracked 
|  21|0x0000000741500000, 0x00000007415ffff8, 0x0000000741600000| 99%| O|  |TAMS 0x00000007415ffff8, 0x0000000741500000| Untracked 
|  22|0x0000000741600000, 0x0000000741700000, 0x0000000741700000|100%| O|  |TAMS 0x0000000741700000, 0x0000000741600000| Untracked 
|  23|0x0000000741700000, 0x0000000741800000, 0x0000000741800000|100%| O|  |TAMS 0x0000000741800000, 0x0000000741700000| Untracked 
|  24|0x0000000741800000, 0x00000007418ffff0, 0x0000000741900000| 99%| O|  |TAMS 0x00000007418ffff0, 0x0000000741800000| Untracked 
|  25|0x0000000741900000, 0x00000007419ffff8, 0x0000000741a00000| 99%| O|  |TAMS 0x00000007419ffff8, 0x0000000741900000| Untracked 
|  26|0x0000000741a00000, 0x0000000741affff8, 0x0000000741b00000| 99%| O|  |TAMS 0x0000000741affff8, 0x0000000741a00000| Untracked 
|  27|0x0000000741b00000, 0x0000000741c00000, 0x0000000741c00000|100%| O|  |TAMS 0x0000000741c00000, 0x0000000741b00000| Untracked 
|  28|0x0000000741c00000, 0x0000000741cfffe8, 0x0000000741d00000| 99%| O|  |TAMS 0x0000000741cfffe8, 0x0000000741c00000| Untracked 
|  29|0x0000000741d00000, 0x0000000741dffff0, 0x0000000741e00000| 99%| O|  |TAMS 0x0000000741dffff0, 0x0000000741d00000| Untracked 
|  30|0x0000000741e00000, 0x0000000741f00000, 0x0000000741f00000|100%| O|  |TAMS 0x0000000741f00000, 0x0000000741e00000| Untracked 
|  31|0x0000000741f00000, 0x0000000742000000, 0x0000000742000000|100%| O|  |TAMS 0x0000000742000000, 0x0000000741f00000| Untracked 
|  32|0x0000000742000000, 0x00000007420fffe8, 0x0000000742100000| 99%| O|  |TAMS 0x00000007420fffe8, 0x0000000742000000| Untracked 
|  33|0x0000000742100000, 0x0000000742200000, 0x0000000742200000|100%| O|  |TAMS 0x0000000742200000, 0x0000000742100000| Untracked 
|  34|0x0000000742200000, 0x00000007422ffff8, 0x0000000742300000| 99%| O|  |TAMS 0x00000007422ffff8, 0x0000000742200000| Untracked 
|  35|0x0000000742300000, 0x00000007423ffff8, 0x0000000742400000| 99%| O|  |TAMS 0x00000007423ffff8, 0x0000000742300000| Untracked 
|  36|0x0000000742400000, 0x00000007424ffff8, 0x0000000742500000| 99%| O|  |TAMS 0x00000007424ffff8, 0x0000000742400000| Untracked 
|  37|0x0000000742500000, 0x00000007425fffe0, 0x0000000742600000| 99%| O|  |TAMS 0x00000007425fffe0, 0x0000000742500000| Untracked 
|  38|0x0000000742600000, 0x00000007426ffff8, 0x0000000742700000| 99%| O|  |TAMS 0x00000007426ffff8, 0x0000000742600000| Untracked 
|  39|0x0000000742700000, 0x0000000742800000, 0x0000000742800000|100%| O|  |TAMS 0x0000000742800000, 0x0000000742700000| Untracked 
|  40|0x0000000742800000, 0x00000007428fffa8, 0x0000000742900000| 99%| O|  |TAMS 0x00000007428fffa8, 0x0000000742800000| Untracked 
|  41|0x0000000742900000, 0x0000000742a00000, 0x0000000742a00000|100%|HS|  |TAMS 0x0000000742a00000, 0x0000000742900000| Complete 
|  42|0x0000000742a00000, 0x0000000742b00000, 0x0000000742b00000|100%|HC|  |TAMS 0x0000000742b00000, 0x0000000742a00000| Complete 
|  43|0x0000000742b00000, 0x0000000742c00000, 0x0000000742c00000|100%|HC|  |TAMS 0x0000000742c00000, 0x0000000742b00000| Complete 
|  44|0x0000000742c00000, 0x0000000742d00000, 0x0000000742d00000|100%|HC|  |TAMS 0x0000000742d00000, 0x0000000742c00000| Complete 
|  45|0x0000000742d00000, 0x0000000742e00000, 0x0000000742e00000|100%|HC|  |TAMS 0x0000000742e00000, 0x0000000742d00000| Complete 
|  46|0x0000000742e00000, 0x0000000742f00000, 0x0000000742f00000|100%|HC|  |TAMS 0x0000000742f00000, 0x0000000742e00000| Complete 
|  47|0x0000000742f00000, 0x0000000743000000, 0x0000000743000000|100%|HC|  |TAMS 0x0000000743000000, 0x0000000742f00000| Complete 
|  48|0x0000000743000000, 0x0000000743100000, 0x0000000743100000|100%|HC|  |TAMS 0x0000000743100000, 0x0000000743000000| Complete 
|  49|0x0000000743100000, 0x0000000743200000, 0x0000000743200000|100%|HC|  |TAMS 0x0000000743200000, 0x0000000743100000| Complete 
|  50|0x0000000743200000, 0x0000000743300000, 0x0000000743300000|100%|HC|  |TAMS 0x0000000743300000, 0x0000000743200000| Complete 
|  51|0x0000000743300000, 0x0000000743400000, 0x0000000743400000|100%|HC|  |TAMS 0x0000000743400000, 0x0000000743300000| Complete 
|  52|0x0000000743400000, 0x0000000743500000, 0x0000000743500000|100%|HC|  |TAMS 0x0000000743500000, 0x0000000743400000| Complete 
|  53|0x0000000743500000, 0x0000000743600000, 0x0000000743600000|100%|HC|  |TAMS 0x0000000743600000, 0x0000000743500000| Complete 
|  54|0x0000000743600000, 0x0000000743700000, 0x0000000743700000|100%|HC|  |TAMS 0x0000000743700000, 0x0000000743600000| Complete 
|  55|0x0000000743700000, 0x00000007437fff40, 0x0000000743800000| 99%| O|  |TAMS 0x00000007437fff40, 0x0000000743700000| Untracked 
|  56|0x0000000743800000, 0x00000007438ffe60, 0x0000000743900000| 99%| O|  |TAMS 0x00000007438ffe60, 0x0000000743800000| Untracked 
|  57|0x0000000743900000, 0x00000007439fffb0, 0x0000000743a00000| 99%| O|  |TAMS 0x00000007439fffb0, 0x0000000743900000| Untracked 
|  58|0x0000000743a00000, 0x0000000743b00000, 0x0000000743b00000|100%| O|  |TAMS 0x0000000743b00000, 0x0000000743a00000| Untracked 
|  59|0x0000000743b00000, 0x0000000743c00000, 0x0000000743c00000|100%| O|  |TAMS 0x0000000743c00000, 0x0000000743b00000| Untracked 
|  60|0x0000000743c00000, 0x0000000743d00000, 0x0000000743d00000|100%| O|  |TAMS 0x0000000743d00000, 0x0000000743c00000| Untracked 
|  61|0x0000000743d00000, 0x0000000743dfffe8, 0x0000000743e00000| 99%| O|  |TAMS 0x0000000743dfffe8, 0x0000000743d00000| Untracked 
|  62|0x0000000743e00000, 0x0000000743f00000, 0x0000000743f00000|100%| O|  |TAMS 0x0000000743f00000, 0x0000000743e00000| Untracked 
|  63|0x0000000743f00000, 0x0000000743fffff0, 0x0000000744000000| 99%| O|  |TAMS 0x0000000743fffff0, 0x0000000743f00000| Untracked 
|  64|0x0000000744000000, 0x00000007440fffe8, 0x0000000744100000| 99%| O|  |TAMS 0x00000007440fffe8, 0x0000000744000000| Untracked 
|  65|0x0000000744100000, 0x00000007441ffff8, 0x0000000744200000| 99%| O|  |TAMS 0x00000007441ffff8, 0x0000000744100000| Untracked 
|  66|0x0000000744200000, 0x00000007442fffd0, 0x0000000744300000| 99%| O|  |TAMS 0x00000007442fffd0, 0x0000000744200000| Untracked 
|  67|0x0000000744300000, 0x00000007443ffff8, 0x0000000744400000| 99%| O|  |TAMS 0x00000007443ffff8, 0x0000000744300000| Untracked 
|  68|0x0000000744400000, 0x00000007444fff28, 0x0000000744500000| 99%| O|  |TAMS 0x00000007444fff28, 0x0000000744400000| Untracked 
|  69|0x0000000744500000, 0x00000007445fffa0, 0x0000000744600000| 99%| O|  |TAMS 0x00000007445fffa0, 0x0000000744500000| Untracked 
|  70|0x0000000744600000, 0x00000007446fffa8, 0x0000000744700000| 99%| O|  |TAMS 0x00000007446fffa8, 0x0000000744600000| Untracked 
|  71|0x0000000744700000, 0x0000000744800000, 0x0000000744800000|100%| O|  |TAMS 0x0000000744800000, 0x0000000744700000| Untracked 
|  72|0x0000000744800000, 0x00000007448ffff8, 0x0000000744900000| 99%| O|  |TAMS 0x00000007448ffff8, 0x0000000744800000| Untracked 
|  73|0x0000000744900000, 0x00000007449ffff0, 0x0000000744a00000| 99%| O|  |TAMS 0x00000007449ffff0, 0x0000000744900000| Untracked 
|  74|0x0000000744a00000, 0x0000000744affea0, 0x0000000744b00000| 99%| O|  |TAMS 0x0000000744affea0, 0x0000000744a00000| Untracked 
|  75|0x0000000744b00000, 0x0000000744bffff8, 0x0000000744c00000| 99%| O|  |TAMS 0x0000000744bffff8, 0x0000000744b00000| Untracked 
|  76|0x0000000744c00000, 0x0000000744cffff0, 0x0000000744d00000| 99%| O|  |TAMS 0x0000000744cffff0, 0x0000000744c00000| Untracked 
|  77|0x0000000744d00000, 0x0000000744e00000, 0x0000000744e00000|100%| O|  |TAMS 0x0000000744e00000, 0x0000000744d00000| Untracked 
|  78|0x0000000744e00000, 0x0000000744effff8, 0x0000000744f00000| 99%| O|  |TAMS 0x0000000744effff8, 0x0000000744e00000| Untracked 
|  79|0x0000000744f00000, 0x0000000745000000, 0x0000000745000000|100%| O|  |TAMS 0x0000000745000000, 0x0000000744f00000| Untracked 
|  80|0x0000000745000000, 0x00000007450fffd0, 0x0000000745100000| 99%| O|  |TAMS 0x00000007450fffd0, 0x0000000745000000| Untracked 
|  81|0x0000000745100000, 0x00000007451fffd8, 0x0000000745200000| 99%| O|  |TAMS 0x00000007451fffd8, 0x0000000745100000| Untracked 
|  82|0x0000000745200000, 0x00000007452fffe8, 0x0000000745300000| 99%| O|  |TAMS 0x00000007452fffe8, 0x0000000745200000| Untracked 
|  83|0x0000000745300000, 0x0000000745400000, 0x0000000745400000|100%| O|  |TAMS 0x0000000745400000, 0x0000000745300000| Untracked 
|  84|0x0000000745400000, 0x00000007454ffff8, 0x0000000745500000| 99%| O|  |TAMS 0x00000007454ffff8, 0x0000000745400000| Untracked 
|  85|0x0000000745500000, 0x00000007455fffe8, 0x0000000745600000| 99%| O|  |TAMS 0x00000007455fffe8, 0x0000000745500000| Untracked 
|  86|0x0000000745600000, 0x00000007456ffff0, 0x0000000745700000| 99%| O|  |TAMS 0x00000007456ffff0, 0x0000000745600000| Untracked 
|  87|0x0000000745700000, 0x00000007457ffff8, 0x0000000745800000| 99%| O|  |TAMS 0x00000007457ffff8, 0x0000000745700000| Untracked 
|  88|0x0000000745800000, 0x00000007458ffff8, 0x0000000745900000| 99%| O|  |TAMS 0x00000007458ffff8, 0x0000000745800000| Untracked 
|  89|0x0000000745900000, 0x00000007459ffff0, 0x0000000745a00000| 99%| O|  |TAMS 0x00000007459ffff0, 0x0000000745900000| Untracked 
|  90|0x0000000745a00000, 0x0000000745affff0, 0x0000000745b00000| 99%| O|  |TAMS 0x0000000745affff0, 0x0000000745a00000| Untracked 
|  91|0x0000000745b00000, 0x0000000745bffff8, 0x0000000745c00000| 99%| O|  |TAMS 0x0000000745bffff8, 0x0000000745b00000| Untracked 
|  92|0x0000000745c00000, 0x0000000745cfffe8, 0x0000000745d00000| 99%| O|  |TAMS 0x0000000745cfffe8, 0x0000000745c00000| Untracked 
|  93|0x0000000745d00000, 0x0000000745dfffe8, 0x0000000745e00000| 99%| O|  |TAMS 0x0000000745dfffe8, 0x0000000745d00000| Untracked 
|  94|0x0000000745e00000, 0x0000000745f00000, 0x0000000745f00000|100%| O|  |TAMS 0x0000000745f00000, 0x0000000745e00000| Untracked 
|  95|0x0000000745f00000, 0x0000000745fffff0, 0x0000000746000000| 99%| O|  |TAMS 0x0000000745fffff0, 0x0000000745f00000| Untracked 
|  96|0x0000000746000000, 0x00000007460fffe8, 0x0000000746100000| 99%| O|  |TAMS 0x00000007460fffe8, 0x0000000746000000| Untracked 
|  97|0x0000000746100000, 0x0000000746200000, 0x0000000746200000|100%| O|  |TAMS 0x0000000746200000, 0x0000000746100000| Untracked 
|  98|0x0000000746200000, 0x0000000746300000, 0x0000000746300000|100%| O|  |TAMS 0x0000000746300000, 0x0000000746200000| Untracked 
|  99|0x0000000746300000, 0x00000007463fff60, 0x0000000746400000| 99%| O|  |TAMS 0x00000007463fff60, 0x0000000746300000| Untracked 
| 100|0x0000000746400000, 0x0000000746500000, 0x0000000746500000|100%| O|  |TAMS 0x0000000746500000, 0x0000000746400000| Untracked 
| 101|0x0000000746500000, 0x0000000746600000, 0x0000000746600000|100%| O|  |TAMS 0x0000000746600000, 0x0000000746500000| Untracked 
| 102|0x0000000746600000, 0x0000000746700000, 0x0000000746700000|100%| O|  |TAMS 0x0000000746700000, 0x0000000746600000| Untracked 
| 103|0x0000000746700000, 0x00000007467fff68, 0x0000000746800000| 99%| O|  |TAMS 0x00000007467fff68, 0x0000000746700000| Untracked 
| 104|0x0000000746800000, 0x00000007468fffe8, 0x0000000746900000| 99%| O|  |TAMS 0x00000007468fffe8, 0x0000000746800000| Untracked 
| 105|0x0000000746900000, 0x00000007469fffa0, 0x0000000746a00000| 99%| O|  |TAMS 0x00000007469fffa0, 0x0000000746900000| Untracked 
| 106|0x0000000746a00000, 0x0000000746affff8, 0x0000000746b00000| 99%| O|  |TAMS 0x0000000746affff8, 0x0000000746a00000| Untracked 
| 107|0x0000000746b00000, 0x0000000746bffff8, 0x0000000746c00000| 99%| O|  |TAMS 0x0000000746bffff8, 0x0000000746b00000| Untracked 
| 108|0x0000000746c00000, 0x0000000746d00000, 0x0000000746d00000|100%| O|  |TAMS 0x0000000746d00000, 0x0000000746c00000| Untracked 
| 109|0x0000000746d00000, 0x0000000746dffff8, 0x0000000746e00000| 99%| O|  |TAMS 0x0000000746dffff8, 0x0000000746d00000| Untracked 
| 110|0x0000000746e00000, 0x0000000746effff8, 0x0000000746f00000| 99%| O|  |TAMS 0x0000000746effff8, 0x0000000746e00000| Untracked 
| 111|0x0000000746f00000, 0x0000000747000000, 0x0000000747000000|100%| O|  |TAMS 0x0000000747000000, 0x0000000746f00000| Untracked 
| 112|0x0000000747000000, 0x00000007470fffc8, 0x0000000747100000| 99%| O|  |TAMS 0x00000007470fffc8, 0x0000000747000000| Untracked 
| 113|0x0000000747100000, 0x00000007471fffd8, 0x0000000747200000| 99%| O|  |TAMS 0x00000007471fffd8, 0x0000000747100000| Untracked 
| 114|0x0000000747200000, 0x0000000747300000, 0x0000000747300000|100%| O|  |TAMS 0x0000000747300000, 0x0000000747200000| Untracked 
| 115|0x0000000747300000, 0x00000007473ffff8, 0x0000000747400000| 99%| O|  |TAMS 0x00000007473ffff8, 0x0000000747300000| Untracked 
| 116|0x0000000747400000, 0x00000007474fffe8, 0x0000000747500000| 99%| O|  |TAMS 0x00000007474fffe8, 0x0000000747400000| Untracked 
| 117|0x0000000747500000, 0x00000007475ffef0, 0x0000000747600000| 99%| O|  |TAMS 0x00000007475ffef0, 0x0000000747500000| Untracked 
| 118|0x0000000747600000, 0x00000007476ffff0, 0x0000000747700000| 99%| O|  |TAMS 0x00000007476ffff0, 0x0000000747600000| Untracked 
| 119|0x0000000747700000, 0x00000007477ffef0, 0x0000000747800000| 99%| O|  |TAMS 0x00000007477ffef0, 0x0000000747700000| Untracked 
| 120|0x0000000747800000, 0x0000000747900000, 0x0000000747900000|100%| O|  |TAMS 0x0000000747900000, 0x0000000747800000| Untracked 
| 121|0x0000000747900000, 0x0000000747a00000, 0x0000000747a00000|100%| O|  |TAMS 0x0000000747a00000, 0x0000000747900000| Untracked 
| 122|0x0000000747a00000, 0x0000000747affe90, 0x0000000747b00000| 99%| O|  |TAMS 0x0000000747affe90, 0x0000000747a00000| Untracked 
| 123|0x0000000747b00000, 0x0000000747bffff0, 0x0000000747c00000| 99%| O|  |TAMS 0x0000000747bffff0, 0x0000000747b00000| Untracked 
| 124|0x0000000747c00000, 0x0000000747d00000, 0x0000000747d00000|100%|HS|  |TAMS 0x0000000747d00000, 0x0000000747c00000| Untracked 
| 125|0x0000000747d00000, 0x0000000747dffff0, 0x0000000747e00000| 99%| O|  |TAMS 0x0000000747dffff0, 0x0000000747d00000| Untracked 
| 126|0x0000000747e00000, 0x0000000747f00000, 0x0000000747f00000|100%| O|  |TAMS 0x0000000747f00000, 0x0000000747e00000| Untracked 
| 127|0x0000000747f00000, 0x0000000747fffff8, 0x0000000748000000| 99%| O|  |TAMS 0x0000000747fffff8, 0x0000000747f00000| Untracked 
| 128|0x0000000748000000, 0x000000074809c3d0, 0x0000000748100000| 61%| O|  |TAMS 0x000000074809c3d0, 0x0000000748000000| Untracked 
| 129|0x0000000748100000, 0x00000007481ffff8, 0x0000000748200000| 99%| O|  |TAMS 0x00000007481ffff8, 0x0000000748100000| Untracked 
| 130|0x0000000748200000, 0x00000007482a4420, 0x0000000748300000| 64%| O|  |TAMS 0x00000007482a4420, 0x0000000748200000| Untracked 
| 131|0x0000000748300000, 0x00000007483b9540, 0x0000000748400000| 72%| O|  |TAMS 0x00000007483b9540, 0x0000000748300000| Untracked 
| 132|0x0000000748400000, 0x000000074844a048, 0x0000000748500000| 28%| O|  |TAMS 0x000000074844a048, 0x0000000748400000| Untracked 
| 133|0x0000000748500000, 0x00000007485c2790, 0x0000000748600000| 75%| O|  |TAMS 0x00000007485c2790, 0x0000000748500000| Untracked 
| 134|0x0000000748600000, 0x0000000748600000, 0x0000000748700000|  0%| F|  |TAMS 0x0000000748600000, 0x0000000748600000| Untracked 
| 135|0x0000000748700000, 0x00000007487dbda8, 0x0000000748800000| 85%| O|  |TAMS 0x00000007487dbda8, 0x0000000748700000| Untracked 
| 136|0x0000000748800000, 0x00000007488d3520, 0x0000000748900000| 82%| O|  |TAMS 0x00000007488d3520, 0x0000000748800000| Untracked 
| 137|0x0000000748900000, 0x0000000748900000, 0x0000000748a00000|  0%| F|  |TAMS 0x0000000748900000, 0x0000000748900000| Untracked 
| 138|0x0000000748a00000, 0x0000000748a13298, 0x0000000748b00000|  7%| O|  |TAMS 0x0000000748a13298, 0x0000000748a00000| Untracked 
| 139|0x0000000748b00000, 0x0000000748b30ba8, 0x0000000748c00000| 19%| O|  |TAMS 0x0000000748b30ba8, 0x0000000748b00000| Untracked 
| 140|0x0000000748c00000, 0x0000000748c00000, 0x0000000748d00000|  0%| F|  |TAMS 0x0000000748c00000, 0x0000000748c00000| Untracked 
| 141|0x0000000748d00000, 0x0000000748d00000, 0x0000000748e00000|  0%| F|  |TAMS 0x0000000748d00000, 0x0000000748d00000| Untracked 
| 142|0x0000000748e00000, 0x0000000748e00000, 0x0000000748f00000|  0%| F|  |TAMS 0x0000000748e00000, 0x0000000748e00000| Untracked 
| 143|0x0000000748f00000, 0x0000000748f00000, 0x0000000749000000|  0%| F|  |TAMS 0x0000000748f00000, 0x0000000748f00000| Untracked 
| 144|0x0000000749000000, 0x0000000749000000, 0x0000000749100000|  0%| F|  |TAMS 0x0000000749000000, 0x0000000749000000| Untracked 
| 145|0x0000000749100000, 0x0000000749100000, 0x0000000749200000|  0%| F|  |TAMS 0x0000000749100000, 0x0000000749100000| Untracked 
| 146|0x0000000749200000, 0x0000000749200000, 0x0000000749300000|  0%| F|  |TAMS 0x0000000749200000, 0x0000000749200000| Untracked 
| 147|0x0000000749300000, 0x0000000749300000, 0x0000000749400000|  0%| F|  |TAMS 0x0000000749300000, 0x0000000749300000| Untracked 
| 148|0x0000000749400000, 0x0000000749400000, 0x0000000749500000|  0%| F|  |TAMS 0x0000000749400000, 0x0000000749400000| Untracked 
| 149|0x0000000749500000, 0x0000000749600000, 0x0000000749600000|100%|HS|  |TAMS 0x0000000749600000, 0x0000000749500000| Complete 
| 150|0x0000000749600000, 0x0000000749700000, 0x0000000749700000|100%|HC|  |TAMS 0x0000000749700000, 0x0000000749600000| Complete 
| 151|0x0000000749700000, 0x0000000749800000, 0x0000000749800000|100%|HC|  |TAMS 0x0000000749800000, 0x0000000749700000| Complete 
| 152|0x0000000749800000, 0x0000000749900000, 0x0000000749900000|100%|HC|  |TAMS 0x0000000749900000, 0x0000000749800000| Complete 
| 153|0x0000000749900000, 0x0000000749a00000, 0x0000000749a00000|100%|HC|  |TAMS 0x0000000749a00000, 0x0000000749900000| Complete 
| 154|0x0000000749a00000, 0x0000000749a00000, 0x0000000749b00000|  0%| F|  |TAMS 0x0000000749a00000, 0x0000000749a00000| Untracked 
| 155|0x0000000749b00000, 0x0000000749b00000, 0x0000000749c00000|  0%| F|  |TAMS 0x0000000749b00000, 0x0000000749b00000| Untracked 
| 156|0x0000000749c00000, 0x0000000749c00000, 0x0000000749d00000|  0%| F|  |TAMS 0x0000000749c00000, 0x0000000749c00000| Untracked 
| 157|0x0000000749d00000, 0x0000000749d00000, 0x0000000749e00000|  0%| F|  |TAMS 0x0000000749d00000, 0x0000000749d00000| Untracked 
| 158|0x0000000749e00000, 0x0000000749e00000, 0x0000000749f00000|  0%| F|  |TAMS 0x0000000749e00000, 0x0000000749e00000| Untracked 
| 159|0x0000000749f00000, 0x0000000749f00000, 0x000000074a000000|  0%| F|  |TAMS 0x0000000749f00000, 0x0000000749f00000| Untracked 
| 160|0x000000074a000000, 0x000000074a000000, 0x000000074a100000|  0%| F|  |TAMS 0x000000074a000000, 0x000000074a000000| Untracked 
| 161|0x000000074a100000, 0x000000074a100000, 0x000000074a200000|  0%| F|  |TAMS 0x000000074a100000, 0x000000074a100000| Untracked 
| 162|0x000000074a200000, 0x000000074a200000, 0x000000074a300000|  0%| F|  |TAMS 0x000000074a200000, 0x000000074a200000| Untracked 
| 163|0x000000074a300000, 0x000000074a300000, 0x000000074a400000|  0%| F|  |TAMS 0x000000074a300000, 0x000000074a300000| Untracked 
| 164|0x000000074a400000, 0x000000074a400000, 0x000000074a500000|  0%| F|  |TAMS 0x000000074a400000, 0x000000074a400000| Untracked 
| 165|0x000000074a500000, 0x000000074a500000, 0x000000074a600000|  0%| F|  |TAMS 0x000000074a500000, 0x000000074a500000| Untracked 
| 166|0x000000074a600000, 0x000000074a600000, 0x000000074a700000|  0%| F|  |TAMS 0x000000074a600000, 0x000000074a600000| Untracked 
| 167|0x000000074a700000, 0x000000074a700000, 0x000000074a800000|  0%| F|  |TAMS 0x000000074a700000, 0x000000074a700000| Untracked 
| 168|0x000000074a800000, 0x000000074a800000, 0x000000074a900000|  0%| F|  |TAMS 0x000000074a800000, 0x000000074a800000| Untracked 
| 169|0x000000074a900000, 0x000000074a900000, 0x000000074aa00000|  0%| F|  |TAMS 0x000000074a900000, 0x000000074a900000| Untracked 
| 170|0x000000074aa00000, 0x000000074aa00000, 0x000000074ab00000|  0%| F|  |TAMS 0x000000074aa00000, 0x000000074aa00000| Untracked 
| 171|0x000000074ab00000, 0x000000074ab00000, 0x000000074ac00000|  0%| F|  |TAMS 0x000000074ab00000, 0x000000074ab00000| Untracked 
| 172|0x000000074ac00000, 0x000000074ac00000, 0x000000074ad00000|  0%| F|  |TAMS 0x000000074ac00000, 0x000000074ac00000| Untracked 
| 173|0x000000074ad00000, 0x000000074ad00000, 0x000000074ae00000|  0%| F|  |TAMS 0x000000074ad00000, 0x000000074ad00000| Untracked 
| 174|0x000000074ae00000, 0x000000074ae00000, 0x000000074af00000|  0%| F|  |TAMS 0x000000074ae00000, 0x000000074ae00000| Untracked 
| 175|0x000000074af00000, 0x000000074af00000, 0x000000074b000000|  0%| F|  |TAMS 0x000000074af00000, 0x000000074af00000| Untracked 
| 176|0x000000074b000000, 0x000000074b000000, 0x000000074b100000|  0%| F|  |TAMS 0x000000074b000000, 0x000000074b000000| Untracked 
| 177|0x000000074b100000, 0x000000074b100000, 0x000000074b200000|  0%| F|  |TAMS 0x000000074b100000, 0x000000074b100000| Untracked 
| 178|0x000000074b200000, 0x000000074b200000, 0x000000074b300000|  0%| F|  |TAMS 0x000000074b200000, 0x000000074b200000| Untracked 
| 179|0x000000074b300000, 0x000000074b300000, 0x000000074b400000|  0%| F|  |TAMS 0x000000074b300000, 0x000000074b300000| Untracked 
| 180|0x000000074b400000, 0x000000074b400000, 0x000000074b500000|  0%| F|  |TAMS 0x000000074b400000, 0x000000074b400000| Untracked 
| 181|0x000000074b500000, 0x000000074b500000, 0x000000074b600000|  0%| F|  |TAMS 0x000000074b500000, 0x000000074b500000| Untracked 
| 182|0x000000074b600000, 0x000000074b600000, 0x000000074b700000|  0%| F|  |TAMS 0x000000074b600000, 0x000000074b600000| Untracked 
| 183|0x000000074b700000, 0x000000074b700000, 0x000000074b800000|  0%| F|  |TAMS 0x000000074b700000, 0x000000074b700000| Untracked 
| 184|0x000000074b800000, 0x000000074b800000, 0x000000074b900000|  0%| F|  |TAMS 0x000000074b800000, 0x000000074b800000| Untracked 
| 185|0x000000074b900000, 0x000000074b900000, 0x000000074ba00000|  0%| F|  |TAMS 0x000000074b900000, 0x000000074b900000| Untracked 
| 186|0x000000074ba00000, 0x000000074ba00000, 0x000000074bb00000|  0%| F|  |TAMS 0x000000074ba00000, 0x000000074ba00000| Untracked 
| 187|0x000000074bb00000, 0x000000074bb00000, 0x000000074bc00000|  0%| F|  |TAMS 0x000000074bb00000, 0x000000074bb00000| Untracked 
| 188|0x000000074bc00000, 0x000000074bc00000, 0x000000074bd00000|  0%| F|  |TAMS 0x000000074bc00000, 0x000000074bc00000| Untracked 
| 189|0x000000074bd00000, 0x000000074bd00000, 0x000000074be00000|  0%| F|  |TAMS 0x000000074bd00000, 0x000000074bd00000| Untracked 
| 190|0x000000074be00000, 0x000000074be00000, 0x000000074bf00000|  0%| F|  |TAMS 0x000000074be00000, 0x000000074be00000| Untracked 
| 191|0x000000074bf00000, 0x000000074bf00000, 0x000000074c000000|  0%| F|  |TAMS 0x000000074bf00000, 0x000000074bf00000| Untracked 
| 192|0x000000074c000000, 0x000000074c000000, 0x000000074c100000|  0%| F|  |TAMS 0x000000074c000000, 0x000000074c000000| Untracked 
| 193|0x000000074c100000, 0x000000074c100000, 0x000000074c200000|  0%| F|  |TAMS 0x000000074c100000, 0x000000074c100000| Untracked 
| 194|0x000000074c200000, 0x000000074c200000, 0x000000074c300000|  0%| F|  |TAMS 0x000000074c200000, 0x000000074c200000| Untracked 
| 195|0x000000074c300000, 0x000000074c300000, 0x000000074c400000|  0%| F|  |TAMS 0x000000074c300000, 0x000000074c300000| Untracked 
| 196|0x000000074c400000, 0x000000074c400000, 0x000000074c500000|  0%| F|  |TAMS 0x000000074c400000, 0x000000074c400000| Untracked 
| 197|0x000000074c500000, 0x000000074c500000, 0x000000074c600000|  0%| F|  |TAMS 0x000000074c500000, 0x000000074c500000| Untracked 
| 198|0x000000074c600000, 0x000000074c600000, 0x000000074c700000|  0%| F|  |TAMS 0x000000074c600000, 0x000000074c600000| Untracked 
| 199|0x000000074c700000, 0x000000074c700000, 0x000000074c800000|  0%| F|  |TAMS 0x000000074c700000, 0x000000074c700000| Untracked 
| 200|0x000000074c800000, 0x000000074c800000, 0x000000074c900000|  0%| F|  |TAMS 0x000000074c800000, 0x000000074c800000| Untracked 
| 201|0x000000074c900000, 0x000000074c900000, 0x000000074ca00000|  0%| F|  |TAMS 0x000000074c900000, 0x000000074c900000| Untracked 
| 202|0x000000074ca00000, 0x000000074ca00000, 0x000000074cb00000|  0%| F|  |TAMS 0x000000074ca00000, 0x000000074ca00000| Untracked 
| 203|0x000000074cb00000, 0x000000074cb00000, 0x000000074cc00000|  0%| F|  |TAMS 0x000000074cb00000, 0x000000074cb00000| Untracked 
| 204|0x000000074cc00000, 0x000000074cc00000, 0x000000074cd00000|  0%| F|  |TAMS 0x000000074cc00000, 0x000000074cc00000| Untracked 
| 205|0x000000074cd00000, 0x000000074cd00000, 0x000000074ce00000|  0%| F|  |TAMS 0x000000074cd00000, 0x000000074cd00000| Untracked 
| 206|0x000000074ce00000, 0x000000074ce00000, 0x000000074cf00000|  0%| F|  |TAMS 0x000000074ce00000, 0x000000074ce00000| Untracked 
| 207|0x000000074cf00000, 0x000000074cf00000, 0x000000074d000000|  0%| F|  |TAMS 0x000000074cf00000, 0x000000074cf00000| Untracked 
| 208|0x000000074d000000, 0x000000074d000000, 0x000000074d100000|  0%| F|  |TAMS 0x000000074d000000, 0x000000074d000000| Untracked 
| 209|0x000000074d100000, 0x000000074d100000, 0x000000074d200000|  0%| F|  |TAMS 0x000000074d100000, 0x000000074d100000| Untracked 
| 210|0x000000074d200000, 0x000000074d200000, 0x000000074d300000|  0%| F|  |TAMS 0x000000074d200000, 0x000000074d200000| Untracked 
| 211|0x000000074d300000, 0x000000074d300000, 0x000000074d400000|  0%| F|  |TAMS 0x000000074d300000, 0x000000074d300000| Untracked 
| 212|0x000000074d400000, 0x000000074d400000, 0x000000074d500000|  0%| F|  |TAMS 0x000000074d400000, 0x000000074d400000| Untracked 
| 213|0x000000074d500000, 0x000000074d500000, 0x000000074d600000|  0%| F|  |TAMS 0x000000074d500000, 0x000000074d500000| Untracked 
| 214|0x000000074d600000, 0x000000074d600000, 0x000000074d700000|  0%| F|  |TAMS 0x000000074d600000, 0x000000074d600000| Untracked 
| 215|0x000000074d700000, 0x000000074d700000, 0x000000074d800000|  0%| F|  |TAMS 0x000000074d700000, 0x000000074d700000| Untracked 
| 216|0x000000074d800000, 0x000000074d800000, 0x000000074d900000|  0%| F|  |TAMS 0x000000074d800000, 0x000000074d800000| Untracked 
| 217|0x000000074d900000, 0x000000074d900000, 0x000000074da00000|  0%| F|  |TAMS 0x000000074d900000, 0x000000074d900000| Untracked 
| 218|0x000000074da00000, 0x000000074da00000, 0x000000074db00000|  0%| F|  |TAMS 0x000000074da00000, 0x000000074da00000| Untracked 
| 219|0x000000074db00000, 0x000000074db00000, 0x000000074dc00000|  0%| F|  |TAMS 0x000000074db00000, 0x000000074db00000| Untracked 
| 220|0x000000074dc00000, 0x000000074dc00000, 0x000000074dd00000|  0%| F|  |TAMS 0x000000074dc00000, 0x000000074dc00000| Untracked 
| 221|0x000000074dd00000, 0x000000074dd00000, 0x000000074de00000|  0%| F|  |TAMS 0x000000074dd00000, 0x000000074dd00000| Untracked 
| 222|0x000000074de00000, 0x000000074de00000, 0x000000074df00000|  0%| F|  |TAMS 0x000000074de00000, 0x000000074de00000| Untracked 
| 223|0x000000074df00000, 0x000000074df00000, 0x000000074e000000|  0%| F|  |TAMS 0x000000074df00000, 0x000000074df00000| Untracked 
| 224|0x000000074e000000, 0x000000074e000000, 0x000000074e100000|  0%| F|  |TAMS 0x000000074e000000, 0x000000074e000000| Untracked 
| 225|0x000000074e100000, 0x000000074e100000, 0x000000074e200000|  0%| F|  |TAMS 0x000000074e100000, 0x000000074e100000| Untracked 
| 226|0x000000074e200000, 0x000000074e200000, 0x000000074e300000|  0%| F|  |TAMS 0x000000074e200000, 0x000000074e200000| Untracked 
| 227|0x000000074e300000, 0x000000074e300000, 0x000000074e400000|  0%| F|  |TAMS 0x000000074e300000, 0x000000074e300000| Untracked 
| 228|0x000000074e400000, 0x000000074e4b6e50, 0x000000074e500000| 71%| S|CS|TAMS 0x000000074e400000, 0x000000074e400000| Complete 
| 229|0x000000074e500000, 0x000000074e500000, 0x000000074e600000|  0%| F|  |TAMS 0x000000074e500000, 0x000000074e500000| Untracked 
| 230|0x000000074e600000, 0x000000074e600000, 0x000000074e700000|  0%| F|  |TAMS 0x000000074e600000, 0x000000074e600000| Untracked 
| 231|0x000000074e700000, 0x000000074e700000, 0x000000074e800000|  0%| F|  |TAMS 0x000000074e700000, 0x000000074e700000| Untracked 
| 232|0x000000074e800000, 0x000000074e800000, 0x000000074e900000|  0%| F|  |TAMS 0x000000074e800000, 0x000000074e800000| Untracked 
| 233|0x000000074e900000, 0x000000074e900000, 0x000000074ea00000|  0%| F|  |TAMS 0x000000074e900000, 0x000000074e900000| Untracked 
| 234|0x000000074ea00000, 0x000000074ea00000, 0x000000074eb00000|  0%| F|  |TAMS 0x000000074ea00000, 0x000000074ea00000| Untracked 
| 235|0x000000074eb00000, 0x000000074eb00000, 0x000000074ec00000|  0%| F|  |TAMS 0x000000074eb00000, 0x000000074eb00000| Untracked 
| 236|0x000000074ec00000, 0x000000074ec00000, 0x000000074ed00000|  0%| F|  |TAMS 0x000000074ec00000, 0x000000074ec00000| Untracked 
| 237|0x000000074ed00000, 0x000000074ed00000, 0x000000074ee00000|  0%| F|  |TAMS 0x000000074ed00000, 0x000000074ed00000| Untracked 
| 238|0x000000074ee00000, 0x000000074ee00000, 0x000000074ef00000|  0%| F|  |TAMS 0x000000074ee00000, 0x000000074ee00000| Untracked 
| 239|0x000000074ef00000, 0x000000074ef00000, 0x000000074f000000|  0%| F|  |TAMS 0x000000074ef00000, 0x000000074ef00000| Untracked 
| 240|0x000000074f000000, 0x000000074f000000, 0x000000074f100000|  0%| F|  |TAMS 0x000000074f000000, 0x000000074f000000| Untracked 
| 241|0x000000074f100000, 0x000000074f100000, 0x000000074f200000|  0%| F|  |TAMS 0x000000074f100000, 0x000000074f100000| Untracked 
| 242|0x000000074f200000, 0x000000074f200000, 0x000000074f300000|  0%| F|  |TAMS 0x000000074f200000, 0x000000074f200000| Untracked 
| 243|0x000000074f300000, 0x000000074f300000, 0x000000074f400000|  0%| F|  |TAMS 0x000000074f300000, 0x000000074f300000| Untracked 
| 244|0x000000074f400000, 0x000000074f400000, 0x000000074f500000|  0%| F|  |TAMS 0x000000074f400000, 0x000000074f400000| Untracked 
| 245|0x000000074f500000, 0x000000074f500000, 0x000000074f600000|  0%| F|  |TAMS 0x000000074f500000, 0x000000074f500000| Untracked 
| 246|0x000000074f600000, 0x000000074f600000, 0x000000074f700000|  0%| F|  |TAMS 0x000000074f600000, 0x000000074f600000| Untracked 
| 247|0x000000074f700000, 0x000000074f700000, 0x000000074f800000|  0%| F|  |TAMS 0x000000074f700000, 0x000000074f700000| Untracked 
| 248|0x000000074f800000, 0x000000074f800000, 0x000000074f900000|  0%| F|  |TAMS 0x000000074f800000, 0x000000074f800000| Untracked 
| 249|0x000000074f900000, 0x000000074f900000, 0x000000074fa00000|  0%| F|  |TAMS 0x000000074f900000, 0x000000074f900000| Untracked 
| 250|0x000000074fa00000, 0x000000074fa00000, 0x000000074fb00000|  0%| F|  |TAMS 0x000000074fa00000, 0x000000074fa00000| Untracked 
| 251|0x000000074fb00000, 0x000000074fb00000, 0x000000074fc00000|  0%| F|  |TAMS 0x000000074fb00000, 0x000000074fb00000| Untracked 
| 252|0x000000074fc00000, 0x000000074fc00000, 0x000000074fd00000|  0%| F|  |TAMS 0x000000074fc00000, 0x000000074fc00000| Untracked 
| 253|0x000000074fd00000, 0x000000074fd00000, 0x000000074fe00000|  0%| F|  |TAMS 0x000000074fd00000, 0x000000074fd00000| Untracked 
| 254|0x000000074fe00000, 0x000000074fe00000, 0x000000074ff00000|  0%| F|  |TAMS 0x000000074fe00000, 0x000000074fe00000| Untracked 
| 255|0x000000074ff00000, 0x000000074ff00000, 0x0000000750000000|  0%| F|  |TAMS 0x000000074ff00000, 0x000000074ff00000| Untracked 
| 256|0x0000000750000000, 0x0000000750000000, 0x0000000750100000|  0%| F|  |TAMS 0x0000000750000000, 0x0000000750000000| Untracked 
| 257|0x0000000750100000, 0x0000000750100000, 0x0000000750200000|  0%| F|  |TAMS 0x0000000750100000, 0x0000000750100000| Untracked 
| 258|0x0000000750200000, 0x0000000750200000, 0x0000000750300000|  0%| F|  |TAMS 0x0000000750200000, 0x0000000750200000| Untracked 
| 259|0x0000000750300000, 0x0000000750300000, 0x0000000750400000|  0%| F|  |TAMS 0x0000000750300000, 0x0000000750300000| Untracked 
| 260|0x0000000750400000, 0x0000000750400000, 0x0000000750500000|  0%| F|  |TAMS 0x0000000750400000, 0x0000000750400000| Untracked 
| 261|0x0000000750500000, 0x0000000750500000, 0x0000000750600000|  0%| F|  |TAMS 0x0000000750500000, 0x0000000750500000| Untracked 
| 262|0x0000000750600000, 0x0000000750600000, 0x0000000750700000|  0%| F|  |TAMS 0x0000000750600000, 0x0000000750600000| Untracked 
| 263|0x0000000750700000, 0x0000000750700000, 0x0000000750800000|  0%| F|  |TAMS 0x0000000750700000, 0x0000000750700000| Untracked 
| 264|0x0000000750800000, 0x0000000750800000, 0x0000000750900000|  0%| F|  |TAMS 0x0000000750800000, 0x0000000750800000| Untracked 
| 265|0x0000000750900000, 0x0000000750900000, 0x0000000750a00000|  0%| F|  |TAMS 0x0000000750900000, 0x0000000750900000| Untracked 
| 266|0x0000000750a00000, 0x0000000750a00000, 0x0000000750b00000|  0%| F|  |TAMS 0x0000000750a00000, 0x0000000750a00000| Untracked 
| 267|0x0000000750b00000, 0x0000000750b00000, 0x0000000750c00000|  0%| F|  |TAMS 0x0000000750b00000, 0x0000000750b00000| Untracked 
| 268|0x0000000750c00000, 0x0000000750c00000, 0x0000000750d00000|  0%| F|  |TAMS 0x0000000750c00000, 0x0000000750c00000| Untracked 
| 269|0x0000000750d00000, 0x0000000750d00000, 0x0000000750e00000|  0%| F|  |TAMS 0x0000000750d00000, 0x0000000750d00000| Untracked 
| 270|0x0000000750e00000, 0x0000000750e00000, 0x0000000750f00000|  0%| F|  |TAMS 0x0000000750e00000, 0x0000000750e00000| Untracked 
| 271|0x0000000750f00000, 0x0000000750f00000, 0x0000000751000000|  0%| F|  |TAMS 0x0000000750f00000, 0x0000000750f00000| Untracked 
| 272|0x0000000751000000, 0x0000000751000000, 0x0000000751100000|  0%| F|  |TAMS 0x0000000751000000, 0x0000000751000000| Untracked 
| 273|0x0000000751100000, 0x0000000751100000, 0x0000000751200000|  0%| F|  |TAMS 0x0000000751100000, 0x0000000751100000| Untracked 
| 274|0x0000000751200000, 0x000000075122c320, 0x0000000751300000| 17%| E|  |TAMS 0x0000000751200000, 0x0000000751200000| Complete 
| 275|0x0000000751300000, 0x0000000751400000, 0x0000000751400000|100%| E|CS|TAMS 0x0000000751300000, 0x0000000751300000| Complete 
| 276|0x0000000751400000, 0x0000000751500000, 0x0000000751500000|100%| E|CS|TAMS 0x0000000751400000, 0x0000000751400000| Complete 
| 277|0x0000000751500000, 0x0000000751600000, 0x0000000751600000|100%| E|CS|TAMS 0x0000000751500000, 0x0000000751500000| Complete 
| 278|0x0000000751600000, 0x0000000751700000, 0x0000000751700000|100%| E|CS|TAMS 0x0000000751600000, 0x0000000751600000| Complete 
| 279|0x0000000751700000, 0x0000000751800000, 0x0000000751800000|100%| E|CS|TAMS 0x0000000751700000, 0x0000000751700000| Complete 
| 280|0x0000000751800000, 0x0000000751900000, 0x0000000751900000|100%| E|CS|TAMS 0x0000000751800000, 0x0000000751800000| Complete 
| 281|0x0000000751900000, 0x0000000751a00000, 0x0000000751a00000|100%| E|CS|TAMS 0x0000000751900000, 0x0000000751900000| Complete 
| 282|0x0000000751a00000, 0x0000000751b00000, 0x0000000751b00000|100%| E|CS|TAMS 0x0000000751a00000, 0x0000000751a00000| Complete 
| 283|0x0000000751b00000, 0x0000000751c00000, 0x0000000751c00000|100%| E|CS|TAMS 0x0000000751b00000, 0x0000000751b00000| Complete 
| 284|0x0000000751c00000, 0x0000000751d00000, 0x0000000751d00000|100%| E|CS|TAMS 0x0000000751c00000, 0x0000000751c00000| Complete 
| 285|0x0000000751d00000, 0x0000000751e00000, 0x0000000751e00000|100%| E|CS|TAMS 0x0000000751d00000, 0x0000000751d00000| Complete 
| 286|0x0000000751e00000, 0x0000000751f00000, 0x0000000751f00000|100%| E|CS|TAMS 0x0000000751e00000, 0x0000000751e00000| Complete 
| 287|0x0000000751f00000, 0x0000000752000000, 0x0000000752000000|100%| E|CS|TAMS 0x0000000751f00000, 0x0000000751f00000| Complete 

Card table byte_map: [0x000001a1eeba0000,0x000001a1ef1a0000] _byte_map_base: 0x000001a1eb1a0000

Marking Bits (Prev, Next): (CMBitMap*) 0x000001a1ee9a3f50, (CMBitMap*) 0x000001a1ee9a3f18
 Prev Bits: [0x000001a1f27a0000, 0x000001a1f57a0000)
 Next Bits: [0x000001a1ef7a0000, 0x000001a1f27a0000)

Polling page: 0x000001a1c8080000

Metaspace:

Usage:
  Non-class:     92.49 MB capacity,    91.38 MB ( 99%) used,   855.70 KB ( <1%) free+waste,   281.69 KB ( <1%) overhead. 
      Class:     15.34 MB capacity,    14.52 MB ( 95%) used,   709.74 KB (  5%) free+waste,   127.81 KB ( <1%) overhead. 
       Both:    107.83 MB capacity,   105.91 MB ( 98%) used,     1.53 MB (  1%) free+waste,   409.50 KB ( <1%) overhead. 

Virtual space:
  Non-class space:       94.00 MB reserved,      93.33 MB (>99%) committed 
      Class space:        1.00 GB reserved,      15.88 MB (  2%) committed 
             Both:        1.09 GB reserved,     109.20 MB ( 10%) committed 

Chunk freelists:
   Non-Class:  82.88 KB
       Class:  64.38 KB
        Both:  147.25 KB

CodeHeap 'non-profiled nmethods': size=119168Kb used=28129Kb max_used=28554Kb free=91038Kb
 bounds [0x000001a1dd3d0000, 0x000001a1defd0000, 0x000001a1e4830000]
CodeHeap 'profiled nmethods': size=119168Kb used=54278Kb max_used=54278Kb free=64889Kb
 bounds [0x000001a1d5f70000, 0x000001a1d94e0000, 0x000001a1dd3d0000]
CodeHeap 'non-nmethods': size=7424Kb used=1753Kb max_used=3447Kb free=5670Kb
 bounds [0x000001a1d5830000, 0x000001a1d5bf0000, 0x000001a1d5f70000]
 total_blobs=44809 nmethods=22498 adapters=1250
 compilation: enabled
              stopped_count=0, restarted_count=0
 full_count=0

Compilation events (10 events):
Event: 13475.563 Thread 0x000001a1ec52c800 nmethod 30215 0x000001a1d94d4310 code [0x000001a1d94d4520, 0x000001a1d94d4cd0]
Event: 13475.572 Thread 0x000001a1ee94b000 nmethod 30213 0x000001a1deb8cf90 code [0x000001a1deb8d240, 0x000001a1deb8e550]
Event: 13475.816 Thread 0x000001a1ee94b000 30216       4       ui.utils.as::a (160 bytes)
Event: 13475.817 Thread 0x000001a1ee94b000 nmethod 30216 0x000001a1deb45c10 code [0x000001a1deb45de0, 0x000001a1deb45fc8]
Event: 13475.896 Thread 0x000001a1ec52c800 30217       3       org.jdesktop.swingx.util.PaintUtils::calcAngle (79 bytes)
Event: 13475.897 Thread 0x000001a1ec52c800 nmethod 30217 0x000001a1d94d4e10 code [0x000001a1d94d5080, 0x000001a1d94d56f0]
Event: 13475.942 Thread 0x000001a1ee94b000 30218       4       com.jidesoft.plaf.basic.BasicJideTabbedPaneUI::paintTab (748 bytes)
Event: 13476.000 Thread 0x000001a1ee94b000 nmethod 30218 0x000001a1dec81a90 code [0x000001a1dec82040, 0x000001a1dec86728]
Event: 13476.714 Thread 0x000001a1ee94b000 30219       4       javax.swing.JTable::setSelectionModel (62 bytes)
Event: 13476.716 Thread 0x000001a1ee94b000 nmethod 30219 0x000001a1deb56090 code [0x000001a1deb56240, 0x000001a1deb56478]

GC Heap History (10 events):
Event: 13458.576 GC heap before
{Heap before GC invocations=664 (full 31):
 garbage-first heap   total 294912K, used 158575K [0x0000000740000000, 0x0000000800000000)
  region size 1024K, 5 young (5120K), 2 survivors (2048K)
 Metaspace       used 108381K, capacity 110354K, committed 111568K, reserved 1144832K
  class space    used 14871K, capacity 15709K, committed 16256K, reserved 1048576K
}
Event: 13458.639 GC heap after
{Heap after GC invocations=665 (full 32):
 garbage-first heap   total 294912K, used 142262K [0x0000000740000000, 0x0000000800000000)
  region size 1024K, 0 young (0K), 0 survivors (0K)
 Metaspace       used 108381K, capacity 110354K, committed 111568K, reserved 1144832K
  class space    used 14871K, capacity 15709K, committed 16256K, reserved 1048576K
}
Event: 13468.820 GC heap before
{Heap before GC invocations=665 (full 32):
 garbage-first heap   total 294912K, used 203702K [0x0000000740000000, 0x0000000800000000)
  region size 1024K, 60 young (61440K), 0 survivors (0K)
 Metaspace       used 108384K, capacity 110354K, committed 111568K, reserved 1144832K
  class space    used 14871K, capacity 15709K, committed 16256K, reserved 1048576K
}
Event: 13468.822 GC heap after
{Heap after GC invocations=666 (full 32):
 garbage-first heap   total 294912K, used 143037K [0x0000000740000000, 0x0000000800000000)
  region size 1024K, 1 young (1024K), 1 survivors (1024K)
 Metaspace       used 108384K, capacity 110354K, committed 111568K, reserved 1144832K
  class space    used 14871K, capacity 15709K, committed 16256K, reserved 1048576K
}
Event: 13469.752 GC heap before
{Heap before GC invocations=666 (full 32):
 garbage-first heap   total 294912K, used 203453K [0x0000000740000000, 0x0000000800000000)
  region size 1024K, 60 young (61440K), 1 survivors (1024K)
 Metaspace       used 108384K, capacity 110354K, committed 111568K, reserved 1144832K
  class space    used 14871K, capacity 15709K, committed 16256K, reserved 1048576K
}
Event: 13469.754 GC heap after
{Heap after GC invocations=667 (full 32):
 garbage-first heap   total 294912K, used 142673K [0x0000000740000000, 0x0000000800000000)
  region size 1024K, 1 young (1024K), 1 survivors (1024K)
 Metaspace       used 108384K, capacity 110354K, committed 111568K, reserved 1144832K
  class space    used 14871K, capacity 15709K, committed 16256K, reserved 1048576K
}
Event: 13472.651 GC heap before
{Heap before GC invocations=668 (full 32):
 garbage-first heap   total 294912K, used 203089K [0x0000000740000000, 0x0000000800000000)
  region size 1024K, 60 young (61440K), 1 survivors (1024K)
 Metaspace       used 108424K, capacity 110418K, committed 111824K, reserved 1144832K
  class space    used 14871K, capacity 15709K, committed 16256K, reserved 1048576K
}
Event: 13472.653 GC heap after
{Heap after GC invocations=669 (full 32):
 garbage-first heap   total 294912K, used 142803K [0x0000000740000000, 0x0000000800000000)
  region size 1024K, 1 young (1024K), 1 survivors (1024K)
 Metaspace       used 108424K, capacity 110418K, committed 111824K, reserved 1144832K
  class space    used 14871K, capacity 15709K, committed 16256K, reserved 1048576K
}
Event: 13475.773 GC heap before
{Heap before GC invocations=669 (full 32):
 garbage-first heap   total 294912K, used 203219K [0x0000000740000000, 0x0000000800000000)
  region size 1024K, 60 young (61440K), 1 survivors (1024K)
 Metaspace       used 108447K, capacity 110422K, committed 111824K, reserved 1144832K
  class space    used 14871K, capacity 15709K, committed 16256K, reserved 1048576K
}
Event: 13475.776 GC heap after
{Heap after GC invocations=670 (full 32):
 garbage-first heap   total 294912K, used 142993K [0x0000000740000000, 0x0000000800000000)
  region size 1024K, 1 young (1024K), 1 survivors (1024K)
 Metaspace       used 108447K, capacity 110422K, committed 111824K, reserved 1144832K
  class space    used 14871K, capacity 15709K, committed 16256K, reserved 1048576K
}

Deoptimization events (10 events):
Event: 13360.270 Thread 0x000001a1fb767800 Uncommon trap: reason=class_check action=maybe_recompile pc=0x000001a1dd9bb2b0 method=javax.swing.plaf.synth.ParsedSynthStyle$DelegatingPainter.paintPanelBackground(Ljavax/swing/plaf/synth/SynthContext;Ljava/awt/Graphics;IIII)V @ 16 c2
Event: 13448.383 Thread 0x000001a1fb767800 Uncommon trap: reason=bimorphic_or_optimized_type_check action=maybe_recompile pc=0x000001a1debed400 method=ui.frmwork.g.A.G(Ljavax/swing/JComponent;)V @ 121 c2
Event: 13448.435 Thread 0x000001a1fb767800 Uncommon trap: reason=class_check action=maybe_recompile pc=0x000001a1deb3fec8 method=javax.swing.plaf.basic.BasicListUI$Handler.propertyChange(Ljava/beans/PropertyChangeEvent;)V @ 97 c2
Event: 13449.738 Thread 0x000001a1fb767800 Uncommon trap: reason=bimorphic_or_optimized_type_check action=maybe_recompile pc=0x000001a1ded724d0 method=com.jidesoft.plaf.basic.BasicJideButtonUI.getIcon(Ljavax/swing/AbstractButton;)Ljavax/swing/Icon; @ 91 c2
Event: 13451.281 Thread 0x000001a1fb767800 Uncommon trap: reason=null_check action=make_not_entrant pc=0x000001a1de5897b4 method=java.awt.Component.requestFocusHelper(ZZLjava/awt/event/FocusEvent$Cause;)Z @ 7 c2
Event: 13458.410 Thread 0x000001a1fb767800 Uncommon trap: reason=speculate_class_check action=maybe_recompile pc=0x000001a1deb5b6a8 method=javax.swing.plaf.basic.BasicComboBoxUI$Handler.propertyChange(Ljava/beans/PropertyChangeEvent;)V @ 163 c2
Event: 13473.755 Thread 0x000001a1fb767800 Uncommon trap: reason=profile_predicate action=maybe_recompile pc=0x000001a1deb64bbc method=com.jidesoft.grid.FilterableTableModel.prepareFilters()V @ 166 c2
Event: 13473.755 Thread 0x000001a1fb767800 Uncommon trap: reason=profile_predicate action=maybe_recompile pc=0x000001a1deb64bbc method=com.jidesoft.grid.FilterableTableModel.prepareFilters()V @ 166 c2
Event: 13473.755 Thread 0x000001a1fb767800 Uncommon trap: reason=profile_predicate action=maybe_recompile pc=0x000001a1deb64bbc method=com.jidesoft.grid.FilterableTableModel.prepareFilters()V @ 166 c2
Event: 13473.756 Thread 0x000001a1fb767800 Uncommon trap: reason=profile_predicate action=maybe_recompile pc=0x000001a1deb64bbc method=com.jidesoft.grid.FilterableTableModel.prepareFilters()V @ 166 c2

Classes redefined (0 events):
No events

Internal exceptions (10 events):
Event: 13452.990 Thread 0x000001a1fb767800 Exception <a 'java/io/FileNotFoundException'{0x0000000750828768}> (0x0000000750828768) thrown at [t:/workspace/open/src/hotspot/share/prims/jni.cpp, line 615]
Event: 13453.038 Thread 0x000001a1fb767800 Exception <a 'java/io/FileNotFoundException'{0x000000075082c348}> (0x000000075082c348) thrown at [t:/workspace/open/src/hotspot/share/prims/jni.cpp, line 615]
Event: 13458.319 Thread 0x000001a1fb767800 Exception <a 'java/io/FileNotFoundException'{0x000000074fc53d80}> (0x000000074fc53d80) thrown at [t:/workspace/open/src/hotspot/share/prims/jni.cpp, line 615]
Event: 13458.319 Thread 0x000001a1fb767800 Exception <a 'java/io/FileNotFoundException'{0x000000074fc6d3b0}> (0x000000074fc6d3b0) thrown at [t:/workspace/open/src/hotspot/share/prims/jni.cpp, line 615]
Event: 13462.992 Thread 0x000001a1fb767800 Exception <a 'java/io/FileNotFoundException'{0x000000074e941f50}> (0x000000074e941f50) thrown at [t:/workspace/open/src/hotspot/share/prims/jni.cpp, line 615]
Event: 13463.040 Thread 0x000001a1fb767800 Exception <a 'java/io/FileNotFoundException'{0x000000074e942848}> (0x000000074e942848) thrown at [t:/workspace/open/src/hotspot/share/prims/jni.cpp, line 615]
Event: 13467.993 Thread 0x000001a1fb767800 Exception <a 'java/io/FileNotFoundException'{0x000000074e95cfe0}> (0x000000074e95cfe0) thrown at [t:/workspace/open/src/hotspot/share/prims/jni.cpp, line 615]
Event: 13468.041 Thread 0x000001a1fb767800 Exception <a 'java/io/FileNotFoundException'{0x000000074e95de10}> (0x000000074e95de10) thrown at [t:/workspace/open/src/hotspot/share/prims/jni.cpp, line 615]
Event: 13472.994 Thread 0x000001a1fb767800 Exception <a 'java/io/FileNotFoundException'{0x00000007509ebaf8}> (0x00000007509ebaf8) thrown at [t:/workspace/open/src/hotspot/share/prims/jni.cpp, line 615]
Event: 13473.044 Thread 0x000001a1fb767800 Exception <a 'java/io/FileNotFoundException'{0x0000000750821900}> (0x0000000750821900) thrown at [t:/workspace/open/src/hotspot/share/prims/jni.cpp, line 615]

Events (10 events):
Event: 13475.826 Executing VM operation: CGC_Operation done
Event: 13475.828 Thread 0x000001a1acd84800 Thread added: 0x000001a1acd84800
Event: 13475.831 Thread 0x000001a1acd84800 Thread exited: 0x000001a1acd84800
Event: 13475.859 Executing VM operation: CGC_Operation
Event: 13475.859 Executing VM operation: CGC_Operation done
Event: 13476.690 Thread 0x000001a1acd84800 Thread added: 0x000001a1acd84800
Event: 13476.693 Executing VM operation: RevokeBias
Event: 13476.694 Executing VM operation: RevokeBias done
Event: 13476.821 Thread 0x000001a18edb7800 Thread added: 0x000001a18edb7800
Event: 13476.823 Thread 0x000001a18edb7800 Thread exited: 0x000001a18edb7800


Dynamic libraries:
0x00007ff7b7f60000 - 0x00007ff7b7f8f000 	C:\Xilinx\Vivado\2020.2\bin\unwrapped\win64.o\vivado.exe
0x00007ffcc52d0000 - 0x00007ffcc54e4000 	C:\Windows\SYSTEM32\ntdll.dll
0x00007ffcc3ae0000 - 0x00007ffcc3ba4000 	C:\Windows\System32\KERNEL32.DLL
0x00007ffcc26b0000 - 0x00007ffcc2a54000 	C:\Windows\System32\KERNELBASE.dll
0x00007ffcc2cb0000 - 0x00007ffcc2dc1000 	C:\Windows\System32\ucrtbase.dll
0x00007ffca2ae0000 - 0x00007ffca2b6e000 	C:\Windows\SYSTEM32\MSVCP140.dll
0x00007ffcab390000 - 0x00007ffcab3ab000 	C:\Windows\SYSTEM32\VCRUNTIME140.dll
0x00007ffcb17d0000 - 0x00007ffcb17dc000 	C:\Windows\SYSTEM32\VCRUNTIME140_1.dll
0x00007ffcbafc0000 - 0x00007ffcbafd8000 	C:\Xilinx\Vivado\2020.2\lib\win64.o\librdi_commonmain.dll
0x00007ffcbaf30000 - 0x00007ffcbaf43000 	C:\Xilinx\Vivado\2020.2\lib\win64.o\libboost_signals.dll
0x00007ffcbd900000 - 0x00007ffcbd909000 	C:\Xilinx\Vivado\2020.2\lib\win64.o\librdi_commonversion.dll
0x00007ffcbae20000 - 0x00007ffcbae42000 	C:\Xilinx\Vivado\2020.2\lib\win64.o\libboost_filesystem.dll
0x00007ffcc3970000 - 0x00007ffcc3a20000 	C:\Windows\System32\ADVAPI32.dll
0x00007ffcc35f0000 - 0x00007ffcc3697000 	C:\Windows\System32\msvcrt.dll
0x00007ffcc4a30000 - 0x00007ffcc4ad6000 	C:\Windows\System32\sechost.dll
0x00007ffcc3180000 - 0x00007ffcc3297000 	C:\Windows\System32\RPCRT4.dll
0x00007ffc74a60000 - 0x00007ffc74bf9000 	C:\Xilinx\Vivado\2020.2\lib\win64.o\librdi_commonxillic.dll
0x00007ffcc4b10000 - 0x00007ffcc4cbe000 	C:\Windows\System32\USER32.dll
0x00007ffcc2680000 - 0x00007ffcc26a6000 	C:\Windows\System32\win32u.dll
0x00007ffcc3940000 - 0x00007ffcc3969000 	C:\Windows\System32\GDI32.dll
0x00007ffcc2a60000 - 0x00007ffcc2b78000 	C:\Windows\System32\gdi32full.dll
0x00007ffcc2dd0000 - 0x00007ffcc2e6a000 	C:\Windows\System32\msvcp_win.dll
0x00007ffcc3bb0000 - 0x00007ffcc3c21000 	C:\Windows\System32\WS2_32.dll
0x0000000060fb0000 - 0x00000000610db000 	C:\Xilinx\Vivado\2020.2\lib\win64.o\tcl85t.dll
0x00007ffcbd7e0000 - 0x00007ffcbd7e9000 	C:\Xilinx\Vivado\2020.2\lib\win64.o\libboost_system.dll
0x00007ffc6bfd0000 - 0x00007ffc6c2ab000 	C:\Xilinx\Vivado\2020.2\lib\win64.o\libXil_lmgr11.dll
0x00007ffcc4920000 - 0x00007ffcc4a19000 	C:\Windows\System32\COMDLG32.dll
0x00007ffcc4590000 - 0x00007ffcc491a000 	C:\Windows\System32\combase.dll
0x00007ffcc3060000 - 0x00007ffcc3153000 	C:\Windows\System32\shcore.dll
0x00007ffcc3590000 - 0x00007ffcc35ee000 	C:\Windows\System32\SHLWAPI.dll
0x00007ffcc3d00000 - 0x00007ffcc4523000 	C:\Windows\System32\SHELL32.dll
0x00007ffcc36a0000 - 0x00007ffcc3777000 	C:\Windows\System32\OLEAUT32.dll
0x00007ffcc33f0000 - 0x00007ffcc358e000 	C:\Windows\System32\ole32.dll
0x00007ffcc2b80000 - 0x00007ffcc2beb000 	C:\Windows\System32\WINTRUST.dll
0x00007ffcc2e70000 - 0x00007ffcc2fd6000 	C:\Windows\System32\CRYPT32.dll
0x00007ffc99c30000 - 0x00007ffc99d41000 	C:\Xilinx\Vivado\2020.2\lib\win64.o\libboost_regex.dll
0x00007ffc64de0000 - 0x00007ffc65bd2600 	C:\Xilinx\Vivado\2020.2\lib\win64.o\libisl_iostreams.dll
0x00007ffcc2050000 - 0x00007ffcc2078000 	C:\Windows\SYSTEM32\bcrypt.dll
0x00007ffca8de0000 - 0x00007ffca8df9000 	C:\Windows\SYSTEM32\NETAPI32.dll
0x00007ffc99340000 - 0x00007ffc993f3000 	C:\Windows\WinSxS\amd64_microsoft.windows.common-controls_6595b64144ccf1df_5.82.22621.608_none_fb280a3c7926c2cc\COMCTL32.dll
0x00007ffcb04e0000 - 0x00007ffcb04e9000 	C:\Windows\SYSTEM32\WSOCK32.dll
0x00007ffcba160000 - 0x00007ffcba17f000 	C:\Windows\SYSTEM32\dhcpcsvc.DLL
0x00007ffcbd640000 - 0x00007ffcbd650000 	C:\Xilinx\Vivado\2020.2\lib\win64.o\libboost_date_time.dll
0x00007ffcb9600000 - 0x00007ffcb9616000 	C:\Xilinx\Vivado\2020.2\lib\win64.o\libboost_iostreams.dll
0x00007ffcb7730000 - 0x00007ffcb774e000 	C:\Xilinx\Vivado\2020.2\lib\win64.o\libboost_thread.dll
0x00007ffcb4570000 - 0x00007ffcb4593000 	C:\Xilinx\Vivado\2020.2\lib\win64.o\libisl_iosutils.dll
0x00007ffcb76f0000 - 0x00007ffcb770a000 	C:\Xilinx\Vivado\2020.2\lib\win64.o\pthreadVC2.dll
0x00007ffcb4540000 - 0x00007ffcb4561000 	C:\Xilinx\Vivado\2020.2\lib\win64.o\librdizlib.dll
0x00007ffcbb5f0000 - 0x00007ffcbb5fc000 	C:\Xilinx\Vivado\2020.2\lib\win64.o\libboost_chrono.dll
0x00007ffc63100000 - 0x00007ffc64277000 	C:\Xilinx\Vivado\2020.2\lib\win64.o\librdi_common.dll
0x00007ffcbafb0000 - 0x00007ffcbafbc000 	C:\Xilinx\Vivado\2020.2\lib\win64.o\libboost_xilinx.dll
0x00007ffc8bb30000 - 0x00007ffc8bbb2000 	C:\Xilinx\Vivado\2020.2\lib\win64.o\libhdlpsolve.dll
0x00007ffc8bab0000 - 0x00007ffc8bb23000 	C:\Xilinx\Vivado\2020.2\lib\win64.o\libboost_program_options.dll
0x00007ffc683e0000 - 0x00007ffc6874e000 	C:\Xilinx\Vivado\2020.2\lib\win64.o\libCOIN-all.dll
0x00007ffcb0bc0000 - 0x00007ffcb0be8000 	C:\Xilinx\Vivado\2020.2\lib\win64.o\libisl_sysinfo.dll
0x00007ffc8b7c0000 - 0x00007ffc8b865000 	C:\Xilinx\Vivado\2020.2\lib\win64.o\libhdxml.dll
0x00007ffca16f0000 - 0x00007ffca1be4000 	C:\Windows\SYSTEM32\WININET.dll
0x00007ffcbc170000 - 0x00007ffcbc2a7000 	C:\Windows\SYSTEM32\WINHTTP.dll
0x00007ffcac1e0000 - 0x00007ffcac3d0000 	C:\Windows\SYSTEM32\urlmon.dll
0x00007ffcb7600000 - 0x00007ffcb761c000 	C:\Xilinx\Vivado\2020.2\lib\win64.o\librdiconfig.dll
0x00007ffcafd40000 - 0x00007ffcafd71000 	C:\Windows\SYSTEM32\VCOMP140.DLL
0x00007ffcabd90000 - 0x00007ffcac04c000 	C:\Windows\SYSTEM32\iertutil.dll
0x00007ffcabd60000 - 0x00007ffcabd89000 	C:\Windows\SYSTEM32\srvcli.dll
0x00007ffcc1300000 - 0x00007ffcc130c000 	C:\Windows\SYSTEM32\netutils.dll
0x00007ffcafb40000 - 0x00007ffcafba5000 	C:\Xilinx\Vivado\2020.2\lib\win64.o\liblmx6.0.dll
0x00007ffc5a970000 - 0x00007ffc5c887000 	C:\Xilinx\Vivado\2020.2\lib\win64.o\gurobi90.dll
0x00007ffcc3c90000 - 0x00007ffcc3cf2000 	C:\Windows\System32\WLDAP32.dll
0x00007ffcc4a20000 - 0x00007ffcc4a28000 	C:\Windows\System32\Normaliz.dll
0x0000000012000000 - 0x0000000012270000 	C:\Xilinx\Vivado\2020.2\lib\win64.o\xerces-c_3_1.dll
0x00007ffcc1c40000 - 0x00007ffcc1ca9000 	C:\Windows\SYSTEM32\MSWSOCK.DLL
0x00007ffcc3aa0000 - 0x00007ffcc3ad1000 	C:\Windows\System32\IMM32.DLL
0x00007ffcc1ef0000 - 0x00007ffcc1f02000 	C:\Windows\SYSTEM32\MSASN1.dll
0x00007ffcc1770000 - 0x00007ffcc1788000 	C:\Windows\SYSTEM32\kernel.appcore.dll
0x00007ffc648b0000 - 0x00007ffc64dd2000 	C:\Xilinx\Vivado\2020.2\lib\win64.o\librdi_commontasks.dll
0x00007ffcb0590000 - 0x00007ffcb059a000 	C:\Windows\SYSTEM32\VERSION.dll
0x00007ffc625d0000 - 0x00007ffc630f3000 	C:\Xilinx\Vivado\2020.2\tps\win64\jre11.0.2\bin\server\jvm.dll
0x00007ffcc4d70000 - 0x00007ffcc4d78000 	C:\Windows\System32\PSAPI.DLL
0x00007ffcbb0d0000 - 0x00007ffcbb104000 	C:\Windows\SYSTEM32\WINMM.dll
0x00007ffc645d0000 - 0x00007ffc648a5000 	C:\Xilinx\Vivado\2020.2\lib\win64.o\librdi_sio.dll
0x00007ffcc11d0000 - 0x00007ffcc11fd000 	C:\Windows\SYSTEM32\IPHLPAPI.DLL
0x00007ffcc0620000 - 0x00007ffcc0f0a000 	C:\Windows\SYSTEM32\windows.storage.dll
0x00007ffcc04e0000 - 0x00007ffcc061e000 	C:\Windows\SYSTEM32\wintypes.dll
0x00007ffc57eb0000 - 0x00007ffc5a96e000 	C:\Xilinx\Vivado\2020.2\lib\win64.o\librdi_tcltasks.dll
0x00007ffc74370000 - 0x00007ffc74523000 	C:\Xilinx\Vivado\2020.2\lib\win64.o\librdi_board.dll
0x00007ffc57a00000 - 0x00007ffc57ea6000 	C:\Xilinx\Vivado\2020.2\lib\win64.o\librdi_bitstream.dll
0x00007ffc73a30000 - 0x00007ffc73b26000 	C:\Xilinx\Vivado\2020.2\lib\win64.o\librdi_chipscope.dll
0x00007ffc8b740000 - 0x00007ffc8b7be000 	C:\Xilinx\Vivado\2020.2\lib\win64.o\librdi_boarddep.dll
0x00007ffc6c510000 - 0x00007ffc6c6fa000 	C:\Xilinx\Vivado\2020.2\lib\win64.o\librdi_chipscopeimpl.dll
0x00007ffc6d730000 - 0x00007ffc6d891000 	C:\Xilinx\Vivado\2020.2\lib\win64.o\librdi_containers.dll
0x00007ffc54b50000 - 0x00007ffc568b1000 	C:\Xilinx\Vivado\2020.2\lib\win64.o\librdi_designutils.dll
0x00007ffc51980000 - 0x00007ffc537ac000 	C:\Xilinx\Vivado\2020.2\lib\win64.o\librdi_constraints.dll
0x00007ffc57690000 - 0x00007ffc579f8000 	C:\Xilinx\Vivado\2020.2\lib\win64.o\librdi_dlyest.dll
0x00007ffc56ab0000 - 0x00007ffc5710d000 	C:\Xilinx\Vivado\2020.2\lib\win64.o\librdi_drc.dll
0x00007ffc74fc0000 - 0x00007ffc75073000 	C:\Xilinx\Vivado\2020.2\lib\win64.o\librdi_dsp.dll
0x00007ffc54480000 - 0x00007ffc54b42000 	C:\Xilinx\Vivado\2020.2\lib\win64.o\librdi_filemgmt.dll
0x00007ffc57250000 - 0x00007ffc5756d000 	C:\Xilinx\Vivado\2020.2\lib\win64.o\librdi_guitools.dll
0x00007ffc9c380000 - 0x00007ffc9c3eb000 	C:\Xilinx\Vivado\2020.2\lib\win64.o\librdi_hdf.dll
0x00007ffc68960000 - 0x00007ffc68bd7000 	C:\Xilinx\Vivado\2020.2\lib\win64.o\librdi_hip_devdesign.dll
0x00007ffc6daf0000 - 0x00007ffc6dc37000 	C:\Xilinx\Vivado\2020.2\lib\win64.o\librdi_hip_perf_analysis.dll
0x00007ffc4c990000 - 0x00007ffc4ed4d000 	C:\Xilinx\Vivado\2020.2\lib\win64.o\librdi_coregen.dll
0x00007ffc53d60000 - 0x00007ffc54478000 	C:\Xilinx\Vivado\2020.2\lib\win64.o\librdi_coregenipxact.dll
0x00007ffc01100000 - 0x00007ffc196df000 	C:\Xilinx\Vivado\2020.2\lib\win64.o\librdi_device.dll
0x00007ffc4adb0000 - 0x00007ffc4c984000 	C:\Xilinx\Vivado\2020.2\lib\win64.o\librdi_implflow.dll
0x00007ffc51330000 - 0x00007ffc5197c000 	C:\Xilinx\Vivado\2020.2\lib\win64.o\librdi_memdata.dll
0x00007ffc83690000 - 0x00007ffc83702000 	C:\Xilinx\Vivado\2020.2\lib\win64.o\librdi_memoryarray.dll
0x00007ffca2f10000 - 0x00007ffca2f64000 	C:\Xilinx\Vivado\2020.2\lib\win64.o\librdi_pfi.dll
0x00007ffc48960000 - 0x00007ffc4ada4000 	C:\Xilinx\Vivado\2020.2\lib\win64.o\librdi_mig.dll
0x00007ffc503a0000 - 0x00007ffc50acc000 	C:\Xilinx\Vivado\2020.2\lib\win64.o\librdi_netlist.dll
0x00007ffc4fb80000 - 0x00007ffc50397000 	C:\Xilinx\Vivado\2020.2\lib\win64.o\librdi_power.dll
0x00007ffc539c0000 - 0x00007ffc53d5e000 	C:\Xilinx\Vivado\2020.2\lib\win64.o\librdi_platform.dll
0x00007ffc48150000 - 0x00007ffc4895c000 	C:\Xilinx\Vivado\2020.2\lib\win64.o\librdi_rsb.dll
0x00007ffc47ad0000 - 0x00007ffc48144000 	C:\Xilinx\Vivado\2020.2\lib\win64.o\librdi_project.dll
0x00007ffc36cc0000 - 0x00007ffc373e2000 	C:\Xilinx\Vivado\2020.2\lib\win64.o\librdi_psta.dll
0x00007ffc50e00000 - 0x00007ffc5132b000 	C:\Xilinx\Vivado\2020.2\lib\win64.o\librdi_runs.dll
0x00007ffc73630000 - 0x00007ffc73739000 	C:\Xilinx\Vivado\2020.2\lib\win64.o\librdi_runsbase.dll
0x00007ffc4f900000 - 0x00007ffc4fb74000 	C:\Xilinx\Vivado\2020.2\lib\win64.o\librdi_simdata.dll
0x00007ffbfdef0000 - 0x00007ffc010f7000 	C:\Xilinx\Vivado\2020.2\lib\win64.o\librdi_place.dll
0x00007ffc6d450000 - 0x00007ffc6d566000 	C:\Xilinx\Vivado\2020.2\lib\win64.o\librdi_xhub.dll
0x00007ffc6c9f0000 - 0x00007ffc6ca97000 	C:\Xilinx\Vivado\2020.2\lib\win64.o\librdi_xhubtasks.dll
0x00007ffc67da0000 - 0x00007ffc67f8b000 	C:\Xilinx\Vivado\2020.2\lib\win64.o\librdi_advchipscopeimpl.dll
0x00007ffca23a0000 - 0x00007ffca23e7000 	C:\Xilinx\Vivado\2020.2\lib\win64.o\libboost_serialization.dll
0x00007ffc4f3f0000 - 0x00007ffc4f6eb000 	C:\Xilinx\Vivado\2020.2\lib\win64.o\librdi_hip_config.dll
0x00007ffc6b580000 - 0x00007ffc6b66b000 	C:\Xilinx\Vivado\2020.2\lib\win64.o\librdi_ipconfig_readwrite.dll
0x00007ffc745b0000 - 0x00007ffc7461a000 	C:\Xilinx\Vivado\2020.2\lib\win64.o\librdi_noc_frameworks.dll
0x00007ffbfd9a0000 - 0x00007ffbfdeee000 	C:\Xilinx\Vivado\2020.2\lib\win64.o\librdi_xdm.dll
0x00007ffc73df0000 - 0x00007ffc73e7d000 	C:\Xilinx\Vivado\2020.2\lib\win64.o\treelite_runtime.dll
0x00007ffc6a4a0000 - 0x00007ffc6a53e000 	C:\Xilinx\Vivado\2020.2\lib\win64.o\libise.dll
0x00007ffbfca10000 - 0x00007ffbfd991000 	C:\Xilinx\Vivado\2020.2\lib\win64.o\librdi_timing.dll

dbghelp: loaded successfully - version: 4.0.5 - missing functions: none
symbol engine: initialized successfully - sym options: 0x614 - pdb path: .;C:\Xilinx\Vivado\2020.2\bin\unwrapped\win64.o;C:\Windows\SYSTEM32;C:\Xilinx\Vivado\2020.2\lib\win64.o;C:\Windows\WinSxS\amd64_microsoft.windows.common-controls_6595b64144ccf1df_5.82.22621.608_none_fb280a3c7926c2cc;C:\Xilinx\Vivado\2020.2\tps\win64\jre11.0.2\bin\server;C:\Xilinx\Vivado\2020.2\tps\win64\python-3.8.3;C:\Xilinx\Vivado\2020.2\tps\win64\jre11.0.2\bin;C:\Windows\WinSxS\amd64_microsoft.windows.common-controls_6595b64144ccf1df_6.0.22621.2215_none_270d72677387dfc3

VM Arguments:
jvm_args: -Dsun.java2d.pmoffscreen=false -Dhttps.protocols=TLSv1,TLSv1.1,TLSv1.2 -Dsun.java2d.xrender=false -Dsun.java2d.d3d=false -Dsun.awt.nopixfmt=true -Dsun.java2d.dpiaware=true -Dsun.java2d.uiScale.enabled=false -Xverify:none -Dswing.aatext=true -XX:-UsePerfData -Djdk.map.althashing.threshold=512 -XX:StringTableSize=4072 --add-opens=java.base/java.nio=ALL-UNNAMED --add-opens=java.desktop/sun.swing=ALL-UNNAMED --add-opens=java.desktop/javax.swing=ALL-UNNAMED --add-opens=java.desktop/javax.swing.tree=ALL-UNNAMED --add-opens=java.desktop/javax.swing.plaf.basic=ALL-UNNAMED --add-opens=java.desktop/javax.swing.plaf.synth=ALL-UNNAMED --add-opens=java.desktop/com.sun.awt=ALL-UNNAMED -XX:NewSize=60m -XX:MaxNewSize=60m -Xms128m -Xmx3072m -Xss5m 
java_command: <unknown>
java_class_path (initial): C:/Xilinx/Vivado/2020.2\lib\classes\alloy.jar;C:/Xilinx/Vivado/2020.2\lib\classes\ArchiveSummary.jar;C:/Xilinx/Vivado/2020.2\lib\classes\autoesl-models.jar;C:/Xilinx/Vivado/2020.2\lib\classes\autopilot.scelaborator.jar;C:/Xilinx/Vivado/2020.2\lib\classes\autopilot.sourceprocessor.jar;C:/Xilinx/Vivado/2020.2\lib\classes\autopilot.tbprocessor.jar;C:/Xilinx/Vivado/2020.2\lib\classes\batik-anim.jar;C:/Xilinx/Vivado/2020.2\lib\classes\batik-awt-util.jar;C:/Xilinx/Vivado/2020.2\lib\classes\batik-bridge.jar;C:/Xilinx/Vivado/2020.2\lib\classes\batik-codec.jar;C:/Xilinx/Vivado/2020.2\lib\classes\batik-css.jar;C:/Xilinx/Vivado/2020.2\lib\classes\batik-dom.jar;C:/Xilinx/Vivado/2020.2\lib\classes\batik-ext.jar;C:/Xilinx/Vivado/2020.2\lib\classes\batik-gui-util.jar;C:/Xilinx/Vivado/2020.2\lib\classes\batik-gvt.jar;C:/Xilinx/Vivado/2020.2\lib\classes\batik-parser.jar;C:/Xilinx/Vivado/2020.2\lib\classes\batik-script.jar;C:/Xilinx/Vivado/2020.2\lib\classes\batik-svg-dom.jar;C:/Xilinx/Vivado/2020.2\lib\classes\batik-swing.jar;C:/Xilinx/Vivado/2020.2\lib\classes\batik-transcoder.jar;C:/Xilinx/Vivado/2020.2\lib\classes\batik-util.jar;C:/Xilinx/Vivado/2020.2\lib\classes\batik-xml.jar;C:/Xilinx/Vivado/2020.2\lib\classes\com.google.gson_2.8.2.v20180104-1110.jar;C:/Xilinx/Vivado/2020.2\lib\classes\com.google.guava_27.1.0.v20190517-1946.jar;C:/Xilinx/Vivado/2020.2\lib\classes\com.ibm.icu_4.4.2.v20110208.jar;C:/Xilinx/Vivado/2020.2\lib\classes\com.sigasi.hdt.connection_4.9.0.202009050929.jar;C:/Xilinx/Vivado/2020.2\lib\classes\com.sigasi.hdt.epl_4.9.0.202009050929.jar;C:/Xilinx/Vivado/2020.2\lib\classes\com.sigasi.hdt.project_4.9.0.202009050929.jar;C:/Xilinx/Vivado/2020.2\lib\classes\com.sigasi.hdt.readonlyfilesystem_4.9.0.202009050929.jar;C:/Xilinx/Vivado/2020.2\lib\classes\com.sigasi.lcm_4.9.0.202009050929.jar;C:/Xilinx/Vivado/2020.2\lib\classes\com.sigasi.sdk.client_4.9.0.202009050929.jar;C:/Xilinx/Vivado/2020.2\lib\classes\com.xilinx.hls.services.jar;C:/Xili
Launcher Type: generic

[Global flags]
     bool BytecodeVerificationLocal                = false                                     {product} {command line}
     bool BytecodeVerificationRemote               = false                                     {product} {command line}
     intx CICompilerCount                          = 12                                        {product} {ergonomic}
     uint ConcGCThreads                            = 3                                         {product} {ergonomic}
     uint G1ConcRefinementThreads                  = 13                                        {product} {ergonomic}
   size_t G1HeapRegionSize                         = 1048576                                   {product} {ergonomic}
    uintx GCDrainStackTargetSize                   = 64                                        {product} {ergonomic}
   size_t InitialHeapSize                          = 134217728                                 {product} {command line}
   size_t MarkStackSize                            = 4194304                                   {product} {ergonomic}
   size_t MaxHeapSize                              = 3221225472                                {product} {command line}
   size_t MaxNewSize                               = 62914560                                  {product} {command line}
   size_t MinHeapDeltaBytes                        = 1048576                                   {product} {ergonomic}
   size_t NewSize                                  = 62914560                                  {product} {command line}
    uintx NonNMethodCodeHeapSize                   = 7591728                                {pd product} {ergonomic}
    uintx NonProfiledCodeHeapSize                  = 122033256                              {pd product} {ergonomic}
    uintx ProfiledCodeHeapSize                     = 122033256                              {pd product} {ergonomic}
    uintx ReservedCodeCacheSize                    = 251658240                              {pd product} {ergonomic}
     bool SegmentedCodeCache                       = true                                      {product} {ergonomic}
    uintx StringTableSize                          = 4072                                      {product} {command line}
     intx ThreadStackSize                          = 5120                                   {pd product} {command line}
     bool UseCompressedClassPointers               = true                                 {lp64_product} {ergonomic}
     bool UseCompressedOops                        = true                                 {lp64_product} {ergonomic}
     bool UseG1GC                                  = true                                      {product} {ergonomic}
     bool UseLargePagesIndividualAllocation        = false                                  {pd product} {ergonomic}
     bool UsePerfData                              = false                                     {product} {command line}

Logging:
Log output configuration:
 #0: stdout all=warning uptime,level,tags
 #1: stderr all=off uptime,level,tags

Environment Variables:
PATH=C:/Xilinx/Vivado/2020.2\gnuwin\bin;C:/Xilinx/Vivado/2020.2\gnu\microblaze\nt\bin;C:/Xilinx/Vivado/2020.2/bin;C:/Xilinx/Vivado/2020.2/tps/win64/javafx-sdk-11.0.2/lib;C:/Xilinx/Vivado/2020.2/tps/win64/javafx-sdk-11.0.2/bin;C:/Xilinx/Vivado/2020.2/lib/win64.o;C:/Xilinx/Vivado/2020.2/tps/win64/jre11.0.2/bin/server;C:/Xilinx/Vivado/2020.2/tps/win64/jre11.0.2/bin;C:/Xilinx/Vitis/2020.2/bin;C:/Xilinx/Vivado/2020.2/ids_lite/ISE/bin/nt64;C:/Xilinx/Vivado/2020.2/ids_lite/ISE/lib/nt64;C:/Xilinx/Vitis_HLS/2020.2/bin;C:\Windows\system32;C:\Windows;C:\Windows\System32\Wbem;C:\Windows\System32\WindowsPowerShell\v1.0\;C:\Windows\System32\OpenSSH\;C:\Program Files\Bandizip\;C:\Program Files (x86)\Windows Kits\10\Windows Performance Toolkit\;C:\Users\kccistc\AppData\Local\Microsoft\WindowsApps;;C:/Xilinx/Vivado/2020.2\tps\mingw\6.2.0\win64.o\nt\bin;C:/Xilinx/Vivado/2020.2\tps\mingw\6.2.0\win64.o\nt\libexec\gcc\x86_64-w64-mingw32\6.2.0;C:/Xilinx/Vivado/2020.2\tps\win64\python-3.8.3;C:/Xilinx/Vivado/2020.2\tps\win64\python-3.8.3\bin;C:/Xilinx/Vivado/2020.2\tps\win64\python-3.8.3\lib;C:/Xilinx/Vivado/2020.2\tps\win64\python-3.8.3\lib\site-packages
USERNAME=kccistc
OS=Windows_NT
PROCESSOR_IDENTIFIER=Intel64 Family 6 Model 154 Stepping 3, GenuineIntel



---------------  S Y S T E M  ---------------

OS: Windows 10 , 64 bit Build 22621 (10.0.22621.2215)

CPU:total 16 (initial active 16) (8 cores per cpu, 2 threads per core) family 6 model 154 stepping 3, cmov, cx8, fxsr, mmx, sse, sse2, sse3, ssse3, sse4.1, sse4.2, popcnt, avx, avx2, aes, clmul, erms, 3dnowpref, lzcnt, ht, tsc, tscinvbit, bmi1, bmi2, adx, sha, fma

Memory: 4k page, system-wide physical 16066M (7865M free)
TotalPageFile size 59074M (AvailPageFile size 48454M)
current process WorkingSet (physical memory assigned to process): 1345M, peak: 1741M
current process commit charge ("private bytes"): 2016M, peak: 2053M

vm_info: OpenJDK 64-Bit Server VM (11.0.2+9) for windows-amd64 JRE (11.0.2+9), built on Jan 18 2019 05:23:22 by "mach5one" with MS VC++ 15.5 (VS2017)

END.
