#
# A fatal error has been detected by the Java Runtime Environment:
#
#  EXCEPTION_ACCESS_VIOLATION (0xc0000005) at pc=0x00007fff9b351049, pid=1636, tid=11760
#
# JRE version: OpenJDK Runtime Environment (11.0.2+9) (build 11.0.2+9)
# Java VM: OpenJDK 64-Bit Server VM (11.0.2+9, mixed mode, tiered, compressed oops, g1 gc, windows-amd64)
# Problematic frame:
# C  0x00007fff9b351049
#
# No core dump will be written. Minidumps are not enabled by default on client versions of Windows
#
# If you would like to submit a bug report, please visit:
#   http://bugreport.java.com/bugreport/crash.jsp
# The crash happened outside the Java Virtual Machine in native code.
# See problematic frame for where to report the bug.
#

---------------  S U M M A R Y ------------

Command Line: -Dsun.java2d.pmoffscreen=false -Dhttps.protocols=TLSv1,TLSv1.1,TLSv1.2 -Dsun.java2d.xrender=false -Dsun.java2d.d3d=false -Dsun.awt.nopixfmt=true -Dsun.java2d.dpiaware=true -Dsun.java2d.uiScale.enabled=false -Xverify:none -Dswing.aatext=true -XX:-UsePerfData -Djdk.map.althashing.threshold=512 -XX:StringTableSize=4072 --add-opens=java.base/java.nio=ALL-UNNAMED --add-opens=java.desktop/sun.swing=ALL-UNNAMED --add-opens=java.desktop/javax.swing=ALL-UNNAMED --add-opens=java.desktop/javax.swing.tree=ALL-UNNAMED --add-opens=java.desktop/javax.swing.plaf.basic=ALL-UNNAMED --add-opens=java.desktop/javax.swing.plaf.synth=ALL-UNNAMED --add-opens=java.desktop/com.sun.awt=ALL-UNNAMED -XX:NewSize=60m -XX:MaxNewSize=60m -Xms128m -Xmx3072m -Xss5m 

Host: 12th Gen Intel(R) Core(TM) i7-1260P, 16 cores, 15G,  Windows 10 , 64 bit Build 22621 (10.0.22621.2428)
Time: Tue Oct 24 14:40:30 2023 대한민국 표준시 elapsed time: 657 seconds (0d 0h 10m 57s)

---------------  T H R E A D  ---------------

Current thread (0x0000015f4e96a800):  JavaThread "AWT-EventQueue-0" [_thread_in_native, id=11760, stack(0x0000004881b00000,0x0000004882000000)]

Stack: [0x0000004881b00000,0x0000004882000000],  sp=0x0000004881ff3ba0,  free space=5070k
Native frames: (J=compiled Java code, j=interpreted, Vv=VM code, C=native code)
C  0x00007fff9b351049
C  0x00007fff9b362487
C  0x00007fff9b3637c2
C  0x00007fff9b34a485
C  0x00007fff3d3584b4
C  0x00007fff3d378e72
C  0x00007fff3d4134f5
C  0x00007fff3d413419
C  0x00007fff3d444ce1
C  0x00007fff3d442426
C  0x00007fff3d49e2c1
C  0x00007fff3d4a03b3
C  0x00007fff3d47936d
C  0x00007fff3d4793d8
C  0x00007fff3d479481
C  0x00007fff3d49f59c
C  0x00007fff3d4706e5
C  0x00007fff3d470375
C  0x00007fff3d4ad00f
C  0x0000015f55e7f0b7

Java frames: (J=compiled Java code, j=interpreted, Vv=VM code)
j  ui.views.waveform.waveformi.WVExecutive_getGraphicsDataSize(J)J+0
j  ui.views.waveform.executive.a.klK()Ljava/io/ByteArrayInputStream;+8
j  ui.views.waveform.b.a.klh()V+7
j  ui.views.waveform.b.a.jty()V+1
j  ui.views.waveform.m.kkr()V+4
j  ui.views.waveform.m.Ii(Z)V+11
j  ui.views.waveform.w.aH(ZZ)V+30
J 25824 c1 ui.views.waveform.c.b.j(Lui/frmwork/a/l;)V (605 bytes) @ 0x0000015f59bd8a4c [0x0000015f59bd01c0+0x000000000000888c]
J 25823 c1 ui.views.waveform.w.handleTclEvent(Lui/frmwork/a/l;)V (17 bytes) @ 0x0000015f59bced3c [0x0000015f59bcec60+0x00000000000000dc]
J 22164 c1 ui.frmwork.a.o.c(Lui/frmwork/a/l;)V (61 bytes) @ 0x0000015f5956e20c [0x0000015f5956d860+0x00000000000009ac]
J 21430 c1 ui.frmwork.E.i(JZ)V (471 bytes) @ 0x0000015f58699cbc [0x0000015f58695b40+0x000000000000417c]
J 22158 c1 ui.frmwork.E.fireTclEvent(J)I (113 bytes) @ 0x0000015f59565094 [0x0000015f595648c0+0x00000000000007d4]
v  ~StubRoutines::call_stub
j  ui.views.waveform.waveformi.WVExecutive_processModelEvent(JJ)V+0
j  ui.views.waveform.executive.a.gb(J)V+5
j  ui.views.waveform.c.b.ga(J)V+8
J 25824 c1 ui.views.waveform.c.b.j(Lui/frmwork/a/l;)V (605 bytes) @ 0x0000015f59bd98cc [0x0000015f59bd01c0+0x000000000000970c]
J 25823 c1 ui.views.waveform.w.handleTclEvent(Lui/frmwork/a/l;)V (17 bytes) @ 0x0000015f59bced3c [0x0000015f59bcec60+0x00000000000000dc]
J 22164 c1 ui.frmwork.a.o.c(Lui/frmwork/a/l;)V (61 bytes) @ 0x0000015f5956e20c [0x0000015f5956d860+0x00000000000009ac]
J 21430 c1 ui.frmwork.E.i(JZ)V (471 bytes) @ 0x0000015f58699cbc [0x0000015f58695b40+0x000000000000417c]
J 25270 c1 ui.frmwork.E$$Lambda$203.run()V (12 bytes) @ 0x0000015f584772dc [0x0000015f58477200+0x00000000000000dc]
J 14667 c2 java.awt.event.InvocationEvent.dispatch()V java.desktop@11.0.2 (69 bytes) @ 0x0000015f5e13e268 [0x0000015f5e13e1c0+0x00000000000000a8]
J 14698 c2 java.awt.EventQueue$4.run()Ljava/lang/Object; java.desktop@11.0.2 (5 bytes) @ 0x0000015f5e14d89c [0x0000015f5e14d7e0+0x00000000000000bc]
v  ~StubRoutines::call_stub
J 4698  java.security.AccessController.doPrivileged(Ljava/security/PrivilegedAction;Ljava/security/AccessControlContext;)Ljava/lang/Object; java.base@11.0.2 (0 bytes) @ 0x0000015f5dcc2836 [0x0000015f5dcc27c0+0x0000000000000076]
J 14639 c2 java.awt.EventQueue.dispatchEvent(Ljava/awt/AWTEvent;)V java.desktop@11.0.2 (80 bytes) @ 0x0000015f5e0f1b4c [0x0000015f5e0f15c0+0x000000000000058c]
J 24044 c2 ui.frmwork.a.d.dispatchEvent(Ljava/awt/AWTEvent;)V (42 bytes) @ 0x0000015f5def77b8 [0x0000015f5def76a0+0x0000000000000118]
J 24045 c2 java.awt.EventDispatchThread.pumpOneEventForFilters(I)V java.desktop@11.0.2 (113 bytes) @ 0x0000015f5e18bcc4 [0x0000015f5e18b900+0x00000000000003c4]
J 24235 c1 java.awt.EventDispatchThread.pumpEventsForFilter(ILjava/awt/Conditional;Ljava/awt/EventFilter;)V java.desktop@11.0.2 (47 bytes) @ 0x0000015f5732a0a4 [0x0000015f57329da0+0x0000000000000304]
j  java.awt.EventDispatchThread.pumpEventsForFilter(Ljava/awt/Conditional;Ljava/awt/EventFilter;)V+4 java.desktop@11.0.2
j  java.awt.WaitDispatchSupport$2.run()V+59 java.desktop@11.0.2
j  java.awt.WaitDispatchSupport$4.run()Ljava/lang/Void;+4 java.desktop@11.0.2
j  java.awt.WaitDispatchSupport$4.run()Ljava/lang/Object;+1 java.desktop@11.0.2
v  ~StubRoutines::call_stub
J 1087  java.security.AccessController.doPrivileged(Ljava/security/PrivilegedAction;)Ljava/lang/Object; java.base@11.0.2 (0 bytes) @ 0x0000015f5da666a2 [0x0000015f5da66640+0x0000000000000062]
j  java.awt.WaitDispatchSupport.enter()Z+260 java.desktop@11.0.2
j  java.awt.Dialog.show()V+224 java.desktop@11.0.2
J 7534 c1 java.awt.Component.setVisible(Z)V java.desktop@11.0.2 (6 bytes) @ 0x0000015f567c3064 [0x0000015f567c2e60+0x0000000000000204]
j  java.awt.Window.setVisible(Z)V+2 java.desktop@11.0.2
j  java.awt.Dialog.setVisible(Z)V+2 java.desktop@11.0.2
j  ui.dlg.c.g.setVisible(Z)V+2
j  ui.dlg.c.bz.bIi()V+64
j  ui.dlg.c.bI.actionPerformed(Ljava/awt/event/ActionEvent;)V+8
j  ui.dlg.c.bz.fud()V+388
j  ui.views.c.t.b.a.run()V+60
j  ui.frmwork.cmd.a.hsT()Z+66
j  ui.frmwork.cmd.d.htb()V+42
j  ui.bm.actionPerformed(Ljava/awt/event/ActionEvent;)V+25
j  javax.swing.AbstractButton.fireActionPerformed(Ljava/awt/event/ActionEvent;)V+83 java.desktop@11.0.2
j  ui.utils.swing.b.E.fireActionPerformed(Ljava/awt/event/ActionEvent;)V+7
j  javax.swing.AbstractButton$Handler.actionPerformed(Ljava/awt/event/ActionEvent;)V+5 java.desktop@11.0.2
j  javax.swing.DefaultButtonModel.fireActionPerformed(Ljava/awt/event/ActionEvent;)V+34 java.desktop@11.0.2
j  javax.swing.DefaultButtonModel.setPressed(Z)V+117 java.desktop@11.0.2
j  javax.swing.plaf.basic.BasicButtonListener.mouseReleased(Ljava/awt/event/MouseEvent;)V+35 java.desktop@11.0.2
j  com.jidesoft.plaf.basic.BasicJideButtonListener.mouseReleased(Ljava/awt/event/MouseEvent;)V+61
J 21737 c1 java.awt.AWTEventMulticaster.mouseReleased(Ljava/awt/event/MouseEvent;)V java.desktop@11.0.2 (27 bytes) @ 0x0000015f58b2b82c [0x0000015f58b2b600+0x000000000000022c]
J 21737 c1 java.awt.AWTEventMulticaster.mouseReleased(Ljava/awt/event/MouseEvent;)V java.desktop@11.0.2 (27 bytes) @ 0x0000015f58b2b82c [0x0000015f58b2b600+0x000000000000022c]
J 21737 c1 java.awt.AWTEventMulticaster.mouseReleased(Ljava/awt/event/MouseEvent;)V java.desktop@11.0.2 (27 bytes) @ 0x0000015f58b2b82c [0x0000015f58b2b600+0x000000000000022c]
J 21737 c1 java.awt.AWTEventMulticaster.mouseReleased(Ljava/awt/event/MouseEvent;)V java.desktop@11.0.2 (27 bytes) @ 0x0000015f58b2b82c [0x0000015f58b2b600+0x000000000000022c]
J 16412 c1 java.awt.Component.processMouseEvent(Ljava/awt/event/MouseEvent;)V java.desktop@11.0.2 (100 bytes) @ 0x0000015f5889a43c [0x0000015f58899fc0+0x000000000000047c]
J 16413 c1 javax.swing.JComponent.processMouseEvent(Ljava/awt/event/MouseEvent;)V java.desktop@11.0.2 (27 bytes) @ 0x0000015f5889acf4 [0x0000015f5889aae0+0x0000000000000214]
J 18164 c2 java.awt.Container.processEvent(Ljava/awt/AWTEvent;)V java.desktop@11.0.2 (22 bytes) @ 0x0000015f5e9b6654 [0x0000015f5e9b6520+0x0000000000000134]
J 26504 c2 java.awt.Component.dispatchEventImpl(Ljava/awt/AWTEvent;)V java.desktop@11.0.2 (777 bytes) @ 0x0000015f5f2e3b94 [0x0000015f5f2e2da0+0x0000000000000df4]
J 23557 c2 java.awt.Container.dispatchEventImpl(Ljava/awt/AWTEvent;)V java.desktop@11.0.2 (129 bytes) @ 0x0000015f5effbe98 [0x0000015f5effbe40+0x0000000000000058]
J 23889 c2 java.awt.LightweightDispatcher.retargetMouseEvent(Ljava/awt/Component;ILjava/awt/event/MouseEvent;)V java.desktop@11.0.2 (372 bytes) @ 0x0000015f5f06411c [0x0000015f5f063b40+0x00000000000005dc]
J 25507 c2 java.awt.LightweightDispatcher.processMouseEvent(Ljava/awt/event/MouseEvent;)Z java.desktop@11.0.2 (265 bytes) @ 0x0000015f5eaeaadc [0x0000015f5eaea360+0x000000000000077c]
J 23557 c2 java.awt.Container.dispatchEventImpl(Ljava/awt/AWTEvent;)V java.desktop@11.0.2 (129 bytes) @ 0x0000015f5effc22c [0x0000015f5effbe40+0x00000000000003ec]
J 20746 c2 java.awt.Window.dispatchEventImpl(Ljava/awt/AWTEvent;)V java.desktop@11.0.2 (23 bytes) @ 0x0000015f5ed2a80c [0x0000015f5ed2a7c0+0x000000000000004c]
J 14698 c2 java.awt.EventQueue$4.run()Ljava/lang/Object; java.desktop@11.0.2 (5 bytes) @ 0x0000015f5e14d928 [0x0000015f5e14d7e0+0x0000000000000148]
v  ~StubRoutines::call_stub
J 4698  java.security.AccessController.doPrivileged(Ljava/security/PrivilegedAction;Ljava/security/AccessControlContext;)Ljava/lang/Object; java.base@11.0.2 (0 bytes) @ 0x0000015f5dcc2836 [0x0000015f5dcc27c0+0x0000000000000076]
J 16631 c2 java.awt.EventQueue$5.run()Ljava/lang/Object; java.desktop@11.0.2 (5 bytes) @ 0x0000015f5e6f4774 [0x0000015f5e6f4500+0x0000000000000274]
v  ~StubRoutines::call_stub
J 4698  java.security.AccessController.doPrivileged(Ljava/security/PrivilegedAction;Ljava/security/AccessControlContext;)Ljava/lang/Object; java.base@11.0.2 (0 bytes) @ 0x0000015f5dcc2836 [0x0000015f5dcc27c0+0x0000000000000076]
J 14639 c2 java.awt.EventQueue.dispatchEvent(Ljava/awt/AWTEvent;)V java.desktop@11.0.2 (80 bytes) @ 0x0000015f5e0f1968 [0x0000015f5e0f15c0+0x00000000000003a8]
J 24044 c2 ui.frmwork.a.d.dispatchEvent(Ljava/awt/AWTEvent;)V (42 bytes) @ 0x0000015f5def77b8 [0x0000015f5def76a0+0x0000000000000118]
J 24045 c2 java.awt.EventDispatchThread.pumpOneEventForFilters(I)V java.desktop@11.0.2 (113 bytes) @ 0x0000015f5e18bcc4 [0x0000015f5e18b900+0x00000000000003c4]
J 24118% c1 java.awt.EventDispatchThread.pumpEventsForFilter(ILjava/awt/Conditional;Ljava/awt/EventFilter;)V java.desktop@11.0.2 (47 bytes) @ 0x0000015f56d2cbf4 [0x0000015f56d2c8a0+0x0000000000000354]
j  java.awt.EventDispatchThread.pumpEventsForHierarchy(ILjava/awt/Conditional;Ljava/awt/Component;)V+11 java.desktop@11.0.2
j  java.awt.EventDispatchThread.pumpEvents(ILjava/awt/Conditional;)V+4 java.desktop@11.0.2
j  java.awt.EventDispatchThread.pumpEvents(Ljava/awt/Conditional;)V+3 java.desktop@11.0.2
j  java.awt.EventDispatchThread.run()V+9 java.desktop@11.0.2
v  ~StubRoutines::call_stub

siginfo: EXCEPTION_ACCESS_VIOLATION (0xc0000005), reading address 0x0000000000000044


Register to memory mapping:

RIP=0x00007fff9b351049 points into unknown readable memory: 83 79 44 00 75 07 33
RAX=0x0000b4216e318d10 is an unknown value
RBX=0x0000015f218dc550 points into unknown readable memory: 40 cb 8d 21 5f 01 00 00
RCX=0x0 is NULL
RDX=0x0000015f2eae2b90 points into unknown readable memory: c0 4b 37 9b ff 7f 00 00
RSP=0x0000004881ff3ba0 is pointing into the stack for thread: 0x0000015f4e96a800
RBP=0x0 is NULL
RSI=0x0000015f2eae2b90 points into unknown readable memory: c0 4b 37 9b ff 7f 00 00
RDI=0x0 is NULL
R8 =0x0000004881ff3c30 is pointing into the stack for thread: 0x0000015f4e96a800
R9 =0x000000000000000c is an unknown value
R10=0x0 is NULL
R11=0x3b00000000000004 is an unknown value
R12=0x0000000000000001 is an unknown value
R13=0x00007fff9b378e50 points into unknown readable memory: d0 2f 35 9b ff 7f 00 00
R14=0x0000015f766d0570 points into unknown readable memory: 90 2b ae 2e 5f 01 00 00
R15=0x0000004881ff3c30 is pointing into the stack for thread: 0x0000015f4e96a800


Registers:
RAX=0x0000b4216e318d10, RBX=0x0000015f218dc550, RCX=0x0000000000000000, RDX=0x0000015f2eae2b90
RSP=0x0000004881ff3ba0, RBP=0x0000000000000000, RSI=0x0000015f2eae2b90, RDI=0x0000000000000000
R8 =0x0000004881ff3c30, R9 =0x000000000000000c, R10=0x0000000000000000, R11=0x3b00000000000004
R12=0x0000000000000001, R13=0x00007fff9b378e50, R14=0x0000015f766d0570, R15=0x0000004881ff3c30
RIP=0x00007fff9b351049, EFLAGS=0x0000000000010206

Top of Stack: (sp=0x0000004881ff3ba0)
0x0000004881ff3ba0:   0000004881ff4f70 0000004881ff3fc0
0x0000004881ff3bb0:   0000000000000000 00007fffeaef3aeb
0x0000004881ff3bc0:   000045f2647f17ba 0000004881ff4f70
0x0000004881ff3bd0:   fffffffffffffffe 0000004881ff3da8
0x0000004881ff3be0:   00007fff3d669920 0000004881ff3fc0
0x0000004881ff3bf0:   0000015f0a6aecf0 0000015f766d0570
0x0000004881ff3c00:   0000015f766d0570 00007fff9b362487
0x0000004881ff3c10:   0000000000000002 0000015f218dc550
0x0000004881ff3c20:   0000015f1d275810 0000004881ff3fc0
0x0000004881ff3c30:   0000004881ff4080 0000004881ff4640
0x0000004881ff3c40:   0000002280000029 0000000000000000
0x0000004881ff3c50:   0000000000000000 000000000000000f
0x0000004881ff3c60:   00007fffd1d847c0 0000004881ff3da8
0x0000004881ff3c70:   00007fff3d596990 0000000000000001
0x0000004881ff3c80:   0000004881ff47b0 00007fff3d669920
0x0000004881ff3c90:   0000004881ff4f70 0000000000000000 

Instructions: (pc=0x00007fff9b351049)
0x00007fff9b351029:   50 48 c7 44 24 30 fe ff ff ff 48 89 5c 24 78 48
0x00007fff9b351039:   89 b4 24 80 00 00 00 4d 8b f8 48 8b f2 48 8b f9
0x00007fff9b351049:   83 79 44 00 75 07 33 c0 e9 d1 00 00 00 48 8b 41
0x00007fff9b351059:   48 8b 10 48 03 51 28 48 8d 4c 24 38 e8 66 eb ff 


Stack slot to memory mapping:
stack at sp + 0 slots: 0x0000004881ff4f70 is pointing into the stack for thread: 0x0000015f4e96a800
stack at sp + 1 slots: 0x0000004881ff3fc0 is pointing into the stack for thread: 0x0000015f4e96a800
stack at sp + 2 slots: 0x0 is NULL
stack at sp + 3 slots: 0x00007fffeaef3aeb KERNELBASE.dll
stack at sp + 4 slots: 0x000045f2647f17ba is an unknown value
stack at sp + 5 slots: 0x0000004881ff4f70 is pointing into the stack for thread: 0x0000015f4e96a800
stack at sp + 6 slots: 0xfffffffffffffffe is an unknown value
stack at sp + 7 slots: 0x0000004881ff3da8 is pointing into the stack for thread: 0x0000015f4e96a800


---------------  P R O C E S S  ---------------

Threads class SMR info:
_java_thread_list=0x0000015f1058b0b0, length=44, elements={
0x0000015f51d8d000, 0x0000015f51dc9800, 0x0000015f51e8b000, 0x0000015f5490e800,
0x0000015f54852800, 0x0000015f54853000, 0x0000015f73747800, 0x0000015f72c41000,
0x0000015f7397e800, 0x0000015f739d4000, 0x0000015f73aee800, 0x0000015f73aef000,
0x0000015f73b31800, 0x0000015f3abbf800, 0x0000015f4e96a800, 0x0000015f4ea0b800,
0x0000015f4e853800, 0x0000015f4f07c000, 0x0000015f4f5ae000, 0x0000015f4f5b2000,
0x0000015f4f5b0800, 0x0000015f4f5b3000, 0x0000015f4f5ad000, 0x0000015f4f5af800,
0x0000015f4f5aa000, 0x0000015f4f5b5800, 0x0000015f4f5b3800, 0x0000015f4f5b6000,
0x0000015f73743800, 0x0000015f78aee800, 0x0000015f78af6800, 0x0000015f78af7800,
0x0000015f78af0000, 0x0000015f78af0800, 0x0000015f78aef000, 0x0000015f78af5800,
0x0000015f78afc000, 0x0000015f0cb20800, 0x0000015f0cb25800, 0x0000015f0cb28800,
0x0000015f0cb21000, 0x0000015f12647000, 0x0000015f1264b000, 0x0000015f12647800
}

Java Threads: ( => current thread )
  0x0000015f51d8d000 JavaThread "main" [_thread_blocked, id=4484, stack(0x00000048fce00000,0x00000048fcf00000)]
  0x0000015f51dc9800 JavaThread "Reference Handler" daemon [_thread_blocked, id=6420, stack(0x00000048fd500000,0x00000048fda00000)]
  0x0000015f51e8b000 JavaThread "Finalizer" daemon [_thread_blocked, id=8332, stack(0x00000048fda00000,0x00000048fdf00000)]
  0x0000015f5490e800 JavaThread "Signal Dispatcher" daemon [_thread_blocked, id=15324, stack(0x00000048fdf00000,0x00000048fe400000)]
  0x0000015f54852800 JavaThread "Attach Listener" daemon [_thread_blocked, id=14952, stack(0x00000048fe400000,0x00000048fe900000)]
  0x0000015f54853000 JavaThread "C2 CompilerThread0" daemon [_thread_blocked, id=8692, stack(0x00000048fe900000,0x00000048fea00000)]
  0x0000015f73747800 JavaThread "C1 CompilerThread0" daemon [_thread_blocked, id=14016, stack(0x00000048fea00000,0x00000048feb00000)]
  0x0000015f72c41000 JavaThread "Sweeper thread" daemon [_thread_blocked, id=7924, stack(0x00000048feb00000,0x00000048ff000000)]
  0x0000015f7397e800 JavaThread "Common-Cleaner" daemon [_thread_blocked, id=3796, stack(0x00000048ff300000,0x00000048ff800000)]
  0x0000015f739d4000 JavaThread "Service Thread" daemon [_thread_blocked, id=5372, stack(0x00000048ff800000,0x00000048ffd00000)]
  0x0000015f73aee800 JavaThread "Java2D Disposer" daemon [_thread_blocked, id=14400, stack(0x0000004880000000,0x0000004880500000)]
  0x0000015f73aef000 JavaThread "AWT-Shutdown" [_thread_blocked, id=14092, stack(0x0000004880500000,0x0000004880a00000)]
  0x0000015f73b31800 JavaThread "AWT-Windows" daemon [_thread_in_native, id=2388, stack(0x0000004880a00000,0x0000004880f00000)]
  0x0000015f3abbf800 JavaThread "TimerQueue" daemon [_thread_blocked, id=9876, stack(0x0000004880f00000,0x0000004881400000)]
=>0x0000015f4e96a800 JavaThread "AWT-EventQueue-0" [_thread_in_native, id=11760, stack(0x0000004881b00000,0x0000004882000000)]
  0x0000015f4ea0b800 JavaThread "Thread-1" [_thread_in_native, id=13904, stack(0x00000048fb700000,0x00000048fcb00000)]
  0x0000015f4e853800 JavaThread "Process Messages Thread" [_thread_blocked, id=12720, stack(0x0000004882500000,0x0000004882a00000)]
  0x0000015f4f07c000 JavaThread "Batik CleanerThread" daemon [_thread_blocked, id=15072, stack(0x0000004882000000,0x0000004882500000)]
  0x0000015f4f5ae000 JavaThread "SyntheticaCleanerThread" daemon [_thread_blocked, id=14380, stack(0x0000004884000000,0x0000004884500000)]
  0x0000015f4f5b2000 JavaThread "Monitor HEventQueue Thread" [_thread_blocked, id=13348, stack(0x0000004884800000,0x0000004884d00000)]
  0x0000015f4f5b0800 JavaThread "SyntheticaAnimation 50" daemon [_thread_blocked, id=14328, stack(0x0000004884d00000,0x0000004885200000)]
  0x0000015f4f5b3000 JavaThread "SyntheticaAnimation 25" daemon [_thread_blocked, id=1504, stack(0x0000004885300000,0x0000004885800000)]
  0x0000015f4f5ad000 JavaThread "SyntheticaAnimation 70" daemon [_thread_blocked, id=5824, stack(0x0000004885d00000,0x0000004886200000)]
  0x0000015f4f5af800 JavaThread "Refresh Filesets Swing Worker Thread" [_thread_blocked, id=6944, stack(0x0000004886200000,0x0000004886700000)]
  0x0000015f4f5aa000 JavaThread "hw_ila_monitor" [_thread_blocked, id=5816, stack(0x0000004886700000,0x0000004886c00000)]
  0x0000015f4f5b5800 JavaThread "pool-2-thread-1" [_thread_blocked, id=7444, stack(0x0000004887100000,0x0000004887600000)]
  0x0000015f4f5b3800 JavaThread "pool-3-thread-1" [_thread_blocked, id=2132, stack(0x0000004887600000,0x0000004887b00000)]
  0x0000015f4f5b6000 JavaThread "pool-4-thread-1" [_thread_blocked, id=13476, stack(0x0000004887b00000,0x0000004888000000)]
  0x0000015f73743800 JavaThread "Update Runs Swing Worker Thread" [_thread_blocked, id=6848, stack(0x0000004888500000,0x0000004888a00000)]
  0x0000015f78aee800 JavaThread "SyntheticaAnimation 50" daemon [_thread_blocked, id=12364, stack(0x0000004881400000,0x0000004881900000)]
  0x0000015f78af6800 JavaThread "Timer-0" [_thread_blocked, id=14748, stack(0x0000004886c00000,0x0000004887100000)]
  0x0000015f78af7800 JavaThread "Monitor File Timestamp Swing Worker Thread" [_thread_blocked, id=8524, stack(0x0000004888000000,0x0000004888500000)]
  0x0000015f78af0000 JavaThread "Image Animator 3" daemon [_thread_blocked, id=10848, stack(0x0000004888f00000,0x0000004889400000)]
  0x0000015f78af0800 JavaThread "Timer-2" [_thread_blocked, id=2868, stack(0x0000004888a00000,0x0000004888f00000)]
  0x0000015f78aef000 JavaThread "Monitor File Timestamp Swing Worker Thread" [_thread_blocked, id=8056, stack(0x0000004889400000,0x0000004889900000)]
  0x0000015f78af5800 JavaThread "Timer-3" [_thread_blocked, id=9868, stack(0x0000004889900000,0x0000004889e00000)]
  0x0000015f78afc000 JavaThread "Monitor File Timestamp Swing Worker Thread" [_thread_blocked, id=4564, stack(0x0000004889e00000,0x000000488a300000)]
  0x0000015f0cb20800 JavaThread "SyntheticaAnimation 50" daemon [_thread_blocked, id=2980, stack(0x0000004885800000,0x0000004885d00000)]
  0x0000015f0cb25800 JavaThread "Timer-5" [_thread_blocked, id=4588, stack(0x000000488a900000,0x000000488ae00000)]
  0x0000015f0cb28800 JavaThread "Monitor File Timestamp Swing Worker Thread" [_thread_blocked, id=2912, stack(0x000000488ae00000,0x000000488b300000)]
  0x0000015f0cb21000 JavaThread "Swing-Shell" daemon [_thread_blocked, id=2464, stack(0x000000488b300000,0x000000488b800000)]
  0x0000015f12647000 JavaThread "Timer-6" [_thread_blocked, id=8348, stack(0x000000488c700000,0x000000488cc00000)]
  0x0000015f1264b000 JavaThread "Monitor File Timestamp Swing Worker Thread" [_thread_blocked, id=2280, stack(0x000000488cc00000,0x000000488d100000)]
  0x0000015f12647800 JavaThread "Relaunch Simulation Thread" [_thread_blocked, id=4444, stack(0x000000488c000000,0x000000488c500000)]

Other Threads:
  0x0000015f72a93800 VMThread "VM Thread" [stack: 0x00000048fd400000,0x00000048fd500000] [id=2708]
  0x0000015f50dde000 WatcherThread [stack: 0x00000048ffd00000,0x00000048ffe00000] [id=9896]
  0x0000015f7247f000 GCTaskThread "GC Thread#0" [stack: 0x00000048fcf00000,0x00000048fd000000] [id=13104]
  0x0000015f3a7f8800 GCTaskThread "GC Thread#1" [stack: 0x0000004882a00000,0x0000004882b00000] [id=14148]
  0x0000015f3a7fa800 GCTaskThread "GC Thread#2" [stack: 0x0000004882b00000,0x0000004882c00000] [id=14680]
  0x0000015f3a7f9000 GCTaskThread "GC Thread#3" [stack: 0x0000004882c00000,0x0000004882d00000] [id=11336]
  0x0000015f3a7fa000 GCTaskThread "GC Thread#4" [stack: 0x0000004882d00000,0x0000004882e00000] [id=9940]
  0x0000015f3a7f4000 GCTaskThread "GC Thread#5" [stack: 0x0000004882e00000,0x0000004882f00000] [id=14448]
  0x0000015f3a7fb800 GCTaskThread "GC Thread#6" [stack: 0x0000004882f00000,0x0000004883000000] [id=14580]
  0x0000015f3a7f5000 GCTaskThread "GC Thread#7" [stack: 0x0000004883000000,0x0000004883100000] [id=15232]
  0x0000015f3a7f6800 GCTaskThread "GC Thread#8" [stack: 0x0000004883100000,0x0000004883200000] [id=1720]
  0x0000015f3a7f5800 GCTaskThread "GC Thread#9" [stack: 0x0000004883200000,0x0000004883300000] [id=12540]
  0x0000015f4ec51000 GCTaskThread "GC Thread#10" [stack: 0x0000004883300000,0x0000004883400000] [id=8384]
  0x0000015f4ec52800 GCTaskThread "GC Thread#11" [stack: 0x0000004883400000,0x0000004883500000] [id=15108]
  0x0000015f4ec5b000 GCTaskThread "GC Thread#12" [stack: 0x0000004883d00000,0x0000004883e00000] [id=4016]
  0x0000015f7255c000 ConcurrentGCThread "G1 Main Marker" [stack: 0x00000048fd000000,0x00000048fd100000] [id=14800]
  0x0000015f7255c800 ConcurrentGCThread "G1 Conc#0" [stack: 0x00000048fd100000,0x00000048fd200000] [id=8940]
  0x0000015f4ec53000 ConcurrentGCThread "G1 Conc#1" [stack: 0x0000004883600000,0x0000004883700000] [id=4192]
  0x0000015f4ec50000 ConcurrentGCThread "G1 Conc#2" [stack: 0x0000004883700000,0x0000004883800000] [id=10700]
  0x0000015f72c9e000 ConcurrentGCThread "G1 Refine#0" [stack: 0x00000048fd200000,0x00000048fd300000] [id=4760]
  0x0000015f4e572000 ConcurrentGCThread "G1 Refine#1" [stack: 0x0000004883500000,0x0000004883600000] [id=10440]
  0x0000015f4e3a3000 ConcurrentGCThread "G1 Refine#2" [stack: 0x0000004883f00000,0x0000004884000000] [id=11636]
  0x0000015f4ec53800 ConcurrentGCThread "G1 Refine#3" [stack: 0x0000004885200000,0x0000004885300000] [id=10344]
  0x0000015f50ed8000 ConcurrentGCThread "G1 Young RemSet Sampling" [stack: 0x00000048fd300000,0x00000048fd400000] [id=15300]

Threads with active compile tasks:

VM state:not at safepoint (normal execution)

VM Mutex/Monitor currently owned by a thread: None

Heap address: 0x0000000740000000, size: 3072 MB, Compressed Oops mode: Zero based, Oop shift amount: 3
Narrow klass base: 0x0000000800000000, Narrow klass shift: 0
Compressed class space size: 1073741824 Address: 0x0000000800000000

Heap:
 garbage-first heap   total 245760K, used 174566K [0x0000000740000000, 0x0000000800000000)
  region size 1024K, 33 young (33792K), 2 survivors (2048K)
 Metaspace       used 111423K, capacity 114404K, committed 114512K, reserved 1146880K
  class space    used 15741K, capacity 17075K, committed 17152K, reserved 1048576K
Heap Regions: E=young(eden), S=young(survivor), O=old, HS=humongous(starts), HC=humongous(continues), CS=collection set, F=free, A=archive, TAMS=top-at-mark-start (previous, next)
|   0|0x0000000740000000, 0x0000000740100000, 0x0000000740100000|100%|HS|  |TAMS 0x0000000740100000, 0x0000000740000000| Complete 
|   1|0x0000000740100000, 0x0000000740200000, 0x0000000740200000|100%|HC|  |TAMS 0x0000000740200000, 0x0000000740100000| Complete 
|   2|0x0000000740200000, 0x0000000740300000, 0x0000000740300000|100%|HS|  |TAMS 0x0000000740300000, 0x0000000740200000| Complete 
|   3|0x0000000740300000, 0x0000000740400000, 0x0000000740400000|100%| O|  |TAMS 0x0000000740400000, 0x0000000740300000| Untracked 
|   4|0x0000000740400000, 0x0000000740500000, 0x0000000740500000|100%| O|  |TAMS 0x0000000740500000, 0x0000000740400000| Untracked 
|   5|0x0000000740500000, 0x0000000740600000, 0x0000000740600000|100%| O|  |TAMS 0x0000000740600000, 0x0000000740500000| Untracked 
|   6|0x0000000740600000, 0x00000007406ffff0, 0x0000000740700000| 99%| O|  |TAMS 0x00000007406ffff0, 0x0000000740600000| Untracked 
|   7|0x0000000740700000, 0x0000000740800000, 0x0000000740800000|100%| O|  |TAMS 0x0000000740800000, 0x0000000740700000| Untracked 
|   8|0x0000000740800000, 0x00000007408ffff8, 0x0000000740900000| 99%| O|  |TAMS 0x00000007408ffff8, 0x0000000740800000| Untracked 
|   9|0x0000000740900000, 0x0000000740a00000, 0x0000000740a00000|100%| O|  |TAMS 0x0000000740a00000, 0x0000000740900000| Untracked 
|  10|0x0000000740a00000, 0x0000000740affff8, 0x0000000740b00000| 99%| O|  |TAMS 0x0000000740affff8, 0x0000000740a00000| Untracked 
|  11|0x0000000740b00000, 0x0000000740c00000, 0x0000000740c00000|100%| O|  |TAMS 0x0000000740c00000, 0x0000000740b00000| Untracked 
|  12|0x0000000740c00000, 0x0000000740cffff8, 0x0000000740d00000| 99%| O|  |TAMS 0x0000000740cffff8, 0x0000000740c00000| Untracked 
|  13|0x0000000740d00000, 0x0000000740dffff8, 0x0000000740e00000| 99%| O|  |TAMS 0x0000000740dffff8, 0x0000000740d00000| Untracked 
|  14|0x0000000740e00000, 0x0000000740efffd0, 0x0000000740f00000| 99%| O|  |TAMS 0x0000000740efffd0, 0x0000000740e00000| Untracked 
|  15|0x0000000740f00000, 0x0000000740ffffe8, 0x0000000741000000| 99%| O|  |TAMS 0x0000000740ffffe8, 0x0000000740f00000| Untracked 
|  16|0x0000000741000000, 0x00000007410ffff0, 0x0000000741100000| 99%| O|  |TAMS 0x00000007410ffff0, 0x0000000741000000| Untracked 
|  17|0x0000000741100000, 0x00000007411ffff8, 0x0000000741200000| 99%| O|  |TAMS 0x00000007411ffff8, 0x0000000741100000| Untracked 
|  18|0x0000000741200000, 0x00000007412ffff8, 0x0000000741300000| 99%| O|  |TAMS 0x00000007412ffff8, 0x0000000741200000| Untracked 
|  19|0x0000000741300000, 0x00000007413ffff0, 0x0000000741400000| 99%| O|  |TAMS 0x00000007413ffff0, 0x0000000741300000| Untracked 
|  20|0x0000000741400000, 0x00000007414fffd8, 0x0000000741500000| 99%| O|  |TAMS 0x00000007414fffd8, 0x0000000741400000| Untracked 
|  21|0x0000000741500000, 0x00000007415ffff8, 0x0000000741600000| 99%| O|  |TAMS 0x00000007415ffff8, 0x0000000741500000| Untracked 
|  22|0x0000000741600000, 0x0000000741700000, 0x0000000741700000|100%| O|  |TAMS 0x0000000741700000, 0x0000000741600000| Untracked 
|  23|0x0000000741700000, 0x00000007417ffff8, 0x0000000741800000| 99%| O|  |TAMS 0x00000007417ffff8, 0x0000000741700000| Untracked 
|  24|0x0000000741800000, 0x0000000741900000, 0x0000000741900000|100%| O|  |TAMS 0x0000000741900000, 0x0000000741800000| Untracked 
|  25|0x0000000741900000, 0x00000007419ffff0, 0x0000000741a00000| 99%| O|  |TAMS 0x00000007419ffff0, 0x0000000741900000| Untracked 
|  26|0x0000000741a00000, 0x0000000741affff8, 0x0000000741b00000| 99%| O|  |TAMS 0x0000000741affff8, 0x0000000741a00000| Untracked 
|  27|0x0000000741b00000, 0x0000000741c00000, 0x0000000741c00000|100%| O|  |TAMS 0x0000000741c00000, 0x0000000741b00000| Untracked 
|  28|0x0000000741c00000, 0x0000000741cfffe8, 0x0000000741d00000| 99%| O|  |TAMS 0x0000000741cfffe8, 0x0000000741c00000| Untracked 
|  29|0x0000000741d00000, 0x0000000741dfffd8, 0x0000000741e00000| 99%| O|  |TAMS 0x0000000741dfffd8, 0x0000000741d00000| Untracked 
|  30|0x0000000741e00000, 0x0000000741effff8, 0x0000000741f00000| 99%| O|  |TAMS 0x0000000741effff8, 0x0000000741e00000| Untracked 
|  31|0x0000000741f00000, 0x0000000742000000, 0x0000000742000000|100%| O|  |TAMS 0x0000000742000000, 0x0000000741f00000| Untracked 
|  32|0x0000000742000000, 0x0000000742100000, 0x0000000742100000|100%| O|  |TAMS 0x0000000742100000, 0x0000000742000000| Untracked 
|  33|0x0000000742100000, 0x0000000742200000, 0x0000000742200000|100%| O|  |TAMS 0x0000000742200000, 0x0000000742100000| Untracked 
|  34|0x0000000742200000, 0x00000007422ffff0, 0x0000000742300000| 99%| O|  |TAMS 0x00000007422ffff0, 0x0000000742200000| Untracked 
|  35|0x0000000742300000, 0x00000007423ffff0, 0x0000000742400000| 99%| O|  |TAMS 0x00000007423ffff0, 0x0000000742300000| Untracked 
|  36|0x0000000742400000, 0x00000007424ffff0, 0x0000000742500000| 99%| O|  |TAMS 0x00000007424ffff0, 0x0000000742400000| Untracked 
|  37|0x0000000742500000, 0x00000007425ffff0, 0x0000000742600000| 99%| O|  |TAMS 0x00000007425ffff0, 0x0000000742500000| Untracked 
|  38|0x0000000742600000, 0x00000007426ffff0, 0x0000000742700000| 99%| O|  |TAMS 0x00000007426ffff0, 0x0000000742600000| Untracked 
|  39|0x0000000742700000, 0x00000007427fffd8, 0x0000000742800000| 99%| O|  |TAMS 0x00000007427fffd8, 0x0000000742700000| Untracked 
|  40|0x0000000742800000, 0x00000007428ffff0, 0x0000000742900000| 99%| O|  |TAMS 0x00000007428ffff0, 0x0000000742800000| Untracked 
|  41|0x0000000742900000, 0x0000000742a00000, 0x0000000742a00000|100%|HS|  |TAMS 0x0000000742a00000, 0x0000000742900000| Complete 
|  42|0x0000000742a00000, 0x0000000742b00000, 0x0000000742b00000|100%|HC|  |TAMS 0x0000000742b00000, 0x0000000742a00000| Complete 
|  43|0x0000000742b00000, 0x0000000742c00000, 0x0000000742c00000|100%|HC|  |TAMS 0x0000000742c00000, 0x0000000742b00000| Complete 
|  44|0x0000000742c00000, 0x0000000742d00000, 0x0000000742d00000|100%|HC|  |TAMS 0x0000000742d00000, 0x0000000742c00000| Complete 
|  45|0x0000000742d00000, 0x0000000742e00000, 0x0000000742e00000|100%|HC|  |TAMS 0x0000000742e00000, 0x0000000742d00000| Complete 
|  46|0x0000000742e00000, 0x0000000742f00000, 0x0000000742f00000|100%|HC|  |TAMS 0x0000000742f00000, 0x0000000742e00000| Complete 
|  47|0x0000000742f00000, 0x0000000743000000, 0x0000000743000000|100%|HC|  |TAMS 0x0000000743000000, 0x0000000742f00000| Complete 
|  48|0x0000000743000000, 0x0000000743100000, 0x0000000743100000|100%|HC|  |TAMS 0x0000000743100000, 0x0000000743000000| Complete 
|  49|0x0000000743100000, 0x0000000743200000, 0x0000000743200000|100%|HC|  |TAMS 0x0000000743200000, 0x0000000743100000| Complete 
|  50|0x0000000743200000, 0x0000000743300000, 0x0000000743300000|100%|HC|  |TAMS 0x0000000743300000, 0x0000000743200000| Complete 
|  51|0x0000000743300000, 0x0000000743400000, 0x0000000743400000|100%|HC|  |TAMS 0x0000000743400000, 0x0000000743300000| Complete 
|  52|0x0000000743400000, 0x0000000743500000, 0x0000000743500000|100%|HC|  |TAMS 0x0000000743500000, 0x0000000743400000| Complete 
|  53|0x0000000743500000, 0x0000000743600000, 0x0000000743600000|100%|HC|  |TAMS 0x0000000743600000, 0x0000000743500000| Complete 
|  54|0x0000000743600000, 0x0000000743700000, 0x0000000743700000|100%|HC|  |TAMS 0x0000000743700000, 0x0000000743600000| Complete 
|  55|0x0000000743700000, 0x0000000743800000, 0x0000000743800000|100%| O|  |TAMS 0x0000000743800000, 0x0000000743700000| Untracked 
|  56|0x0000000743800000, 0x00000007438fffe0, 0x0000000743900000| 99%| O|  |TAMS 0x00000007438fffe0, 0x0000000743800000| Untracked 
|  57|0x0000000743900000, 0x00000007439fffd8, 0x0000000743a00000| 99%| O|  |TAMS 0x00000007439fffd8, 0x0000000743900000| Untracked 
|  58|0x0000000743a00000, 0x0000000743afffe8, 0x0000000743b00000| 99%| O|  |TAMS 0x0000000743afffe8, 0x0000000743a00000| Untracked 
|  59|0x0000000743b00000, 0x0000000743bffff0, 0x0000000743c00000| 99%| O|  |TAMS 0x0000000743bffff0, 0x0000000743b00000| Untracked 
|  60|0x0000000743c00000, 0x0000000743cfffc0, 0x0000000743d00000| 99%| O|  |TAMS 0x0000000743cfffc0, 0x0000000743c00000| Untracked 
|  61|0x0000000743d00000, 0x0000000743dfff20, 0x0000000743e00000| 99%| O|  |TAMS 0x0000000743dfff20, 0x0000000743d00000| Untracked 
|  62|0x0000000743e00000, 0x0000000743f00000, 0x0000000743f00000|100%| O|  |TAMS 0x0000000743f00000, 0x0000000743e00000| Untracked 
|  63|0x0000000743f00000, 0x0000000743fffff0, 0x0000000744000000| 99%| O|  |TAMS 0x0000000743fffff0, 0x0000000743f00000| Untracked 
|  64|0x0000000744000000, 0x00000007440ffff8, 0x0000000744100000| 99%| O|  |TAMS 0x00000007440ffff8, 0x0000000744000000| Untracked 
|  65|0x0000000744100000, 0x0000000744200000, 0x0000000744200000|100%| O|  |TAMS 0x0000000744200000, 0x0000000744100000| Untracked 
|  66|0x0000000744200000, 0x00000007442fff10, 0x0000000744300000| 99%| O|  |TAMS 0x00000007442fff10, 0x0000000744200000| Untracked 
|  67|0x0000000744300000, 0x00000007443ff8f8, 0x0000000744400000| 99%| O|  |TAMS 0x00000007443ff8f8, 0x0000000744300000| Untracked 
|  68|0x0000000744400000, 0x0000000744500000, 0x0000000744500000|100%| O|  |TAMS 0x0000000744500000, 0x0000000744400000| Untracked 
|  69|0x0000000744500000, 0x0000000744600000, 0x0000000744600000|100%| O|  |TAMS 0x0000000744600000, 0x0000000744500000| Untracked 
|  70|0x0000000744600000, 0x00000007446fffd8, 0x0000000744700000| 99%| O|  |TAMS 0x00000007446fffd8, 0x0000000744600000| Untracked 
|  71|0x0000000744700000, 0x0000000744800000, 0x0000000744800000|100%| O|  |TAMS 0x0000000744800000, 0x0000000744700000| Untracked 
|  72|0x0000000744800000, 0x00000007448fffe8, 0x0000000744900000| 99%| O|  |TAMS 0x00000007448fffe8, 0x0000000744800000| Untracked 
|  73|0x0000000744900000, 0x0000000744a00000, 0x0000000744a00000|100%| O|  |TAMS 0x0000000744a00000, 0x0000000744900000| Untracked 
|  74|0x0000000744a00000, 0x0000000744affff0, 0x0000000744b00000| 99%| O|  |TAMS 0x0000000744affff0, 0x0000000744a00000| Untracked 
|  75|0x0000000744b00000, 0x0000000744bffff8, 0x0000000744c00000| 99%| O|  |TAMS 0x0000000744bffff8, 0x0000000744b00000| Untracked 
|  76|0x0000000744c00000, 0x0000000744d00000, 0x0000000744d00000|100%| O|  |TAMS 0x0000000744d00000, 0x0000000744c00000| Untracked 
|  77|0x0000000744d00000, 0x0000000744dffff8, 0x0000000744e00000| 99%| O|  |TAMS 0x0000000744dffff8, 0x0000000744d00000| Untracked 
|  78|0x0000000744e00000, 0x0000000744f00000, 0x0000000744f00000|100%| O|  |TAMS 0x0000000744f00000, 0x0000000744e00000| Untracked 
|  79|0x0000000744f00000, 0x0000000744fffff8, 0x0000000745000000| 99%| O|  |TAMS 0x0000000744fffff8, 0x0000000744f00000| Untracked 
|  80|0x0000000745000000, 0x00000007450ffff0, 0x0000000745100000| 99%| O|  |TAMS 0x00000007450ffff0, 0x0000000745000000| Untracked 
|  81|0x0000000745100000, 0x00000007451fffd8, 0x0000000745200000| 99%| O|  |TAMS 0x00000007451fffd8, 0x0000000745100000| Untracked 
|  82|0x0000000745200000, 0x00000007452fffe0, 0x0000000745300000| 99%| O|  |TAMS 0x00000007452fffe0, 0x0000000745200000| Untracked 
|  83|0x0000000745300000, 0x0000000745400000, 0x0000000745400000|100%| O|  |TAMS 0x0000000745400000, 0x0000000745300000| Untracked 
|  84|0x0000000745400000, 0x00000007454ffec0, 0x0000000745500000| 99%| O|  |TAMS 0x00000007454ffec0, 0x0000000745400000| Untracked 
|  85|0x0000000745500000, 0x0000000745600000, 0x0000000745600000|100%| O|  |TAMS 0x0000000745600000, 0x0000000745500000| Untracked 
|  86|0x0000000745600000, 0x0000000745700000, 0x0000000745700000|100%| O|  |TAMS 0x0000000745700000, 0x0000000745600000| Untracked 
|  87|0x0000000745700000, 0x00000007457ffff0, 0x0000000745800000| 99%| O|  |TAMS 0x00000007457ffff0, 0x0000000745700000| Untracked 
|  88|0x0000000745800000, 0x00000007458ffff0, 0x0000000745900000| 99%| O|  |TAMS 0x00000007458ffff0, 0x0000000745800000| Untracked 
|  89|0x0000000745900000, 0x00000007459fffd0, 0x0000000745a00000| 99%| O|  |TAMS 0x00000007459fffd0, 0x0000000745900000| Untracked 
|  90|0x0000000745a00000, 0x0000000745affff0, 0x0000000745b00000| 99%| O|  |TAMS 0x0000000745affff0, 0x0000000745a00000| Untracked 
|  91|0x0000000745b00000, 0x0000000745bffff0, 0x0000000745c00000| 99%| O|  |TAMS 0x0000000745bffff0, 0x0000000745b00000| Untracked 
|  92|0x0000000745c00000, 0x0000000745d00000, 0x0000000745d00000|100%| O|  |TAMS 0x0000000745d00000, 0x0000000745c00000| Untracked 
|  93|0x0000000745d00000, 0x0000000745dffff8, 0x0000000745e00000| 99%| O|  |TAMS 0x0000000745dffff8, 0x0000000745d00000| Untracked 
|  94|0x0000000745e00000, 0x0000000745f00000, 0x0000000745f00000|100%| O|  |TAMS 0x0000000745f00000, 0x0000000745e00000| Untracked 
|  95|0x0000000745f00000, 0x0000000745ffff50, 0x0000000746000000| 99%| O|  |TAMS 0x0000000745ffff50, 0x0000000745f00000| Untracked 
|  96|0x0000000746000000, 0x00000007460fffe8, 0x0000000746100000| 99%| O|  |TAMS 0x00000007460fffe8, 0x0000000746000000| Untracked 
|  97|0x0000000746100000, 0x00000007461ffff8, 0x0000000746200000| 99%| O|  |TAMS 0x00000007461ffff8, 0x0000000746100000| Untracked 
|  98|0x0000000746200000, 0x00000007462fffe0, 0x0000000746300000| 99%| O|  |TAMS 0x00000007462fffe0, 0x0000000746200000| Untracked 
|  99|0x0000000746300000, 0x00000007463ffff8, 0x0000000746400000| 99%| O|  |TAMS 0x00000007463ffff8, 0x0000000746300000| Untracked 
| 100|0x0000000746400000, 0x0000000746500000, 0x0000000746500000|100%| O|  |TAMS 0x0000000746500000, 0x0000000746400000| Untracked 
| 101|0x0000000746500000, 0x00000007465fffe0, 0x0000000746600000| 99%| O|  |TAMS 0x00000007465fffe0, 0x0000000746500000| Untracked 
| 102|0x0000000746600000, 0x00000007466ffff0, 0x0000000746700000| 99%| O|  |TAMS 0x00000007466ffff0, 0x0000000746600000| Untracked 
| 103|0x0000000746700000, 0x0000000746800000, 0x0000000746800000|100%| O|  |TAMS 0x0000000746800000, 0x0000000746700000| Untracked 
| 104|0x0000000746800000, 0x0000000746900000, 0x0000000746900000|100%| O|  |TAMS 0x0000000746900000, 0x0000000746800000| Untracked 
| 105|0x0000000746900000, 0x00000007469ffff8, 0x0000000746a00000| 99%| O|  |TAMS 0x00000007469ffff8, 0x0000000746900000| Untracked 
| 106|0x0000000746a00000, 0x0000000746affff0, 0x0000000746b00000| 99%| O|  |TAMS 0x0000000746affff0, 0x0000000746a00000| Untracked 
| 107|0x0000000746b00000, 0x0000000746c00000, 0x0000000746c00000|100%| O|  |TAMS 0x0000000746c00000, 0x0000000746b00000| Untracked 
| 108|0x0000000746c00000, 0x0000000746d00000, 0x0000000746d00000|100%| O|  |TAMS 0x0000000746d00000, 0x0000000746c00000| Untracked 
| 109|0x0000000746d00000, 0x0000000746dfffe8, 0x0000000746e00000| 99%| O|  |TAMS 0x0000000746dfffe8, 0x0000000746d00000| Untracked 
| 110|0x0000000746e00000, 0x0000000746efffe8, 0x0000000746f00000| 99%| O|  |TAMS 0x0000000746efffe8, 0x0000000746e00000| Untracked 
| 111|0x0000000746f00000, 0x0000000746ffffe8, 0x0000000747000000| 99%| O|  |TAMS 0x0000000746ffffe8, 0x0000000746f00000| Untracked 
| 112|0x0000000747000000, 0x00000007470fffd8, 0x0000000747100000| 99%| O|  |TAMS 0x00000007470fffd8, 0x0000000747000000| Untracked 
| 113|0x0000000747100000, 0x0000000747200000, 0x0000000747200000|100%| O|  |TAMS 0x0000000747200000, 0x0000000747100000| Untracked 
| 114|0x0000000747200000, 0x00000007472ffff0, 0x0000000747300000| 99%| O|  |TAMS 0x00000007472ffff0, 0x0000000747200000| Untracked 
| 115|0x0000000747300000, 0x0000000747400000, 0x0000000747400000|100%| O|  |TAMS 0x0000000747400000, 0x0000000747300000| Untracked 
| 116|0x0000000747400000, 0x00000007474ffff0, 0x0000000747500000| 99%| O|  |TAMS 0x00000007474ffff0, 0x0000000747400000| Untracked 
| 117|0x0000000747500000, 0x00000007475ffff8, 0x0000000747600000| 99%| O|  |TAMS 0x00000007475ffff8, 0x0000000747500000| Untracked 
| 118|0x0000000747600000, 0x00000007476ffb40, 0x0000000747700000| 99%| O|  |TAMS 0x00000007476ffb40, 0x0000000747600000| Untracked 
| 119|0x0000000747700000, 0x00000007477ffff8, 0x0000000747800000| 99%| O|  |TAMS 0x00000007477ffff8, 0x0000000747700000| Untracked 
| 120|0x0000000747800000, 0x00000007478ffff0, 0x0000000747900000| 99%| O|  |TAMS 0x00000007478ffff0, 0x0000000747800000| Untracked 
| 121|0x0000000747900000, 0x00000007479fff40, 0x0000000747a00000| 99%| O|  |TAMS 0x00000007479fff40, 0x0000000747900000| Untracked 
| 122|0x0000000747a00000, 0x0000000747b00000, 0x0000000747b00000|100%| O|  |TAMS 0x0000000747b00000, 0x0000000747a00000| Untracked 
| 123|0x0000000747b00000, 0x0000000747c00000, 0x0000000747c00000|100%| O|  |TAMS 0x0000000747c00000, 0x0000000747b00000| Untracked 
| 124|0x0000000747c00000, 0x0000000747cffff8, 0x0000000747d00000| 99%| O|  |TAMS 0x0000000747cffff8, 0x0000000747c00000| Untracked 
| 125|0x0000000747d00000, 0x0000000747dfff10, 0x0000000747e00000| 99%| O|  |TAMS 0x0000000747dfff10, 0x0000000747d00000| Untracked 
| 126|0x0000000747e00000, 0x0000000747effff8, 0x0000000747f00000| 99%| O|  |TAMS 0x0000000747effff8, 0x0000000747e00000| Untracked 
| 127|0x0000000747f00000, 0x0000000747fffff0, 0x0000000748000000| 99%| O|  |TAMS 0x0000000747fffff0, 0x0000000747f00000| Untracked 
| 128|0x0000000748000000, 0x00000007480ffff8, 0x0000000748100000| 99%| O|  |TAMS 0x00000007480ffff8, 0x0000000748000000| Untracked 
| 129|0x0000000748100000, 0x00000007481ffff8, 0x0000000748200000| 99%| O|  |TAMS 0x00000007481ffff8, 0x0000000748100000| Untracked 
| 130|0x0000000748200000, 0x00000007482fffe8, 0x0000000748300000| 99%| O|  |TAMS 0x00000007482fffe8, 0x0000000748200000| Untracked 
| 131|0x0000000748300000, 0x00000007483e68d0, 0x0000000748400000| 90%| O|  |TAMS 0x00000007483e68d0, 0x0000000748300000| Untracked 
| 132|0x0000000748400000, 0x00000007484c3230, 0x0000000748500000| 76%| O|  |TAMS 0x00000007484c3230, 0x0000000748400000| Untracked 
| 133|0x0000000748500000, 0x00000007485c80c0, 0x0000000748600000| 78%| O|  |TAMS 0x00000007485c80c0, 0x0000000748500000| Untracked 
| 134|0x0000000748600000, 0x000000074866a4b8, 0x0000000748700000| 41%| O|  |TAMS 0x000000074866a4b8, 0x0000000748600000| Untracked 
| 135|0x0000000748700000, 0x0000000748700000, 0x0000000748800000|  0%| F|  |TAMS 0x0000000748700000, 0x0000000748700000| Untracked 
| 136|0x0000000748800000, 0x0000000748800000, 0x0000000748900000|  0%| F|  |TAMS 0x0000000748800000, 0x0000000748800000| Untracked 
| 137|0x0000000748900000, 0x0000000748913360, 0x0000000748a00000|  7%| O|  |TAMS 0x0000000748913360, 0x0000000748900000| Untracked 
| 138|0x0000000748a00000, 0x0000000748a00000, 0x0000000748b00000|  0%| F|  |TAMS 0x0000000748a00000, 0x0000000748a00000| Untracked 
| 139|0x0000000748b00000, 0x0000000748b00000, 0x0000000748c00000|  0%| F|  |TAMS 0x0000000748b00000, 0x0000000748b00000| Untracked 
| 140|0x0000000748c00000, 0x0000000748c00000, 0x0000000748d00000|  0%| F|  |TAMS 0x0000000748c00000, 0x0000000748c00000| Untracked 
| 141|0x0000000748d00000, 0x0000000748d00000, 0x0000000748e00000|  0%| F|  |TAMS 0x0000000748d00000, 0x0000000748d00000| Untracked 
| 142|0x0000000748e00000, 0x0000000748e00000, 0x0000000748f00000|  0%| F|  |TAMS 0x0000000748e00000, 0x0000000748e00000| Untracked 
| 143|0x0000000748f00000, 0x0000000748f00000, 0x0000000749000000|  0%| F|  |TAMS 0x0000000748f00000, 0x0000000748f00000| Untracked 
| 144|0x0000000749000000, 0x0000000749100000, 0x0000000749100000|100%|HS|  |TAMS 0x0000000749100000, 0x0000000749000000| Complete 
| 145|0x0000000749100000, 0x0000000749200000, 0x0000000749200000|100%|HC|  |TAMS 0x0000000749200000, 0x0000000749100000| Complete 
| 146|0x0000000749200000, 0x0000000749300000, 0x0000000749300000|100%|HC|  |TAMS 0x0000000749300000, 0x0000000749200000| Complete 
| 147|0x0000000749300000, 0x0000000749400000, 0x0000000749400000|100%|HC|  |TAMS 0x0000000749400000, 0x0000000749300000| Complete 
| 148|0x0000000749400000, 0x0000000749500000, 0x0000000749500000|100%|HC|  |TAMS 0x0000000749500000, 0x0000000749400000| Complete 
| 149|0x0000000749500000, 0x0000000749500000, 0x0000000749600000|  0%| F|  |TAMS 0x0000000749500000, 0x0000000749500000| Untracked 
| 150|0x0000000749600000, 0x0000000749600000, 0x0000000749700000|  0%| F|  |TAMS 0x0000000749600000, 0x0000000749600000| Untracked 
| 151|0x0000000749700000, 0x000000074970cc18, 0x0000000749800000|  4%| O|  |TAMS 0x000000074970cc18, 0x0000000749700000| Untracked 
| 152|0x0000000749800000, 0x0000000749800000, 0x0000000749900000|  0%| F|  |TAMS 0x0000000749800000, 0x0000000749800000| Untracked 
| 153|0x0000000749900000, 0x0000000749900000, 0x0000000749a00000|  0%| F|  |TAMS 0x0000000749900000, 0x0000000749900000| Untracked 
| 154|0x0000000749a00000, 0x0000000749a00000, 0x0000000749b00000|  0%| F|  |TAMS 0x0000000749a00000, 0x0000000749a00000| Untracked 
| 155|0x0000000749b00000, 0x0000000749b00000, 0x0000000749c00000|  0%| F|  |TAMS 0x0000000749b00000, 0x0000000749b00000| Untracked 
| 156|0x0000000749c00000, 0x0000000749c00000, 0x0000000749d00000|  0%| F|  |TAMS 0x0000000749c00000, 0x0000000749c00000| Untracked 
| 157|0x0000000749d00000, 0x0000000749d00000, 0x0000000749e00000|  0%| F|  |TAMS 0x0000000749d00000, 0x0000000749d00000| Untracked 
| 158|0x0000000749e00000, 0x0000000749e00000, 0x0000000749f00000|  0%| F|  |TAMS 0x0000000749e00000, 0x0000000749e00000| Untracked 
| 159|0x0000000749f00000, 0x0000000749f00000, 0x000000074a000000|  0%| F|  |TAMS 0x0000000749f00000, 0x0000000749f00000| Untracked 
| 160|0x000000074a000000, 0x000000074a000000, 0x000000074a100000|  0%| F|  |TAMS 0x000000074a000000, 0x000000074a000000| Untracked 
| 161|0x000000074a100000, 0x000000074a100000, 0x000000074a200000|  0%| F|  |TAMS 0x000000074a100000, 0x000000074a100000| Untracked 
| 162|0x000000074a200000, 0x000000074a200000, 0x000000074a300000|  0%| F|  |TAMS 0x000000074a200000, 0x000000074a200000| Untracked 
| 163|0x000000074a300000, 0x000000074a300000, 0x000000074a400000|  0%| F|  |TAMS 0x000000074a300000, 0x000000074a300000| Untracked 
| 164|0x000000074a400000, 0x000000074a400000, 0x000000074a500000|  0%| F|  |TAMS 0x000000074a400000, 0x000000074a400000| Untracked 
| 165|0x000000074a500000, 0x000000074a500000, 0x000000074a600000|  0%| F|  |TAMS 0x000000074a500000, 0x000000074a500000| Untracked 
| 166|0x000000074a600000, 0x000000074a600000, 0x000000074a700000|  0%| F|  |TAMS 0x000000074a600000, 0x000000074a600000| Untracked 
| 167|0x000000074a700000, 0x000000074a700000, 0x000000074a800000|  0%| F|  |TAMS 0x000000074a700000, 0x000000074a700000| Untracked 
| 168|0x000000074a800000, 0x000000074a800000, 0x000000074a900000|  0%| F|  |TAMS 0x000000074a800000, 0x000000074a800000| Untracked 
| 169|0x000000074a900000, 0x000000074a900000, 0x000000074aa00000|  0%| F|  |TAMS 0x000000074a900000, 0x000000074a900000| Untracked 
| 170|0x000000074aa00000, 0x000000074aa00000, 0x000000074ab00000|  0%| F|  |TAMS 0x000000074aa00000, 0x000000074aa00000| Untracked 
| 171|0x000000074ab00000, 0x000000074ab00000, 0x000000074ac00000|  0%| F|  |TAMS 0x000000074ab00000, 0x000000074ab00000| Untracked 
| 172|0x000000074ac00000, 0x000000074ac00000, 0x000000074ad00000|  0%| F|  |TAMS 0x000000074ac00000, 0x000000074ac00000| Untracked 
| 173|0x000000074ad00000, 0x000000074ad00000, 0x000000074ae00000|  0%| F|  |TAMS 0x000000074ad00000, 0x000000074ad00000| Untracked 
| 174|0x000000074ae00000, 0x000000074ae00000, 0x000000074af00000|  0%| F|  |TAMS 0x000000074ae00000, 0x000000074ae00000| Untracked 
| 175|0x000000074af00000, 0x000000074af00000, 0x000000074b000000|  0%| F|  |TAMS 0x000000074af00000, 0x000000074af00000| Untracked 
| 176|0x000000074b000000, 0x000000074b071160, 0x000000074b100000| 44%| S|CS|TAMS 0x000000074b000000, 0x000000074b000000| Complete 
| 177|0x000000074b100000, 0x000000074b100000, 0x000000074b200000|  0%| F|  |TAMS 0x000000074b100000, 0x000000074b100000| Untracked 
| 178|0x000000074b200000, 0x000000074b300000, 0x000000074b300000|100%| S|CS|TAMS 0x000000074b200000, 0x000000074b200000| Complete 
| 179|0x000000074b300000, 0x000000074b300000, 0x000000074b400000|  0%| F|  |TAMS 0x000000074b300000, 0x000000074b300000| Untracked 
| 180|0x000000074b400000, 0x000000074b400000, 0x000000074b500000|  0%| F|  |TAMS 0x000000074b400000, 0x000000074b400000| Untracked 
| 181|0x000000074b500000, 0x000000074b500000, 0x000000074b600000|  0%| F|  |TAMS 0x000000074b500000, 0x000000074b500000| Untracked 
| 182|0x000000074b600000, 0x000000074b600000, 0x000000074b700000|  0%| F|  |TAMS 0x000000074b600000, 0x000000074b600000| Untracked 
| 183|0x000000074b700000, 0x000000074b700000, 0x000000074b800000|  0%| F|  |TAMS 0x000000074b700000, 0x000000074b700000| Untracked 
| 184|0x000000074b800000, 0x000000074b800000, 0x000000074b900000|  0%| F|  |TAMS 0x000000074b800000, 0x000000074b800000| Untracked 
| 185|0x000000074b900000, 0x000000074b900000, 0x000000074ba00000|  0%| F|  |TAMS 0x000000074b900000, 0x000000074b900000| Untracked 
| 186|0x000000074ba00000, 0x000000074ba00000, 0x000000074bb00000|  0%| F|  |TAMS 0x000000074ba00000, 0x000000074ba00000| Untracked 
| 187|0x000000074bb00000, 0x000000074bb00000, 0x000000074bc00000|  0%| F|  |TAMS 0x000000074bb00000, 0x000000074bb00000| Untracked 
| 188|0x000000074bc00000, 0x000000074bc00000, 0x000000074bd00000|  0%| F|  |TAMS 0x000000074bc00000, 0x000000074bc00000| Untracked 
| 189|0x000000074bd00000, 0x000000074bd00000, 0x000000074be00000|  0%| F|  |TAMS 0x000000074bd00000, 0x000000074bd00000| Untracked 
| 190|0x000000074be00000, 0x000000074be00000, 0x000000074bf00000|  0%| F|  |TAMS 0x000000074be00000, 0x000000074be00000| Untracked 
| 191|0x000000074bf00000, 0x000000074bf00000, 0x000000074c000000|  0%| F|  |TAMS 0x000000074bf00000, 0x000000074bf00000| Untracked 
| 192|0x000000074c000000, 0x000000074c000000, 0x000000074c100000|  0%| F|  |TAMS 0x000000074c000000, 0x000000074c000000| Untracked 
| 193|0x000000074c100000, 0x000000074c100000, 0x000000074c200000|  0%| F|  |TAMS 0x000000074c100000, 0x000000074c100000| Untracked 
| 194|0x000000074c200000, 0x000000074c200000, 0x000000074c300000|  0%| F|  |TAMS 0x000000074c200000, 0x000000074c200000| Untracked 
| 195|0x000000074c300000, 0x000000074c300000, 0x000000074c400000|  0%| F|  |TAMS 0x000000074c300000, 0x000000074c300000| Untracked 
| 196|0x000000074c400000, 0x000000074c400000, 0x000000074c500000|  0%| F|  |TAMS 0x000000074c400000, 0x000000074c400000| Untracked 
| 197|0x000000074c500000, 0x000000074c500000, 0x000000074c600000|  0%| F|  |TAMS 0x000000074c500000, 0x000000074c500000| Untracked 
| 198|0x000000074c600000, 0x000000074c600000, 0x000000074c700000|  0%| F|  |TAMS 0x000000074c600000, 0x000000074c600000| Untracked 
| 199|0x000000074c700000, 0x000000074c700000, 0x000000074c800000|  0%| F|  |TAMS 0x000000074c700000, 0x000000074c700000| Untracked 
| 200|0x000000074c800000, 0x000000074c800000, 0x000000074c900000|  0%| F|  |TAMS 0x000000074c800000, 0x000000074c800000| Untracked 
| 201|0x000000074c900000, 0x000000074c900000, 0x000000074ca00000|  0%| F|  |TAMS 0x000000074c900000, 0x000000074c900000| Untracked 
| 202|0x000000074ca00000, 0x000000074ca00000, 0x000000074cb00000|  0%| F|  |TAMS 0x000000074ca00000, 0x000000074ca00000| Untracked 
| 203|0x000000074cb00000, 0x000000074cb00000, 0x000000074cc00000|  0%| F|  |TAMS 0x000000074cb00000, 0x000000074cb00000| Untracked 
| 204|0x000000074cc00000, 0x000000074cc00000, 0x000000074cd00000|  0%| F|  |TAMS 0x000000074cc00000, 0x000000074cc00000| Untracked 
| 205|0x000000074cd00000, 0x000000074cd00000, 0x000000074ce00000|  0%| F|  |TAMS 0x000000074cd00000, 0x000000074cd00000| Untracked 
| 206|0x000000074ce00000, 0x000000074ce00000, 0x000000074cf00000|  0%| F|  |TAMS 0x000000074ce00000, 0x000000074ce00000| Untracked 
| 207|0x000000074cf00000, 0x000000074cf8fed8, 0x000000074d000000| 56%| E|  |TAMS 0x000000074cf00000, 0x000000074cf00000| Complete 
| 208|0x000000074d000000, 0x000000074d00cc68, 0x000000074d100000|  4%| O|  |TAMS 0x000000074d00cc68, 0x000000074d000000| Untracked 
| 209|0x000000074d100000, 0x000000074d200000, 0x000000074d200000|100%| E|CS|TAMS 0x000000074d100000, 0x000000074d100000| Complete 
| 210|0x000000074d200000, 0x000000074d300000, 0x000000074d300000|100%| E|CS|TAMS 0x000000074d200000, 0x000000074d200000| Complete 
| 211|0x000000074d300000, 0x000000074d400000, 0x000000074d400000|100%| E|CS|TAMS 0x000000074d300000, 0x000000074d300000| Complete 
| 212|0x000000074d400000, 0x000000074d500000, 0x000000074d500000|100%| E|CS|TAMS 0x000000074d400000, 0x000000074d400000| Complete 
| 213|0x000000074d500000, 0x000000074d600000, 0x000000074d600000|100%| E|CS|TAMS 0x000000074d500000, 0x000000074d500000| Complete 
| 214|0x000000074d600000, 0x000000074d700000, 0x000000074d700000|100%| E|CS|TAMS 0x000000074d600000, 0x000000074d600000| Complete 
| 215|0x000000074d700000, 0x000000074d800000, 0x000000074d800000|100%| E|CS|TAMS 0x000000074d700000, 0x000000074d700000| Complete 
| 216|0x000000074d800000, 0x000000074d900000, 0x000000074d900000|100%| E|CS|TAMS 0x000000074d800000, 0x000000074d800000| Complete 
| 217|0x000000074d900000, 0x000000074da00000, 0x000000074da00000|100%| E|CS|TAMS 0x000000074d900000, 0x000000074d900000| Complete 
| 218|0x000000074da00000, 0x000000074db00000, 0x000000074db00000|100%| E|CS|TAMS 0x000000074da00000, 0x000000074da00000| Complete 
| 219|0x000000074db00000, 0x000000074dc00000, 0x000000074dc00000|100%| E|CS|TAMS 0x000000074db00000, 0x000000074db00000| Complete 
| 220|0x000000074dc00000, 0x000000074dd00000, 0x000000074dd00000|100%| E|CS|TAMS 0x000000074dc00000, 0x000000074dc00000| Complete 
| 221|0x000000074dd00000, 0x000000074de00000, 0x000000074de00000|100%| E|CS|TAMS 0x000000074dd00000, 0x000000074dd00000| Complete 
| 222|0x000000074de00000, 0x000000074df00000, 0x000000074df00000|100%| E|CS|TAMS 0x000000074de00000, 0x000000074de00000| Complete 
| 223|0x000000074df00000, 0x000000074e000000, 0x000000074e000000|100%| E|CS|TAMS 0x000000074df00000, 0x000000074df00000| Complete 
| 224|0x000000074e000000, 0x000000074e100000, 0x000000074e100000|100%| E|CS|TAMS 0x000000074e000000, 0x000000074e000000| Complete 
| 225|0x000000074e100000, 0x000000074e200000, 0x000000074e200000|100%| E|CS|TAMS 0x000000074e100000, 0x000000074e100000| Complete 
| 226|0x000000074e200000, 0x000000074e300000, 0x000000074e300000|100%| E|CS|TAMS 0x000000074e200000, 0x000000074e200000| Complete 
| 227|0x000000074e300000, 0x000000074e400000, 0x000000074e400000|100%| E|CS|TAMS 0x000000074e300000, 0x000000074e300000| Complete 
| 228|0x000000074e400000, 0x000000074e500000, 0x000000074e500000|100%| E|CS|TAMS 0x000000074e400000, 0x000000074e400000| Complete 
| 229|0x000000074e500000, 0x000000074e600000, 0x000000074e600000|100%| E|CS|TAMS 0x000000074e500000, 0x000000074e500000| Complete 
| 230|0x000000074e600000, 0x000000074e700000, 0x000000074e700000|100%| E|CS|TAMS 0x000000074e600000, 0x000000074e600000| Complete 
| 231|0x000000074e700000, 0x000000074e800000, 0x000000074e800000|100%| E|CS|TAMS 0x000000074e700000, 0x000000074e700000| Complete 
| 232|0x000000074e800000, 0x000000074e801238, 0x000000074e900000|  0%| O|  |TAMS 0x000000074e801238, 0x000000074e800000| Untracked 
| 233|0x000000074e900000, 0x000000074ea00000, 0x000000074ea00000|100%| E|CS|TAMS 0x000000074e900000, 0x000000074e900000| Complete 
| 234|0x000000074ea00000, 0x000000074eb00000, 0x000000074eb00000|100%| E|CS|TAMS 0x000000074ea00000, 0x000000074ea00000| Complete 
| 235|0x000000074eb00000, 0x000000074ec00000, 0x000000074ec00000|100%| E|CS|TAMS 0x000000074eb00000, 0x000000074eb00000| Complete 
| 236|0x000000074ec00000, 0x000000074ed00000, 0x000000074ed00000|100%| E|CS|TAMS 0x000000074ec00000, 0x000000074ec00000| Complete 
| 237|0x000000074ed00000, 0x000000074ee00000, 0x000000074ee00000|100%| E|CS|TAMS 0x000000074ed00000, 0x000000074ed00000| Complete 
| 238|0x000000074ee00000, 0x000000074ef00000, 0x000000074ef00000|100%| E|CS|TAMS 0x000000074ee00000, 0x000000074ee00000| Complete 
| 239|0x000000074ef00000, 0x000000074f000000, 0x000000074f000000|100%| E|CS|TAMS 0x000000074ef00000, 0x000000074ef00000| Complete 

Card table byte_map: [0x0000015f441c0000,0x0000015f447c0000] _byte_map_base: 0x0000015f407c0000

Marking Bits (Prev, Next): (CMBitMap*) 0x0000015f72681fd8, (CMBitMap*) 0x0000015f72682010
 Prev Bits: [0x0000015f44dc0000, 0x0000015f47dc0000)
 Next Bits: [0x0000015f47dc0000, 0x0000015f4adc0000)

Polling page: 0x0000015f312a0000

Metaspace:

Usage:
  Non-class:     95.05 MB capacity,    93.44 MB ( 98%) used,     1.22 MB (  1%) free+waste,   401.13 KB ( <1%) overhead. 
      Class:     16.67 MB capacity,    15.37 MB ( 92%) used,     1.11 MB (  7%) free+waste,   193.81 KB (  1%) overhead. 
       Both:    111.72 MB capacity,   108.81 MB ( 97%) used,     2.33 MB (  2%) free+waste,   594.94 KB ( <1%) overhead. 

Virtual space:
  Non-class space:       96.00 MB reserved,      95.08 MB (>99%) committed 
      Class space:        1.00 GB reserved,      16.75 MB (  2%) committed 
             Both:        1.09 GB reserved,     111.83 MB ( 10%) committed 

Chunk freelists:
   Non-Class:  3.88 KB
       Class:  1.63 KB
        Both:  5.50 KB

CodeHeap 'non-profiled nmethods': size=119168Kb used=25527Kb max_used=25527Kb free=93640Kb
 bounds [0x0000015f5da10000, 0x0000015f5f310000, 0x0000015f64e70000]
CodeHeap 'profiled nmethods': size=119168Kb used=55597Kb max_used=55640Kb free=63570Kb
 bounds [0x0000015f565b0000, 0x0000015f59c70000, 0x0000015f5da10000]
CodeHeap 'non-nmethods': size=7424Kb used=1757Kb max_used=3478Kb free=5666Kb
 bounds [0x0000015f55e70000, 0x0000015f56250000, 0x0000015f565b0000]
 total_blobs=38474 nmethods=21189 adapters=1262
 compilation: enabled
              stopped_count=0, restarted_count=0
 full_count=0

Compilation events (10 events):
Event: 654.637 Thread 0x0000015f73747800 nmethod 26565 0x0000015f59c60d90 code [0x0000015f59c61900, 0x0000015f59c69280]
Event: 654.802 Thread 0x0000015f73747800 26566   !   3       com.jidesoft.editor.folding.DefaultFoldingModel$b_::rebuild (429 bytes)
Event: 654.803 Thread 0x0000015f73747800 nmethod 26566 0x0000015f59477590 code [0x0000015f594779c0, 0x0000015f5947aa10]
Event: 656.439 Thread 0x0000015f54853000 26567       4       java.awt.Rectangle::equals (68 bytes)
Event: 656.443 Thread 0x0000015f54853000 nmethod 26567 0x0000015f5f300e10 code [0x0000015f5f300fc0, 0x0000015f5f3011b8]
Event: 656.639 Thread 0x0000015f73747800 26568       3       java.lang.AbstractStringBuilder::appendChars (130 bytes)
Event: 656.639 Thread 0x0000015f73747800 nmethod 26568 0x0000015f5881c710 code [0x0000015f5881c980, 0x0000015f5881d4f0]
Event: 656.703 Thread 0x0000015f73747800 26569       3       ui.utils.q::hTH (4 bytes)
Event: 656.703 Thread 0x0000015f73747800 nmethod 26569 0x0000015f56f80090 code [0x0000015f56f80240, 0x0000015f56f80398]
Event: 657.550 Thread 0x0000015f54853000 26570       4       com.jidesoft.plaf.basic.BasicAutoFilterTableHeaderUIDelegate::paintCell (288 bytes)

GC Heap History (10 events):
Event: 644.599 GC heap before
{Heap before GC invocations=248 (full 24):
 garbage-first heap   total 245760K, used 203722K [0x0000000740000000, 0x0000000800000000)
  region size 1024K, 60 young (61440K), 1 survivors (1024K)
 Metaspace       used 111390K, capacity 114340K, committed 114512K, reserved 1146880K
  class space    used 15741K, capacity 17075K, committed 17152K, reserved 1048576K
}
Event: 644.602 GC heap after
{Heap after GC invocations=249 (full 24):
 garbage-first heap   total 245760K, used 143422K [0x0000000740000000, 0x0000000800000000)
  region size 1024K, 2 young (2048K), 2 survivors (2048K)
 Metaspace       used 111390K, capacity 114340K, committed 114512K, reserved 1146880K
  class space    used 15741K, capacity 17075K, committed 17152K, reserved 1048576K
}
Event: 646.291 GC heap before
{Heap before GC invocations=249 (full 24):
 garbage-first heap   total 245760K, used 202814K [0x0000000740000000, 0x0000000800000000)
  region size 1024K, 60 young (61440K), 2 survivors (2048K)
 Metaspace       used 111392K, capacity 114340K, committed 114512K, reserved 1146880K
  class space    used 15741K, capacity 17075K, committed 17152K, reserved 1048576K
}
Event: 646.294 GC heap after
{Heap after GC invocations=250 (full 24):
 garbage-first heap   total 245760K, used 143572K [0x0000000740000000, 0x0000000800000000)
  region size 1024K, 2 young (2048K), 2 survivors (2048K)
 Metaspace       used 111392K, capacity 114340K, committed 114512K, reserved 1146880K
  class space    used 15741K, capacity 17075K, committed 17152K, reserved 1048576K
}
Event: 648.569 GC heap before
{Heap before GC invocations=251 (full 24):
 garbage-first heap   total 245760K, used 202964K [0x0000000740000000, 0x0000000800000000)
  region size 1024K, 60 young (61440K), 2 survivors (2048K)
 Metaspace       used 111394K, capacity 114340K, committed 114512K, reserved 1146880K
  class space    used 15741K, capacity 17075K, committed 17152K, reserved 1048576K
}
Event: 648.572 GC heap after
{Heap after GC invocations=252 (full 24):
 garbage-first heap   total 245760K, used 143690K [0x0000000740000000, 0x0000000800000000)
  region size 1024K, 2 young (2048K), 2 survivors (2048K)
 Metaspace       used 111394K, capacity 114340K, committed 114512K, reserved 1146880K
  class space    used 15741K, capacity 17075K, committed 17152K, reserved 1048576K
}
Event: 650.146 GC heap before
{Heap before GC invocations=252 (full 24):
 garbage-first heap   total 245760K, used 203082K [0x0000000740000000, 0x0000000800000000)
  region size 1024K, 60 young (61440K), 2 survivors (2048K)
 Metaspace       used 111395K, capacity 114340K, committed 114512K, reserved 1146880K
  class space    used 15741K, capacity 17075K, committed 17152K, reserved 1048576K
}
Event: 650.150 GC heap after
{Heap after GC invocations=253 (full 24):
 garbage-first heap   total 245760K, used 143759K [0x0000000740000000, 0x0000000800000000)
  region size 1024K, 2 young (2048K), 2 survivors (2048K)
 Metaspace       used 111395K, capacity 114340K, committed 114512K, reserved 1146880K
  class space    used 15741K, capacity 17075K, committed 17152K, reserved 1048576K
}
Event: 652.492 GC heap before
{Heap before GC invocations=254 (full 24):
 garbage-first heap   total 245760K, used 203151K [0x0000000740000000, 0x0000000800000000)
  region size 1024K, 60 young (61440K), 2 survivors (2048K)
 Metaspace       used 111412K, capacity 114340K, committed 114512K, reserved 1146880K
  class space    used 15741K, capacity 17075K, committed 17152K, reserved 1048576K
}
Event: 652.494 GC heap after
{Heap after GC invocations=255 (full 24):
 garbage-first heap   total 245760K, used 143846K [0x0000000740000000, 0x0000000800000000)
  region size 1024K, 2 young (2048K), 2 survivors (2048K)
 Metaspace       used 111412K, capacity 114340K, committed 114512K, reserved 1146880K
  class space    used 15741K, capacity 17075K, committed 17152K, reserved 1048576K
}

Deoptimization events (10 events):
Event: 643.258 Thread 0x0000015f4e96a800 Uncommon trap: reason=unstable_if action=reinterpret pc=0x0000015f5da9ebf0 method=java.lang.AbstractStringBuilder.appendChars([CII)V @ 43 c2
Event: 643.259 Thread 0x0000015f4e96a800 Uncommon trap: reason=unstable_if action=reinterpret pc=0x0000015f5dc49e24 method=sun.font.FontUtilities.isComplexText([CII)Z @ 13 c2
Event: 643.259 Thread 0x0000015f4e96a800 Uncommon trap: reason=unstable_if action=reinterpret pc=0x0000015f5e15d93c method=javax.swing.text.AbstractDocument.insertUpdate(Ljavax/swing/text/AbstractDocument$DefaultDocumentEvent;Ljavax/swing/text/AttributeSet;)V @ 82 c2
Event: 643.259 Thread 0x0000015f4e96a800 Uncommon trap: reason=unstable_if action=reinterpret pc=0x0000015f5f0ed384 method=ui.views.U.a.bM.markTokensImpl(BLjavax/swing/text/Segment;I)B @ 91 c2
Event: 643.259 Thread 0x0000015f4e96a800 Uncommon trap: reason=unstable_if action=reinterpret pc=0x0000015f5e091d88 method=sun.font.FontDesignMetrics.charsWidth([CII)I @ 100 c2
Event: 643.261 Thread 0x0000015f4e96a800 Uncommon trap: reason=unstable_if action=reinterpret pc=0x0000015f5dc5d4d4 method=sun.font.FontDesignMetrics.charsWidth([CII)I @ 100 c2
Event: 643.262 Thread 0x0000015f4e96a800 Uncommon trap: reason=unstable_if action=reinterpret pc=0x0000015f5e5676d8 method=sun.font.FontDesignMetrics.charsWidth([CII)I @ 100 c2
Event: 644.843 Thread 0x0000015f4e96a800 Uncommon trap: reason=unstable_if action=reinterpret pc=0x0000015f5de085bc method=java.lang.String.trim()Ljava/lang/String; @ 4 c2
Event: 644.844 Thread 0x0000015f4e96a800 Uncommon trap: reason=unstable_if action=reinterpret pc=0x0000015f5ed4ba50 method=java.lang.AbstractStringBuilder.appendChars([CII)V @ 43 c2
Event: 644.844 Thread 0x0000015f4e96a800 Uncommon trap: reason=unstable_if action=reinterpret pc=0x0000015f5f13fd04 method=java.lang.AbstractStringBuilder.appendChars([CII)V @ 10 c2

Classes redefined (0 events):
No events

Internal exceptions (10 events):
Event: 513.272 Thread 0x0000015f78aee800 Implicit null exception at 0x0000015f5f04caef to 0x0000015f5f04e526
Event: 552.937 Thread 0x0000015f4e96a800 Exception <a 'java/lang/NoSuchMethodError'{0x000000074e7c78f0}: java.lang.invoke.DirectMethodHandle$Holder.invokeSpecial(Ljava/lang/Object;Ljava/lang/Object;IILjava/lang/Object;ILjava/lang/Object;Ljava/lang/Object;)Ljava/lang/Object;> (0x000000074e7c78f0)
Event: 552.937 Thread 0x0000015f4e96a800 Exception <a 'java/lang/NoSuchMethodError'{0x000000074e7cb470}: java.lang.invoke.DelegatingMethodHandle$Holder.reinvoke_L(Ljava/lang/Object;IILjava/lang/Object;ILjava/lang/Object;Ljava/lang/Object;)Ljava/lang/Object;> (0x000000074e7cb470) thrown at [t:/wo
Event: 573.010 Thread 0x0000015f4e96a800 Implicit null exception at 0x0000015f5f1124fc to 0x0000015f5f1126fa
Event: 620.030 Thread 0x0000015f4e96a800 Implicit null exception at 0x0000015f5f173a65 to 0x0000015f5f174776
Event: 620.777 Thread 0x0000015f4e96a800 Implicit null exception at 0x0000015f5ee3bca0 to 0x0000015f5ee3c0e6
Event: 620.777 Thread 0x0000015f4e96a800 Implicit null exception at 0x0000015f5e818d0d to 0x0000015f5e818d7f
Event: 623.555 Thread 0x0000015f4e96a800 Implicit null exception at 0x0000015f5e99a200 to 0x0000015f5e99c72a
Event: 624.422 Thread 0x0000015f4e96a800 Exception <a 'java/lang/NoSuchMethodError'{0x000000074dc85ce0}: java.lang.invoke.DirectMethodHandle$Holder.invokeStaticInit(Ljava/lang/Object;Ljava/lang/Object;)I> (0x000000074dc85ce0) thrown at [t:/workspace/open/src/hotspot/share/interpreter/linkResolve
Event: 624.534 Thread 0x0000015f4e96a800 Implicit null exception at 0x0000015f5f0ae038 to 0x0000015f5f0af276

Events (10 events):
Event: 653.874 Executing VM operation: RevokeBias done
Event: 653.875 Thread 0x0000015f1264e000 Thread exited: 0x0000015f1264e000
Event: 654.040 Thread 0x0000015f1264c800 Thread added: 0x0000015f1264c800
Event: 654.046 Thread 0x0000015f1264c800 Thread exited: 0x0000015f1264c800
Event: 655.050 Thread 0x0000015f1264c800 Thread added: 0x0000015f1264c800
Event: 655.052 Thread 0x0000015f1264c800 Thread exited: 0x0000015f1264c800
Event: 656.050 Thread 0x0000015f1264e000 Thread added: 0x0000015f1264e000
Event: 656.052 Thread 0x0000015f1264e000 Thread exited: 0x0000015f1264e000
Event: 657.051 Thread 0x0000015f12649800 Thread added: 0x0000015f12649800
Event: 657.056 Thread 0x0000015f12649800 Thread exited: 0x0000015f12649800


Dynamic libraries:
0x00007ff7c2b90000 - 0x00007ff7c2bbf000 	C:\Xilinx\Vivado\2020.2\bin\unwrapped\win64.o\vivado.exe
0x00007fffedab0000 - 0x00007fffedcc7000 	C:\Windows\SYSTEM32\ntdll.dll
0x00007fffeb9c0000 - 0x00007fffeba84000 	C:\Windows\System32\KERNEL32.DLL
0x00007fffeaed0000 - 0x00007fffeb276000 	C:\Windows\System32\KERNELBASE.dll
0x00007fffeb280000 - 0x00007fffeb391000 	C:\Windows\System32\ucrtbase.dll
0x00007fffb4e00000 - 0x00007fffb4e8e000 	C:\Windows\SYSTEM32\MSVCP140.dll
0x00007fffd1d80000 - 0x00007fffd1d9b000 	C:\Windows\SYSTEM32\VCRUNTIME140.dll
0x00007fff7ef20000 - 0x00007fff80097000 	C:\Xilinx\Vivado\2020.2\lib\win64.o\librdi_common.dll
0x00007fffe1a60000 - 0x00007fffe1a78000 	C:\Xilinx\Vivado\2020.2\lib\win64.o\librdi_commonmain.dll
0x00007fffe28f0000 - 0x00007fffe2903000 	C:\Xilinx\Vivado\2020.2\lib\win64.o\libboost_signals.dll
0x00007fffec2d0000 - 0x00007fffec47d000 	C:\Windows\System32\USER32.dll
0x00007fffeb4d0000 - 0x00007fffeb4f6000 	C:\Windows\System32\win32u.dll
0x00007fffe5f80000 - 0x00007fffe5f8c000 	C:\Windows\SYSTEM32\VCRUNTIME140_1.dll
0x00007fffecde0000 - 0x00007fffece09000 	C:\Windows\System32\GDI32.dll
0x00007fffeb6f0000 - 0x00007fffeb808000 	C:\Windows\System32\gdi32full.dll
0x00007fffeae30000 - 0x00007fffeaeca000 	C:\Windows\System32\msvcp_win.dll
0x00007fffed970000 - 0x00007fffeda20000 	C:\Windows\System32\ADVAPI32.dll
0x00007fffe15b0000 - 0x00007fffe15c0000 	C:\Xilinx\Vivado\2020.2\lib\win64.o\libboost_date_time.dll
0x00007fff82f50000 - 0x00007fff832be000 	C:\Xilinx\Vivado\2020.2\lib\win64.o\libCOIN-all.dll
0x00007fffed760000 - 0x00007fffed807000 	C:\Windows\System32\msvcrt.dll
0x00007fffeb910000 - 0x00007fffeb9b6000 	C:\Windows\System32\sechost.dll
0x00007fffed020000 - 0x00007fffed137000 	C:\Windows\System32\RPCRT4.dll
0x00007fffe1460000 - 0x00007fffe1482000 	C:\Xilinx\Vivado\2020.2\lib\win64.o\libboost_filesystem.dll
0x00007fffec480000 - 0x00007fffeccd8000 	C:\Windows\System32\SHELL32.dll
0x00007fffd92b0000 - 0x00007fffd9323000 	C:\Xilinx\Vivado\2020.2\lib\win64.o\libboost_program_options.dll
0x00007fffed490000 - 0x00007fffed501000 	C:\Windows\System32\WS2_32.dll
0x00007fffe1a50000 - 0x00007fffe1a59000 	C:\Xilinx\Vivado\2020.2\lib\win64.o\librdi_commonversion.dll
0x00007fffd8860000 - 0x00007fffd8971000 	C:\Xilinx\Vivado\2020.2\lib\win64.o\libboost_regex.dll
0x00007fffcf290000 - 0x00007fffcf429000 	C:\Xilinx\Vivado\2020.2\lib\win64.o\librdi_commonxillic.dll
0x00007fffe14d0000 - 0x00007fffe14d9000 	C:\Xilinx\Vivado\2020.2\lib\win64.o\libboost_system.dll
0x0000000065350000 - 0x000000006547b000 	C:\Xilinx\Vivado\2020.2\lib\win64.o\tcl85t.dll
0x00007fffe1420000 - 0x00007fffe143e000 	C:\Xilinx\Vivado\2020.2\lib\win64.o\libboost_thread.dll
0x00007fffe14c0000 - 0x00007fffe14cc000 	C:\Xilinx\Vivado\2020.2\lib\win64.o\libboost_xilinx.dll
0x00007fffd2cb0000 - 0x00007fffd2d55000 	C:\Xilinx\Vivado\2020.2\lib\win64.o\libhdxml.dll
0x00007fffcf520000 - 0x00007fffcf5a2000 	C:\Xilinx\Vivado\2020.2\lib\win64.o\libhdlpsolve.dll
0x00007fff7e120000 - 0x00007fff7ef12600 	C:\Xilinx\Vivado\2020.2\lib\win64.o\libisl_iostreams.dll
0x00007fffe0fb0000 - 0x00007fffe0fd8000 	C:\Xilinx\Vivado\2020.2\lib\win64.o\libisl_sysinfo.dll
0x00007fffd9380000 - 0x00007fffd93e5000 	C:\Xilinx\Vivado\2020.2\lib\win64.o\liblmx6.0.dll
0x00007fffe1050000 - 0x00007fffe106a000 	C:\Xilinx\Vivado\2020.2\lib\win64.o\pthreadVC2.dll
0x00007fffd9290000 - 0x00007fffd92ac000 	C:\Xilinx\Vivado\2020.2\lib\win64.o\librdiconfig.dll
0x00007fffdcab0000 - 0x00007fffdcad1000 	C:\Xilinx\Vivado\2020.2\lib\win64.o\librdizlib.dll
0x00007fffecd70000 - 0x00007fffecdce000 	C:\Windows\System32\SHLWAPI.dll
0x0000000012000000 - 0x0000000012270000 	C:\Xilinx\Vivado\2020.2\lib\win64.o\xerces-c_3_1.dll
0x00007fffd9630000 - 0x00007fffd9649000 	C:\Windows\SYSTEM32\NETAPI32.dll
0x00007fffbb440000 - 0x00007fffbb934000 	C:\Windows\SYSTEM32\WININET.dll
0x00007fffe6650000 - 0x00007fffe6787000 	C:\Windows\SYSTEM32\WINHTTP.dll
0x00007fffdf0d0000 - 0x00007fffdf2c0000 	C:\Windows\SYSTEM32\urlmon.dll
0x00007fff6d040000 - 0x00007fff6ef57000 	C:\Xilinx\Vivado\2020.2\lib\win64.o\gurobi90.dll
0x00007fffeb500000 - 0x00007fffeb666000 	C:\Windows\System32\CRYPT32.dll
0x00007fffe1520000 - 0x00007fffe1529000 	C:\Windows\SYSTEM32\WSOCK32.dll
0x00007fffd90d0000 - 0x00007fffd9101000 	C:\Windows\SYSTEM32\VCOMP140.DLL
0x00007fffed320000 - 0x00007fffed382000 	C:\Windows\System32\WLDAP32.dll
0x00007fffed810000 - 0x00007fffed818000 	C:\Windows\System32\Normaliz.dll
0x00007fffea7f0000 - 0x00007fffea818000 	C:\Windows\SYSTEM32\bcrypt.dll
0x00007fffcee20000 - 0x00007fffcf0fb000 	C:\Xilinx\Vivado\2020.2\lib\win64.o\libXil_lmgr11.dll
0x00007fffe1450000 - 0x00007fffe145c000 	C:\Xilinx\Vivado\2020.2\lib\win64.o\libboost_chrono.dll
0x00007fffed390000 - 0x00007fffed489000 	C:\Windows\System32\COMDLG32.dll
0x00007fffeba90000 - 0x00007fffebe1a000 	C:\Windows\System32\combase.dll
0x00007fffd90b0000 - 0x00007fffd90c6000 	C:\Xilinx\Vivado\2020.2\lib\win64.o\libboost_iostreams.dll
0x00007fffeb810000 - 0x00007fffeb903000 	C:\Windows\System32\shcore.dll
0x00007fffd8f30000 - 0x00007fffd8f53000 	C:\Xilinx\Vivado\2020.2\lib\win64.o\libisl_iosutils.dll
0x00007fffdec30000 - 0x00007fffdeeec000 	C:\Windows\SYSTEM32\iertutil.dll
0x00007fffecf40000 - 0x00007fffed017000 	C:\Windows\System32\OLEAUT32.dll
0x00007fffed5c0000 - 0x00007fffed75f000 	C:\Windows\System32\ole32.dll
0x00007fffe9960000 - 0x00007fffe996c000 	C:\Windows\SYSTEM32\netutils.dll
0x00007fffdeef0000 - 0x00007fffdef19000 	C:\Windows\SYSTEM32\srvcli.dll
0x00007fffeb3a0000 - 0x00007fffeb40c000 	C:\Windows\System32\WINTRUST.dll
0x00007fffc2d40000 - 0x00007fffc2df3000 	C:\Windows\WinSxS\amd64_microsoft.windows.common-controls_6595b64144ccf1df_5.82.22621.608_none_fb280a3c7926c2cc\COMCTL32.dll
0x00007fffe55b0000 - 0x00007fffe55cf000 	C:\Windows\SYSTEM32\dhcpcsvc.DLL
0x00007fffea3e0000 - 0x00007fffea449000 	C:\Windows\SYSTEM32\MSWSOCK.DLL
0x00007fffeda30000 - 0x00007fffeda61000 	C:\Windows\System32\IMM32.DLL
0x00007fffea690000 - 0x00007fffea6a2000 	C:\Windows\SYSTEM32\MSASN1.dll
0x00007fffe9f00000 - 0x00007fffe9f18000 	C:\Windows\SYSTEM32\kernel.appcore.dll
0x00007fff82a20000 - 0x00007fff82f42000 	C:\Xilinx\Vivado\2020.2\lib\win64.o\librdi_commontasks.dll
0x00007fffe1000000 - 0x00007fffe100a000 	C:\Windows\SYSTEM32\VERSION.dll
0x00007fffc2290000 - 0x00007fffc2565000 	C:\Xilinx\Vivado\2020.2\lib\win64.o\librdi_sio.dll
0x00007fff7d5f0000 - 0x00007fff7e113000 	C:\Xilinx\Vivado\2020.2\tps\win64\jre11.0.2\bin\server\jvm.dll
0x00007fffe9970000 - 0x00007fffe999d000 	C:\Windows\SYSTEM32\IPHLPAPI.DLL
0x00007fffec2c0000 - 0x00007fffec2c8000 	C:\Windows\System32\PSAPI.DLL
0x00007fffe2dd0000 - 0x00007fffe2e04000 	C:\Windows\SYSTEM32\WINMM.dll
0x00007fffe8da0000 - 0x00007fffe9692000 	C:\Windows\SYSTEM32\windows.storage.dll
0x00007fffe8c60000 - 0x00007fffe8d9e000 	C:\Windows\SYSTEM32\wintypes.dll
0x00007fff6a580000 - 0x00007fff6d03e000 	C:\Xilinx\Vivado\2020.2\lib\win64.o\librdi_tcltasks.dll
0x00007fffce2d0000 - 0x00007fffce483000 	C:\Xilinx\Vivado\2020.2\lib\win64.o\librdi_board.dll
0x00007fff7d140000 - 0x00007fff7d5e6000 	C:\Xilinx\Vivado\2020.2\lib\win64.o\librdi_bitstream.dll
0x00007fffcf190000 - 0x00007fffcf286000 	C:\Xilinx\Vivado\2020.2\lib\win64.o\librdi_chipscope.dll
0x00007fffcfd80000 - 0x00007fffcfdfe000 	C:\Xilinx\Vivado\2020.2\lib\win64.o\librdi_boarddep.dll
0x00007fffbea90000 - 0x00007fffbec7a000 	C:\Xilinx\Vivado\2020.2\lib\win64.o\librdi_chipscopeimpl.dll
0x00007fff68750000 - 0x00007fff6a57c000 	C:\Xilinx\Vivado\2020.2\lib\win64.o\librdi_constraints.dll
0x00007fff66390000 - 0x00007fff6874d000 	C:\Xilinx\Vivado\2020.2\lib\win64.o\librdi_coregen.dll
0x00007fffba630000 - 0x00007fffba791000 	C:\Xilinx\Vivado\2020.2\lib\win64.o\librdi_containers.dll
0x00007fff65c70000 - 0x00007fff66388000 	C:\Xilinx\Vivado\2020.2\lib\win64.o\librdi_coregenipxact.dll
0x00007fff4b920000 - 0x00007fff4d681000 	C:\Xilinx\Vivado\2020.2\lib\win64.o\librdi_designutils.dll
0x00007fff4d690000 - 0x00007fff65c6f000 	C:\Xilinx\Vivado\2020.2\lib\win64.o\librdi_device.dll
0x00007fff4b5b0000 - 0x00007fff4b918000 	C:\Xilinx\Vivado\2020.2\lib\win64.o\librdi_dlyest.dll
0x00007fffcf460000 - 0x00007fffcf513000 	C:\Xilinx\Vivado\2020.2\lib\win64.o\librdi_dsp.dll
0x00007fff4af50000 - 0x00007fff4b5ad000 	C:\Xilinx\Vivado\2020.2\lib\win64.o\librdi_drc.dll
0x00007fff4a880000 - 0x00007fff4af42000 	C:\Xilinx\Vivado\2020.2\lib\win64.o\librdi_filemgmt.dll
0x00007fff4a560000 - 0x00007fff4a87d000 	C:\Xilinx\Vivado\2020.2\lib\win64.o\librdi_guitools.dll
0x00007fffcea20000 - 0x00007fffcea8b000 	C:\Xilinx\Vivado\2020.2\lib\win64.o\librdi_hdf.dll
0x00007fffc1090000 - 0x00007fffc11d7000 	C:\Xilinx\Vivado\2020.2\lib\win64.o\librdi_hip_perf_analysis.dll
0x00007fff48980000 - 0x00007fff4a554000 	C:\Xilinx\Vivado\2020.2\lib\win64.o\librdi_implflow.dll
0x00007fff48330000 - 0x00007fff4897c000 	C:\Xilinx\Vivado\2020.2\lib\win64.o\librdi_memdata.dll
0x00007fff7cec0000 - 0x00007fff7d137000 	C:\Xilinx\Vivado\2020.2\lib\win64.o\librdi_hip_devdesign.dll
0x00007fffc2210000 - 0x00007fffc2282000 	C:\Xilinx\Vivado\2020.2\lib\win64.o\librdi_memoryarray.dll
0x00007fff45ee0000 - 0x00007fff48324000 	C:\Xilinx\Vivado\2020.2\lib\win64.o\librdi_mig.dll
0x00007fffd8b30000 - 0x00007fffd8b84000 	C:\Xilinx\Vivado\2020.2\lib\win64.o\librdi_pfi.dll
0x00007fff425a0000 - 0x00007fff457a7000 	C:\Xilinx\Vivado\2020.2\lib\win64.o\librdi_place.dll
0x00007fff457b0000 - 0x00007fff45edc000 	C:\Xilinx\Vivado\2020.2\lib\win64.o\librdi_netlist.dll
0x00007fff42200000 - 0x00007fff4259e000 	C:\Xilinx\Vivado\2020.2\lib\win64.o\librdi_platform.dll
0x00007fff419e0000 - 0x00007fff421f7000 	C:\Xilinx\Vivado\2020.2\lib\win64.o\librdi_power.dll
0x00007fff41360000 - 0x00007fff419d4000 	C:\Xilinx\Vivado\2020.2\lib\win64.o\librdi_project.dll
0x00007fff40c30000 - 0x00007fff41352000 	C:\Xilinx\Vivado\2020.2\lib\win64.o\librdi_psta.dll
0x00007fff3fef0000 - 0x00007fff4041b000 	C:\Xilinx\Vivado\2020.2\lib\win64.o\librdi_runs.dll
0x00007fff40420000 - 0x00007fff40c2c000 	C:\Xilinx\Vivado\2020.2\lib\win64.o\librdi_rsb.dll
0x00007fff3fc70000 - 0x00007fff3fee4000 	C:\Xilinx\Vivado\2020.2\lib\win64.o\librdi_simdata.dll
0x00007fff3ece0000 - 0x00007fff3fc61000 	C:\Xilinx\Vivado\2020.2\lib\win64.o\librdi_timing.dll
0x00007fffc0f30000 - 0x00007fffc1039000 	C:\Xilinx\Vivado\2020.2\lib\win64.o\librdi_runsbase.dll
0x00007fffc0b10000 - 0x00007fffc0bb7000 	C:\Xilinx\Vivado\2020.2\lib\win64.o\librdi_xhubtasks.dll
0x00007fff3eaf0000 - 0x00007fff3ecdb000 	C:\Xilinx\Vivado\2020.2\lib\win64.o\librdi_advchipscopeimpl.dll
0x00007fffb9e80000 - 0x00007fffb9f96000 	C:\Xilinx\Vivado\2020.2\lib\win64.o\librdi_xhub.dll
0x00007fffd8810000 - 0x00007fffd8857000 	C:\Xilinx\Vivado\2020.2\lib\win64.o\libboost_serialization.dll
0x00007fffbef70000 - 0x00007fffbf05b000 	C:\Xilinx\Vivado\2020.2\lib\win64.o\librdi_ipconfig_readwrite.dll
0x00007fffc0aa0000 - 0x00007fffc0b0a000 	C:\Xilinx\Vivado\2020.2\lib\win64.o\librdi_noc_frameworks.dll
0x00007fffce9d0000 - 0x00007fffcea16000 	C:\Xilinx\Vivado\2020.2\lib\win64.o\libboost_graph.dll
0x00007fff9b9e0000 - 0x00007fff9baa6000 	C:\Xilinx\Vivado\2020.2\lib\win64.o\librdi_bda.dll
0x00007fff3e380000 - 0x00007fff3eae7000 	C:\Xilinx\Vivado\2020.2\lib\win64.o\librdi_ippcw.dll
0x00007fff3d820000 - 0x00007fff3e376000 	C:\Xilinx\Vivado\2020.2\lib\win64.o\libverific.dll

dbghelp: loaded successfully - version: 4.0.5 - missing functions: none
symbol engine: initialized successfully - sym options: 0x614 - pdb path: .;C:\Xilinx\Vivado\2020.2\bin\unwrapped\win64.o;C:\Windows\SYSTEM32;C:\Xilinx\Vivado\2020.2\lib\win64.o;C:\Windows\WinSxS\amd64_microsoft.windows.common-controls_6595b64144ccf1df_5.82.22621.608_none_fb280a3c7926c2cc;C:\Xilinx\Vivado\2020.2\tps\win64\jre11.0.2\bin\server;C:\Xilinx\Vivado\2020.2\tps\win64\python-3.8.3;C:\Xilinx\Vivado\2020.2\tps\win64\jre11.0.2\bin;C:\Windows\WinSxS\amd64_microsoft.windows.common-controls_6595b64144ccf1df_6.0.22621.2361_none_2712ced57382f843;C:\Windows\WinSxS\amd64_microsoft.windows.gdiplus_6595b64144ccf1df_1.1.22621.1778_none_57fe2016ce1542ec

VM Arguments:
jvm_args: -Dsun.java2d.pmoffscreen=false -Dhttps.protocols=TLSv1,TLSv1.1,TLSv1.2 -Dsun.java2d.xrender=false -Dsun.java2d.d3d=false -Dsun.awt.nopixfmt=true -Dsun.java2d.dpiaware=true -Dsun.java2d.uiScale.enabled=false -Xverify:none -Dswing.aatext=true -XX:-UsePerfData -Djdk.map.althashing.threshold=512 -XX:StringTableSize=4072 --add-opens=java.base/java.nio=ALL-UNNAMED --add-opens=java.desktop/sun.swing=ALL-UNNAMED --add-opens=java.desktop/javax.swing=ALL-UNNAMED --add-opens=java.desktop/javax.swing.tree=ALL-UNNAMED --add-opens=java.desktop/javax.swing.plaf.basic=ALL-UNNAMED --add-opens=java.desktop/javax.swing.plaf.synth=ALL-UNNAMED --add-opens=java.desktop/com.sun.awt=ALL-UNNAMED -XX:NewSize=60m -XX:MaxNewSize=60m -Xms128m -Xmx3072m -Xss5m 
java_command: <unknown>
java_class_path (initial): C:/Xilinx/Vivado/2020.2\lib\classes\alloy.jar;C:/Xilinx/Vivado/2020.2\lib\classes\ArchiveSummary.jar;C:/Xilinx/Vivado/2020.2\lib\classes\autoesl-models.jar;C:/Xilinx/Vivado/2020.2\lib\classes\autopilot.scelaborator.jar;C:/Xilinx/Vivado/2020.2\lib\classes\autopilot.sourceprocessor.jar;C:/Xilinx/Vivado/2020.2\lib\classes\autopilot.tbprocessor.jar;C:/Xilinx/Vivado/2020.2\lib\classes\batik-anim.jar;C:/Xilinx/Vivado/2020.2\lib\classes\batik-awt-util.jar;C:/Xilinx/Vivado/2020.2\lib\classes\batik-bridge.jar;C:/Xilinx/Vivado/2020.2\lib\classes\batik-codec.jar;C:/Xilinx/Vivado/2020.2\lib\classes\batik-css.jar;C:/Xilinx/Vivado/2020.2\lib\classes\batik-dom.jar;C:/Xilinx/Vivado/2020.2\lib\classes\batik-ext.jar;C:/Xilinx/Vivado/2020.2\lib\classes\batik-gui-util.jar;C:/Xilinx/Vivado/2020.2\lib\classes\batik-gvt.jar;C:/Xilinx/Vivado/2020.2\lib\classes\batik-parser.jar;C:/Xilinx/Vivado/2020.2\lib\classes\batik-script.jar;C:/Xilinx/Vivado/2020.2\lib\classes\batik-svg-dom.jar;C:/Xilinx/Vivado/2020.2\lib\classes\batik-swing.jar;C:/Xilinx/Vivado/2020.2\lib\classes\batik-transcoder.jar;C:/Xilinx/Vivado/2020.2\lib\classes\batik-util.jar;C:/Xilinx/Vivado/2020.2\lib\classes\batik-xml.jar;C:/Xilinx/Vivado/2020.2\lib\classes\com.google.gson_2.8.2.v20180104-1110.jar;C:/Xilinx/Vivado/2020.2\lib\classes\com.google.guava_27.1.0.v20190517-1946.jar;C:/Xilinx/Vivado/2020.2\lib\classes\com.ibm.icu_4.4.2.v20110208.jar;C:/Xilinx/Vivado/2020.2\lib\classes\com.sigasi.hdt.connection_4.9.0.202009050929.jar;C:/Xilinx/Vivado/2020.2\lib\classes\com.sigasi.hdt.epl_4.9.0.202009050929.jar;C:/Xilinx/Vivado/2020.2\lib\classes\com.sigasi.hdt.project_4.9.0.202009050929.jar;C:/Xilinx/Vivado/2020.2\lib\classes\com.sigasi.hdt.readonlyfilesystem_4.9.0.202009050929.jar;C:/Xilinx/Vivado/2020.2\lib\classes\com.sigasi.lcm_4.9.0.202009050929.jar;C:/Xilinx/Vivado/2020.2\lib\classes\com.sigasi.sdk.client_4.9.0.202009050929.jar;C:/Xilinx/Vivado/2020.2\lib\classes\com.xilinx.hls.services.jar;C:/Xili
Launcher Type: generic

[Global flags]
     bool BytecodeVerificationLocal                = false                                     {product} {command line}
     bool BytecodeVerificationRemote               = false                                     {product} {command line}
     intx CICompilerCount                          = 12                                        {product} {ergonomic}
     uint ConcGCThreads                            = 3                                         {product} {ergonomic}
     uint G1ConcRefinementThreads                  = 13                                        {product} {ergonomic}
   size_t G1HeapRegionSize                         = 1048576                                   {product} {ergonomic}
    uintx GCDrainStackTargetSize                   = 64                                        {product} {ergonomic}
   size_t InitialHeapSize                          = 134217728                                 {product} {command line}
   size_t MarkStackSize                            = 4194304                                   {product} {ergonomic}
   size_t MaxHeapSize                              = 3221225472                                {product} {command line}
   size_t MaxNewSize                               = 62914560                                  {product} {command line}
   size_t MinHeapDeltaBytes                        = 1048576                                   {product} {ergonomic}
   size_t NewSize                                  = 62914560                                  {product} {command line}
    uintx NonNMethodCodeHeapSize                   = 7591728                                {pd product} {ergonomic}
    uintx NonProfiledCodeHeapSize                  = 122033256                              {pd product} {ergonomic}
    uintx ProfiledCodeHeapSize                     = 122033256                              {pd product} {ergonomic}
    uintx ReservedCodeCacheSize                    = 251658240                              {pd product} {ergonomic}
     bool SegmentedCodeCache                       = true                                      {product} {ergonomic}
    uintx StringTableSize                          = 4072                                      {product} {command line}
     intx ThreadStackSize                          = 5120                                   {pd product} {command line}
     bool UseCompressedClassPointers               = true                                 {lp64_product} {ergonomic}
     bool UseCompressedOops                        = true                                 {lp64_product} {ergonomic}
     bool UseG1GC                                  = true                                      {product} {ergonomic}
     bool UseLargePagesIndividualAllocation        = false                                  {pd product} {ergonomic}
     bool UsePerfData                              = false                                     {product} {command line}

Logging:
Log output configuration:
 #0: stdout all=warning uptime,level,tags
 #1: stderr all=off uptime,level,tags

Environment Variables:
PATH=C:/Xilinx/Vivado/2020.2\gnuwin\bin;C:/Xilinx/Vivado/2020.2\gnu\microblaze\nt\bin;C:/Xilinx/Vivado/2020.2/bin;C:/Xilinx/Vivado/2020.2/tps/win64/javafx-sdk-11.0.2/lib;C:/Xilinx/Vivado/2020.2/tps/win64/javafx-sdk-11.0.2/bin;C:/Xilinx/Vivado/2020.2/lib/win64.o;C:/Xilinx/Vivado/2020.2/tps/win64/jre11.0.2/bin/server;C:/Xilinx/Vivado/2020.2/tps/win64/jre11.0.2/bin;C:/Xilinx/Vitis/2020.2/bin;C:/Xilinx/Vivado/2020.2/ids_lite/ISE/bin/nt64;C:/Xilinx/Vivado/2020.2/ids_lite/ISE/lib/nt64;C:/Xilinx/Vitis_HLS/2020.2/bin;C:\Windows\system32;C:\Windows;C:\Windows\System32\Wbem;C:\Windows\System32\WindowsPowerShell\v1.0\;C:\Windows\System32\OpenSSH\;C:\Program Files\Bandizip\;C:\Program Files (x86)\Windows Kits\10\Windows Performance Toolkit\;C:\Users\kccistc\AppData\Local\Microsoft\WindowsApps;;C:/Xilinx/Vivado/2020.2\tps\mingw\6.2.0\win64.o\nt\bin;C:/Xilinx/Vivado/2020.2\tps\mingw\6.2.0\win64.o\nt\libexec\gcc\x86_64-w64-mingw32\6.2.0;C:/Xilinx/Vivado/2020.2\tps\win64\python-3.8.3;C:/Xilinx/Vivado/2020.2\tps\win64\python-3.8.3\bin;C:/Xilinx/Vivado/2020.2\tps\win64\python-3.8.3\lib;C:/Xilinx/Vivado/2020.2\tps\win64\python-3.8.3\lib\site-packages
USERNAME=kccistc
OS=Windows_NT
PROCESSOR_IDENTIFIER=Intel64 Family 6 Model 154 Stepping 3, GenuineIntel



---------------  S Y S T E M  ---------------

OS: Windows 10 , 64 bit Build 22621 (10.0.22621.2428)

CPU:total 16 (initial active 16) (8 cores per cpu, 2 threads per core) family 6 model 154 stepping 3, cmov, cx8, fxsr, mmx, sse, sse2, sse3, ssse3, sse4.1, sse4.2, popcnt, avx, avx2, aes, clmul, erms, 3dnowpref, lzcnt, ht, tsc, tscinvbit, bmi1, bmi2, adx, sha, fma

Memory: 4k page, system-wide physical 16066M (4190M free)
TotalPageFile size 32450M (AvailPageFile size 18707M)
current process WorkingSet (physical memory assigned to process): 3338M, peak: 3358M
current process commit charge ("private bytes"): 3477M, peak: 3505M

vm_info: OpenJDK 64-Bit Server VM (11.0.2+9) for windows-amd64 JRE (11.0.2+9), built on Jan 18 2019 05:23:22 by "mach5one" with MS VC++ 15.5 (VS2017)

END.
